#
# A fatal error has been detected by the Java Runtime Environment:
#
#  EXCEPTION_ACCESS_VIOLATION (0xc0000005) at pc=0x00007ffd5f668cf0, pid=13868, tid=7424
#
# JRE version: OpenJDK Runtime Environment (14.0.2+12) (build 14.0.2+12-46)
# Java VM: OpenJDK 64-Bit Server VM (14.0.2+12-46, mixed mode, sharing, tiered, compressed oops, g1 gc, windows-amd64)
# Problematic frame:
# C  [jimgui.dll+0x88cf0]
#
# No core dump will be written. Minidumps are not enabled by default on client versions of Windows
#
# If you would like to submit a bug report, please visit:
#   https://bugreport.java.com/bugreport/crash.jsp
# The crash happened outside the Java Virtual Machine in native code.
# See problematic frame for where to report the bug.
#

---------------  S U M M A R Y ------------

Command Line: -javaagent:C:\Program Files\JetBrains\IntelliJ IDEA Community Edition 2020.2.1\lib\idea_rt.jar=58493:C:\Program Files\JetBrains\IntelliJ IDEA Community Edition 2020.2.1\bin -Dfile.encoding=UTF-8 main

Host: Intel(R) Xeon(R) CPU E3-1505M v6 @ 3.00GHz, 8 cores, 31G,  Windows 10 , 64 bit Build 19041 (10.0.19041.1023)
Time: Sat Jul 10 13:46:33 2021 Eastern Daylight Time elapsed time: 0 seconds (0d 0h 0m 0s)

---------------  T H R E A D  ---------------

Current thread (0x000001877652b800):  JavaThread "main" [_thread_in_native, id=7424, stack(0x0000008305400000,0x0000008305500000)]

Stack: [0x0000008305400000,0x0000008305500000],  sp=0x00000083054ff598,  free space=1021k
Native frames: (J=compiled Java code, j=interpreted, Vv=VM code, C=native code)
C  [jimgui.dll+0x88cf0]

Java frames: (J=compiled Java code, j=interpreted, Vv=VM code)
j  org.ice1000.jimgui.JImGuiFontGen.isLoaded(J)Z+0
j  org.ice1000.jimgui.JImGuiFontGen.isLoaded()Z+4
j  components.GuiConfig.load(Lorg/ice1000/jimgui/JImGui;)Lcomponents/LoadOutput;+67
j  main.render()V+12
j  main.main([Ljava/lang/String;)V+0
v  ~StubRoutines::call_stub

siginfo: EXCEPTION_ACCESS_VIOLATION (0xc0000005), reading address 0x0000000000000040


Register to memory mapping:

RIP=0x00007ffd5f668cf0 jimgui.dll
RAX=0x00007ffd5f668cf0 jimgui.dll
RBX={method} {0x00000187243795e0} 'isLoaded' '(J)Z' in 'org/ice1000/jimgui/JImGuiFontGen'
RCX=0x000001877652bb10 points into unknown readable memory: a0 1a 37 38 fd 7f 00 00
RDX=0x00000083054ff630 is pointing into the stack for thread: 0x000001877652b800
RSP=0x00000083054ff598 is pointing into the stack for thread: 0x000001877652b800
RBP=0x00000083054ff620 is pointing into the stack for thread: 0x000001877652b800
RSI=0x0000000000000019 is an unknown value
RDI=0x0000018700009c90 is at code_begin+1040 in an Interpreter codelet
invoke return entry points  [0x0000018700009880, 0x000001870000a2a0]  2592 bytes
R8 =0x0 is NULL
R9 =0x0000000000000002 is an unknown value
R10=0x000001870000f3e8 is at code_begin+1000 in an Interpreter codelet
method entry point (kind = native)  [0x000001870000f000, 0x000001870000faa0]  2720 bytes
R11=0x000000062191e498 is an oop: java.lang.Class 
{0x000000062191e498} - klass: 'java/lang/Class'
R12=0x0 is NULL
R13={method} {0x00000187243795e0} 'isLoaded' '(J)Z' in 'org/ice1000/jimgui/JImGuiFontGen'
R14=0x00000083054ff648 is pointing into the stack for thread: 0x000001877652b800
R15=0x000001877652b800 is a thread


Registers:
RAX=0x00007ffd5f668cf0, RBX=0x00000187243795d8, RCX=0x000001877652bb10, RDX=0x00000083054ff630
RSP=0x00000083054ff598, RBP=0x00000083054ff620, RSI=0x0000000000000019, RDI=0x0000018700009c90
R8 =0x0000000000000000, R9 =0x0000000000000002, R10=0x000001870000f3e8, R11=0x000000062191e498
R12=0x0000000000000000, R13=0x00000187243795d8, R14=0x00000083054ff648, R15=0x000001877652b800
RIP=0x00007ffd5f668cf0, EFLAGS=0x0000000000010206

Top of Stack: (sp=0x00000083054ff598)
0x00000083054ff598:   000001870000f417 0000018700009c90
0x00000083054ff5a8:   000001870000f112 00000187243795d8
0x00000083054ff5b8:   0000000000000019 0000000000000019
0x00000083054ff5c8:   00000083054ff5c8 000001870000f0b6
0x00000083054ff5d8:   00000083054ff5d8 00000187243795d8
0x00000083054ff5e8:   00000083054ff648 000001872437a020
0x00000083054ff5f8:   0000000000000000 000000062191e498
0x00000083054ff608:   00000187243795d8 0000000000000000
0x00000083054ff618:   00000083054ff640 00000083054ff698
0x00000083054ff628:   0000018700009950 000000062191e498
0x00000083054ff638:   000001870000c380 0000000000000000
0x00000083054ff648:   0000000000000000 00000083054ff650
0x00000083054ff658:   000001872437967c 00000083054ff6a8
0x00000083054ff668:   000001872437a020 0000000000000000
0x00000083054ff678:   000000062191e498 0000018724379698
0x00000083054ff688:   00000083054ff640 00000083054ff6a8 

Instructions: (pc=0x00007ffd5f668cf0)
0x00007ffd5f668bf0:   48 8b c2 8b d1 48 8b c8 e9 03 39 fc ff cc cc cc
0x00007ffd5f668c00:   80 7c 24 28 00 41 8b c1 48 8b 4c 24 30 41 8b d0
0x00007ffd5f668c10:   41 0f 95 c1 44 8b c0 e9 c4 ab fb ff cc cc cc cc
0x00007ffd5f668c20:   49 8b c8 e9 b8 af fb ff cc cc cc cc cc cc cc cc
0x00007ffd5f668c30:   49 8b c8 e9 d8 bc fb ff cc cc cc cc cc cc cc cc
0x00007ffd5f668c40:   f3 41 0f 10 40 64 c3 cc cc cc cc cc cc cc cc cc
0x00007ffd5f668c50:   41 0f b7 40 50 c3 cc cc cc cc cc cc cc cc cc cc
0x00007ffd5f668c60:   49 8b 40 48 48 85 c0 74 05 48 83 c0 58 c3 48 8d
0x00007ffd5f668c70:   05 5b da 02 00 c3 cc cc cc cc cc cc cc cc cc cc
0x00007ffd5f668c80:   f3 41 0f 10 40 68 c3 cc cc cc cc cc cc cc cc cc
0x00007ffd5f668c90:   f3 41 0f 10 40 10 c3 cc cc cc cc cc cc cc cc cc
0x00007ffd5f668ca0:   f3 41 0f 10 40 14 c3 cc cc cc cc cc cc cc cc cc
0x00007ffd5f668cb0:   41 8b 40 6c c3 cc cc cc cc cc cc cc cc cc cc cc
0x00007ffd5f668cc0:   f3 41 0f 10 40 60 c3 cc cc cc cc cc cc cc cc cc
0x00007ffd5f668cd0:   41 8b d0 49 8b c9 e9 05 c4 fb ff cc cc cc cc cc
0x00007ffd5f668ce0:   41 80 78 5c 00 0f 95 c0 c3 cc cc cc cc cc cc cc
0x00007ffd5f668cf0:   49 83 78 40 00 0f 95 c0 c3 cc cc cc cc cc cc cc
0x00007ffd5f668d00:   0f bf 44 24 40 0f 28 d3 f3 0f 10 4c 24 30 49 8b
0x00007ffd5f668d10:   d0 f3 0f 10 44 24 28 48 8b 4c 24 48 89 44 24 30
0x00007ffd5f668d20:   8b 44 24 38 0f 14 c1 66 49 0f 7e c1 89 44 24 28
0x00007ffd5f668d30:   e9 8b 09 fc ff cc cc cc cc cc cc cc cc cc cc cc
0x00007ffd5f668d40:   f3 41 0f 11 58 64 c3 cc cc cc cc cc cc cc cc cc
0x00007ffd5f668d50:   66 45 89 48 50 c3 cc cc cc cc cc cc cc cc cc cc
0x00007ffd5f668d60:   f3 41 0f 11 58 68 c3 cc cc cc cc cc cc cc cc cc
0x00007ffd5f668d70:   45 84 c9 0f 95 c0 41 88 40 5c c3 cc cc cc cc cc
0x00007ffd5f668d80:   f3 41 0f 11 58 10 c3 cc cc cc cc cc cc cc cc cc
0x00007ffd5f668d90:   41 8b d0 49 8b c9 e9 65 37 fc ff cc cc cc cc cc
0x00007ffd5f668da0:   f3 41 0f 11 58 14 c3 cc cc cc cc cc cc cc cc cc
0x00007ffd5f668db0:   45 89 48 6c c3 cc cc cc cc cc cc cc cc cc cc cc
0x00007ffd5f668dc0:   f3 41 0f 11 58 60 c3 cc cc cc cc cc cc cc cc cc
0x00007ffd5f668dd0:   48 83 ec 58 f3 0f 10 84 24 88 00 00 00 41 8b c0
0x00007ffd5f668de0:   f3 0f 10 8c 24 90 00 00 00 44 0f bf c2 48 8d 54 


Stack slot to memory mapping:
stack at sp + 0 slots: 0x000001870000f417 is at code_begin+1047 in an Interpreter codelet
method entry point (kind = native)  [0x000001870000f000, 0x000001870000faa0]  2720 bytes
stack at sp + 1 slots: 0x0000018700009c90 is at code_begin+1040 in an Interpreter codelet
invoke return entry points  [0x0000018700009880, 0x000001870000a2a0]  2592 bytes
stack at sp + 2 slots: 0x000001870000f112 is at code_begin+274 in an Interpreter codelet
method entry point (kind = native)  [0x000001870000f000, 0x000001870000faa0]  2720 bytes
stack at sp + 3 slots: {method} {0x00000187243795e0} 'isLoaded' '(J)Z' in 'org/ice1000/jimgui/JImGuiFontGen'
stack at sp + 4 slots: 0x0000000000000019 is an unknown value
stack at sp + 5 slots: 0x0000000000000019 is an unknown value
stack at sp + 6 slots: 0x00000083054ff5c8 is pointing into the stack for thread: 0x000001877652b800
stack at sp + 7 slots: 0x000001870000f0b6 is at code_begin+182 in an Interpreter codelet
method entry point (kind = native)  [0x000001870000f000, 0x000001870000faa0]  2720 bytes


---------------  P R O C E S S  ---------------

Threads class SMR info:
_java_thread_list=0x000001877fe40940, length=12, elements={
0x000001877652b800, 0x000001877fb9e800, 0x000001877fb9f800, 0x000001877fcd2000,
0x000001877fcd5800, 0x000001877fcd9800, 0x000001877fcda800, 0x000001877fcfd000,
0x000001877fd18000, 0x000001877fe06800, 0x000001877ffad800, 0x000001877ffae000
}

Java Threads: ( => current thread )
=>0x000001877652b800 JavaThread "main" [_thread_in_native, id=7424, stack(0x0000008305400000,0x0000008305500000)]
  0x000001877fb9e800 JavaThread "Reference Handler" daemon [_thread_blocked, id=1752, stack(0x0000008305b00000,0x0000008305c00000)]
  0x000001877fb9f800 JavaThread "Finalizer" daemon [_thread_blocked, id=10192, stack(0x0000008305c00000,0x0000008305d00000)]
  0x000001877fcd2000 JavaThread "Signal Dispatcher" daemon [_thread_blocked, id=9408, stack(0x0000008305d00000,0x0000008305e00000)]
  0x000001877fcd5800 JavaThread "Attach Listener" daemon [_thread_blocked, id=5352, stack(0x0000008305e00000,0x0000008305f00000)]
  0x000001877fcd9800 JavaThread "Service Thread" daemon [_thread_blocked, id=14084, stack(0x0000008305f00000,0x0000008306000000)]
  0x000001877fcda800 JavaThread "C2 CompilerThread0" daemon [_thread_blocked, id=2364, stack(0x0000008306000000,0x0000008306100000)]
  0x000001877fcfd000 JavaThread "C1 CompilerThread0" daemon [_thread_blocked, id=14436, stack(0x0000008306100000,0x0000008306200000)]
  0x000001877fd18000 JavaThread "Sweeper thread" daemon [_thread_blocked, id=84, stack(0x0000008306200000,0x0000008306300000)]
  0x000001877fe06800 JavaThread "Common-Cleaner" daemon [_thread_blocked, id=12372, stack(0x0000008306300000,0x0000008306400000)]
  0x000001877ffad800 JavaThread "Monitor Ctrl-Break" daemon [_thread_in_native, id=17356, stack(0x0000008306500000,0x0000008306600000)]
  0x000001877ffae000 JavaThread "Notification Thread" daemon [_thread_blocked, id=10652, stack(0x0000008306600000,0x0000008306700000)]

Other Threads:
  0x000001877fb98800 VMThread "VM Thread" [stack: 0x0000008305a00000,0x0000008305b00000] [id=16792]
  0x0000018724823000 WatcherThread [stack: 0x0000008306700000,0x0000008306800000] [id=13688]
  0x00000187765ae800 GCTaskThread "GC Thread#0" [stack: 0x0000008305500000,0x0000008305600000] [id=16908]
  0x00000187765d0800 ConcurrentGCThread "G1 Main Marker" [stack: 0x0000008305600000,0x0000008305700000] [id=2512]
  0x00000187765d2800 ConcurrentGCThread "G1 Conc#0" [stack: 0x0000008305700000,0x0000008305800000] [id=14304]
  0x000001877fb26000 ConcurrentGCThread "G1 Refine#0" [stack: 0x0000008305800000,0x0000008305900000] [id=4540]
  0x000001877fb27000 ConcurrentGCThread "G1 Young RemSet Sampling" [stack: 0x0000008305900000,0x0000008305a00000] [id=13628]

Threads with active compile tasks:

VM state:not at safepoint (normal execution)

VM Mutex/Monitor currently owned by a thread: None

Heap address: 0x0000000601c00000, size: 8164 MB, Compressed Oops mode: Zero based, Oop shift amount: 3
Narrow klass base: 0x0000000800000000, Narrow klass shift: 3
Compressed class space size: 1073741824 Address: 0x0000000800b30000

Heap:
 garbage-first heap   total 524288K, used 2048K [0x0000000601c00000, 0x0000000800000000)
  region size 2048K, 2 young (4096K), 0 survivors (0K)
 Metaspace       used 1504K, capacity 4897K, committed 5120K, reserved 1056768K
  class space    used 133K, capacity 440K, committed 512K, reserved 1048576K
Heap Regions: E=young(eden), S=young(survivor), O=old, HS=humongous(starts), HC=humongous(continues), CS=collection set, F=free, OA=open archive, CA=closed archive, TAMS=top-at-mark-start (previous, next)
|   0|0x0000000601c00000, 0x0000000601c00000, 0x0000000601e00000|  0%| F|  |TAMS 0x0000000601c00000, 0x0000000601c00000| Untracked 
|   1|0x0000000601e00000, 0x0000000601e00000, 0x0000000602000000|  0%| F|  |TAMS 0x0000000601e00000, 0x0000000601e00000| Untracked 
|   2|0x0000000602000000, 0x0000000602000000, 0x0000000602200000|  0%| F|  |TAMS 0x0000000602000000, 0x0000000602000000| Untracked 
|   3|0x0000000602200000, 0x0000000602200000, 0x0000000602400000|  0%| F|  |TAMS 0x0000000602200000, 0x0000000602200000| Untracked 
|   4|0x0000000602400000, 0x0000000602400000, 0x0000000602600000|  0%| F|  |TAMS 0x0000000602400000, 0x0000000602400000| Untracked 
|   5|0x0000000602600000, 0x0000000602600000, 0x0000000602800000|  0%| F|  |TAMS 0x0000000602600000, 0x0000000602600000| Untracked 
|   6|0x0000000602800000, 0x0000000602800000, 0x0000000602a00000|  0%| F|  |TAMS 0x0000000602800000, 0x0000000602800000| Untracked 
|   7|0x0000000602a00000, 0x0000000602a00000, 0x0000000602c00000|  0%| F|  |TAMS 0x0000000602a00000, 0x0000000602a00000| Untracked 
|   8|0x0000000602c00000, 0x0000000602c00000, 0x0000000602e00000|  0%| F|  |TAMS 0x0000000602c00000, 0x0000000602c00000| Untracked 
|   9|0x0000000602e00000, 0x0000000602e00000, 0x0000000603000000|  0%| F|  |TAMS 0x0000000602e00000, 0x0000000602e00000| Untracked 
|  10|0x0000000603000000, 0x0000000603000000, 0x0000000603200000|  0%| F|  |TAMS 0x0000000603000000, 0x0000000603000000| Untracked 
|  11|0x0000000603200000, 0x0000000603200000, 0x0000000603400000|  0%| F|  |TAMS 0x0000000603200000, 0x0000000603200000| Untracked 
|  12|0x0000000603400000, 0x0000000603400000, 0x0000000603600000|  0%| F|  |TAMS 0x0000000603400000, 0x0000000603400000| Untracked 
|  13|0x0000000603600000, 0x0000000603600000, 0x0000000603800000|  0%| F|  |TAMS 0x0000000603600000, 0x0000000603600000| Untracked 
|  14|0x0000000603800000, 0x0000000603800000, 0x0000000603a00000|  0%| F|  |TAMS 0x0000000603800000, 0x0000000603800000| Untracked 
|  15|0x0000000603a00000, 0x0000000603a00000, 0x0000000603c00000|  0%| F|  |TAMS 0x0000000603a00000, 0x0000000603a00000| Untracked 
|  16|0x0000000603c00000, 0x0000000603c00000, 0x0000000603e00000|  0%| F|  |TAMS 0x0000000603c00000, 0x0000000603c00000| Untracked 
|  17|0x0000000603e00000, 0x0000000603e00000, 0x0000000604000000|  0%| F|  |TAMS 0x0000000603e00000, 0x0000000603e00000| Untracked 
|  18|0x0000000604000000, 0x0000000604000000, 0x0000000604200000|  0%| F|  |TAMS 0x0000000604000000, 0x0000000604000000| Untracked 
|  19|0x0000000604200000, 0x0000000604200000, 0x0000000604400000|  0%| F|  |TAMS 0x0000000604200000, 0x0000000604200000| Untracked 
|  20|0x0000000604400000, 0x0000000604400000, 0x0000000604600000|  0%| F|  |TAMS 0x0000000604400000, 0x0000000604400000| Untracked 
|  21|0x0000000604600000, 0x0000000604600000, 0x0000000604800000|  0%| F|  |TAMS 0x0000000604600000, 0x0000000604600000| Untracked 
|  22|0x0000000604800000, 0x0000000604800000, 0x0000000604a00000|  0%| F|  |TAMS 0x0000000604800000, 0x0000000604800000| Untracked 
|  23|0x0000000604a00000, 0x0000000604a00000, 0x0000000604c00000|  0%| F|  |TAMS 0x0000000604a00000, 0x0000000604a00000| Untracked 
|  24|0x0000000604c00000, 0x0000000604c00000, 0x0000000604e00000|  0%| F|  |TAMS 0x0000000604c00000, 0x0000000604c00000| Untracked 
|  25|0x0000000604e00000, 0x0000000604e00000, 0x0000000605000000|  0%| F|  |TAMS 0x0000000604e00000, 0x0000000604e00000| Untracked 
|  26|0x0000000605000000, 0x0000000605000000, 0x0000000605200000|  0%| F|  |TAMS 0x0000000605000000, 0x0000000605000000| Untracked 
|  27|0x0000000605200000, 0x0000000605200000, 0x0000000605400000|  0%| F|  |TAMS 0x0000000605200000, 0x0000000605200000| Untracked 
|  28|0x0000000605400000, 0x0000000605400000, 0x0000000605600000|  0%| F|  |TAMS 0x0000000605400000, 0x0000000605400000| Untracked 
|  29|0x0000000605600000, 0x0000000605600000, 0x0000000605800000|  0%| F|  |TAMS 0x0000000605600000, 0x0000000605600000| Untracked 
|  30|0x0000000605800000, 0x0000000605800000, 0x0000000605a00000|  0%| F|  |TAMS 0x0000000605800000, 0x0000000605800000| Untracked 
|  31|0x0000000605a00000, 0x0000000605a00000, 0x0000000605c00000|  0%| F|  |TAMS 0x0000000605a00000, 0x0000000605a00000| Untracked 
|  32|0x0000000605c00000, 0x0000000605c00000, 0x0000000605e00000|  0%| F|  |TAMS 0x0000000605c00000, 0x0000000605c00000| Untracked 
|  33|0x0000000605e00000, 0x0000000605e00000, 0x0000000606000000|  0%| F|  |TAMS 0x0000000605e00000, 0x0000000605e00000| Untracked 
|  34|0x0000000606000000, 0x0000000606000000, 0x0000000606200000|  0%| F|  |TAMS 0x0000000606000000, 0x0000000606000000| Untracked 
|  35|0x0000000606200000, 0x0000000606200000, 0x0000000606400000|  0%| F|  |TAMS 0x0000000606200000, 0x0000000606200000| Untracked 
|  36|0x0000000606400000, 0x0000000606400000, 0x0000000606600000|  0%| F|  |TAMS 0x0000000606400000, 0x0000000606400000| Untracked 
|  37|0x0000000606600000, 0x0000000606600000, 0x0000000606800000|  0%| F|  |TAMS 0x0000000606600000, 0x0000000606600000| Untracked 
|  38|0x0000000606800000, 0x0000000606800000, 0x0000000606a00000|  0%| F|  |TAMS 0x0000000606800000, 0x0000000606800000| Untracked 
|  39|0x0000000606a00000, 0x0000000606a00000, 0x0000000606c00000|  0%| F|  |TAMS 0x0000000606a00000, 0x0000000606a00000| Untracked 
|  40|0x0000000606c00000, 0x0000000606c00000, 0x0000000606e00000|  0%| F|  |TAMS 0x0000000606c00000, 0x0000000606c00000| Untracked 
|  41|0x0000000606e00000, 0x0000000606e00000, 0x0000000607000000|  0%| F|  |TAMS 0x0000000606e00000, 0x0000000606e00000| Untracked 
|  42|0x0000000607000000, 0x0000000607000000, 0x0000000607200000|  0%| F|  |TAMS 0x0000000607000000, 0x0000000607000000| Untracked 
|  43|0x0000000607200000, 0x0000000607200000, 0x0000000607400000|  0%| F|  |TAMS 0x0000000607200000, 0x0000000607200000| Untracked 
|  44|0x0000000607400000, 0x0000000607400000, 0x0000000607600000|  0%| F|  |TAMS 0x0000000607400000, 0x0000000607400000| Untracked 
|  45|0x0000000607600000, 0x0000000607600000, 0x0000000607800000|  0%| F|  |TAMS 0x0000000607600000, 0x0000000607600000| Untracked 
|  46|0x0000000607800000, 0x0000000607800000, 0x0000000607a00000|  0%| F|  |TAMS 0x0000000607800000, 0x0000000607800000| Untracked 
|  47|0x0000000607a00000, 0x0000000607a00000, 0x0000000607c00000|  0%| F|  |TAMS 0x0000000607a00000, 0x0000000607a00000| Untracked 
|  48|0x0000000607c00000, 0x0000000607c00000, 0x0000000607e00000|  0%| F|  |TAMS 0x0000000607c00000, 0x0000000607c00000| Untracked 
|  49|0x0000000607e00000, 0x0000000607e00000, 0x0000000608000000|  0%| F|  |TAMS 0x0000000607e00000, 0x0000000607e00000| Untracked 
|  50|0x0000000608000000, 0x0000000608000000, 0x0000000608200000|  0%| F|  |TAMS 0x0000000608000000, 0x0000000608000000| Untracked 
|  51|0x0000000608200000, 0x0000000608200000, 0x0000000608400000|  0%| F|  |TAMS 0x0000000608200000, 0x0000000608200000| Untracked 
|  52|0x0000000608400000, 0x0000000608400000, 0x0000000608600000|  0%| F|  |TAMS 0x0000000608400000, 0x0000000608400000| Untracked 
|  53|0x0000000608600000, 0x0000000608600000, 0x0000000608800000|  0%| F|  |TAMS 0x0000000608600000, 0x0000000608600000| Untracked 
|  54|0x0000000608800000, 0x0000000608800000, 0x0000000608a00000|  0%| F|  |TAMS 0x0000000608800000, 0x0000000608800000| Untracked 
|  55|0x0000000608a00000, 0x0000000608a00000, 0x0000000608c00000|  0%| F|  |TAMS 0x0000000608a00000, 0x0000000608a00000| Untracked 
|  56|0x0000000608c00000, 0x0000000608c00000, 0x0000000608e00000|  0%| F|  |TAMS 0x0000000608c00000, 0x0000000608c00000| Untracked 
|  57|0x0000000608e00000, 0x0000000608e00000, 0x0000000609000000|  0%| F|  |TAMS 0x0000000608e00000, 0x0000000608e00000| Untracked 
|  58|0x0000000609000000, 0x0000000609000000, 0x0000000609200000|  0%| F|  |TAMS 0x0000000609000000, 0x0000000609000000| Untracked 
|  59|0x0000000609200000, 0x0000000609200000, 0x0000000609400000|  0%| F|  |TAMS 0x0000000609200000, 0x0000000609200000| Untracked 
|  60|0x0000000609400000, 0x0000000609400000, 0x0000000609600000|  0%| F|  |TAMS 0x0000000609400000, 0x0000000609400000| Untracked 
|  61|0x0000000609600000, 0x0000000609600000, 0x0000000609800000|  0%| F|  |TAMS 0x0000000609600000, 0x0000000609600000| Untracked 
|  62|0x0000000609800000, 0x0000000609800000, 0x0000000609a00000|  0%| F|  |TAMS 0x0000000609800000, 0x0000000609800000| Untracked 
|  63|0x0000000609a00000, 0x0000000609a00000, 0x0000000609c00000|  0%| F|  |TAMS 0x0000000609a00000, 0x0000000609a00000| Untracked 
|  64|0x0000000609c00000, 0x0000000609c00000, 0x0000000609e00000|  0%| F|  |TAMS 0x0000000609c00000, 0x0000000609c00000| Untracked 
|  65|0x0000000609e00000, 0x0000000609e00000, 0x000000060a000000|  0%| F|  |TAMS 0x0000000609e00000, 0x0000000609e00000| Untracked 
|  66|0x000000060a000000, 0x000000060a000000, 0x000000060a200000|  0%| F|  |TAMS 0x000000060a000000, 0x000000060a000000| Untracked 
|  67|0x000000060a200000, 0x000000060a200000, 0x000000060a400000|  0%| F|  |TAMS 0x000000060a200000, 0x000000060a200000| Untracked 
|  68|0x000000060a400000, 0x000000060a400000, 0x000000060a600000|  0%| F|  |TAMS 0x000000060a400000, 0x000000060a400000| Untracked 
|  69|0x000000060a600000, 0x000000060a600000, 0x000000060a800000|  0%| F|  |TAMS 0x000000060a600000, 0x000000060a600000| Untracked 
|  70|0x000000060a800000, 0x000000060a800000, 0x000000060aa00000|  0%| F|  |TAMS 0x000000060a800000, 0x000000060a800000| Untracked 
|  71|0x000000060aa00000, 0x000000060aa00000, 0x000000060ac00000|  0%| F|  |TAMS 0x000000060aa00000, 0x000000060aa00000| Untracked 
|  72|0x000000060ac00000, 0x000000060ac00000, 0x000000060ae00000|  0%| F|  |TAMS 0x000000060ac00000, 0x000000060ac00000| Untracked 
|  73|0x000000060ae00000, 0x000000060ae00000, 0x000000060b000000|  0%| F|  |TAMS 0x000000060ae00000, 0x000000060ae00000| Untracked 
|  74|0x000000060b000000, 0x000000060b000000, 0x000000060b200000|  0%| F|  |TAMS 0x000000060b000000, 0x000000060b000000| Untracked 
|  75|0x000000060b200000, 0x000000060b200000, 0x000000060b400000|  0%| F|  |TAMS 0x000000060b200000, 0x000000060b200000| Untracked 
|  76|0x000000060b400000, 0x000000060b400000, 0x000000060b600000|  0%| F|  |TAMS 0x000000060b400000, 0x000000060b400000| Untracked 
|  77|0x000000060b600000, 0x000000060b600000, 0x000000060b800000|  0%| F|  |TAMS 0x000000060b600000, 0x000000060b600000| Untracked 
|  78|0x000000060b800000, 0x000000060b800000, 0x000000060ba00000|  0%| F|  |TAMS 0x000000060b800000, 0x000000060b800000| Untracked 
|  79|0x000000060ba00000, 0x000000060ba00000, 0x000000060bc00000|  0%| F|  |TAMS 0x000000060ba00000, 0x000000060ba00000| Untracked 
|  80|0x000000060bc00000, 0x000000060bc00000, 0x000000060be00000|  0%| F|  |TAMS 0x000000060bc00000, 0x000000060bc00000| Untracked 
|  81|0x000000060be00000, 0x000000060be00000, 0x000000060c000000|  0%| F|  |TAMS 0x000000060be00000, 0x000000060be00000| Untracked 
|  82|0x000000060c000000, 0x000000060c000000, 0x000000060c200000|  0%| F|  |TAMS 0x000000060c000000, 0x000000060c000000| Untracked 
|  83|0x000000060c200000, 0x000000060c200000, 0x000000060c400000|  0%| F|  |TAMS 0x000000060c200000, 0x000000060c200000| Untracked 
|  84|0x000000060c400000, 0x000000060c400000, 0x000000060c600000|  0%| F|  |TAMS 0x000000060c400000, 0x000000060c400000| Untracked 
|  85|0x000000060c600000, 0x000000060c600000, 0x000000060c800000|  0%| F|  |TAMS 0x000000060c600000, 0x000000060c600000| Untracked 
|  86|0x000000060c800000, 0x000000060c800000, 0x000000060ca00000|  0%| F|  |TAMS 0x000000060c800000, 0x000000060c800000| Untracked 
|  87|0x000000060ca00000, 0x000000060ca00000, 0x000000060cc00000|  0%| F|  |TAMS 0x000000060ca00000, 0x000000060ca00000| Untracked 
|  88|0x000000060cc00000, 0x000000060cc00000, 0x000000060ce00000|  0%| F|  |TAMS 0x000000060cc00000, 0x000000060cc00000| Untracked 
|  89|0x000000060ce00000, 0x000000060ce00000, 0x000000060d000000|  0%| F|  |TAMS 0x000000060ce00000, 0x000000060ce00000| Untracked 
|  90|0x000000060d000000, 0x000000060d000000, 0x000000060d200000|  0%| F|  |TAMS 0x000000060d000000, 0x000000060d000000| Untracked 
|  91|0x000000060d200000, 0x000000060d200000, 0x000000060d400000|  0%| F|  |TAMS 0x000000060d200000, 0x000000060d200000| Untracked 
|  92|0x000000060d400000, 0x000000060d400000, 0x000000060d600000|  0%| F|  |TAMS 0x000000060d400000, 0x000000060d400000| Untracked 
|  93|0x000000060d600000, 0x000000060d600000, 0x000000060d800000|  0%| F|  |TAMS 0x000000060d600000, 0x000000060d600000| Untracked 
|  94|0x000000060d800000, 0x000000060d800000, 0x000000060da00000|  0%| F|  |TAMS 0x000000060d800000, 0x000000060d800000| Untracked 
|  95|0x000000060da00000, 0x000000060da00000, 0x000000060dc00000|  0%| F|  |TAMS 0x000000060da00000, 0x000000060da00000| Untracked 
|  96|0x000000060dc00000, 0x000000060dc00000, 0x000000060de00000|  0%| F|  |TAMS 0x000000060dc00000, 0x000000060dc00000| Untracked 
|  97|0x000000060de00000, 0x000000060de00000, 0x000000060e000000|  0%| F|  |TAMS 0x000000060de00000, 0x000000060de00000| Untracked 
|  98|0x000000060e000000, 0x000000060e000000, 0x000000060e200000|  0%| F|  |TAMS 0x000000060e000000, 0x000000060e000000| Untracked 
|  99|0x000000060e200000, 0x000000060e200000, 0x000000060e400000|  0%| F|  |TAMS 0x000000060e200000, 0x000000060e200000| Untracked 
| 100|0x000000060e400000, 0x000000060e400000, 0x000000060e600000|  0%| F|  |TAMS 0x000000060e400000, 0x000000060e400000| Untracked 
| 101|0x000000060e600000, 0x000000060e600000, 0x000000060e800000|  0%| F|  |TAMS 0x000000060e600000, 0x000000060e600000| Untracked 
| 102|0x000000060e800000, 0x000000060e800000, 0x000000060ea00000|  0%| F|  |TAMS 0x000000060e800000, 0x000000060e800000| Untracked 
| 103|0x000000060ea00000, 0x000000060ea00000, 0x000000060ec00000|  0%| F|  |TAMS 0x000000060ea00000, 0x000000060ea00000| Untracked 
| 104|0x000000060ec00000, 0x000000060ec00000, 0x000000060ee00000|  0%| F|  |TAMS 0x000000060ec00000, 0x000000060ec00000| Untracked 
| 105|0x000000060ee00000, 0x000000060ee00000, 0x000000060f000000|  0%| F|  |TAMS 0x000000060ee00000, 0x000000060ee00000| Untracked 
| 106|0x000000060f000000, 0x000000060f000000, 0x000000060f200000|  0%| F|  |TAMS 0x000000060f000000, 0x000000060f000000| Untracked 
| 107|0x000000060f200000, 0x000000060f200000, 0x000000060f400000|  0%| F|  |TAMS 0x000000060f200000, 0x000000060f200000| Untracked 
| 108|0x000000060f400000, 0x000000060f400000, 0x000000060f600000|  0%| F|  |TAMS 0x000000060f400000, 0x000000060f400000| Untracked 
| 109|0x000000060f600000, 0x000000060f600000, 0x000000060f800000|  0%| F|  |TAMS 0x000000060f600000, 0x000000060f600000| Untracked 
| 110|0x000000060f800000, 0x000000060f800000, 0x000000060fa00000|  0%| F|  |TAMS 0x000000060f800000, 0x000000060f800000| Untracked 
| 111|0x000000060fa00000, 0x000000060fa00000, 0x000000060fc00000|  0%| F|  |TAMS 0x000000060fa00000, 0x000000060fa00000| Untracked 
| 112|0x000000060fc00000, 0x000000060fc00000, 0x000000060fe00000|  0%| F|  |TAMS 0x000000060fc00000, 0x000000060fc00000| Untracked 
| 113|0x000000060fe00000, 0x000000060fe00000, 0x0000000610000000|  0%| F|  |TAMS 0x000000060fe00000, 0x000000060fe00000| Untracked 
| 114|0x0000000610000000, 0x0000000610000000, 0x0000000610200000|  0%| F|  |TAMS 0x0000000610000000, 0x0000000610000000| Untracked 
| 115|0x0000000610200000, 0x0000000610200000, 0x0000000610400000|  0%| F|  |TAMS 0x0000000610200000, 0x0000000610200000| Untracked 
| 116|0x0000000610400000, 0x0000000610400000, 0x0000000610600000|  0%| F|  |TAMS 0x0000000610400000, 0x0000000610400000| Untracked 
| 117|0x0000000610600000, 0x0000000610600000, 0x0000000610800000|  0%| F|  |TAMS 0x0000000610600000, 0x0000000610600000| Untracked 
| 118|0x0000000610800000, 0x0000000610800000, 0x0000000610a00000|  0%| F|  |TAMS 0x0000000610800000, 0x0000000610800000| Untracked 
| 119|0x0000000610a00000, 0x0000000610a00000, 0x0000000610c00000|  0%| F|  |TAMS 0x0000000610a00000, 0x0000000610a00000| Untracked 
| 120|0x0000000610c00000, 0x0000000610c00000, 0x0000000610e00000|  0%| F|  |TAMS 0x0000000610c00000, 0x0000000610c00000| Untracked 
| 121|0x0000000610e00000, 0x0000000610e00000, 0x0000000611000000|  0%| F|  |TAMS 0x0000000610e00000, 0x0000000610e00000| Untracked 
| 122|0x0000000611000000, 0x0000000611000000, 0x0000000611200000|  0%| F|  |TAMS 0x0000000611000000, 0x0000000611000000| Untracked 
| 123|0x0000000611200000, 0x0000000611200000, 0x0000000611400000|  0%| F|  |TAMS 0x0000000611200000, 0x0000000611200000| Untracked 
| 124|0x0000000611400000, 0x0000000611400000, 0x0000000611600000|  0%| F|  |TAMS 0x0000000611400000, 0x0000000611400000| Untracked 
| 125|0x0000000611600000, 0x0000000611600000, 0x0000000611800000|  0%| F|  |TAMS 0x0000000611600000, 0x0000000611600000| Untracked 
| 126|0x0000000611800000, 0x0000000611800000, 0x0000000611a00000|  0%| F|  |TAMS 0x0000000611800000, 0x0000000611800000| Untracked 
| 127|0x0000000611a00000, 0x0000000611a00000, 0x0000000611c00000|  0%| F|  |TAMS 0x0000000611a00000, 0x0000000611a00000| Untracked 
| 128|0x0000000611c00000, 0x0000000611c00000, 0x0000000611e00000|  0%| F|  |TAMS 0x0000000611c00000, 0x0000000611c00000| Untracked 
| 129|0x0000000611e00000, 0x0000000611e00000, 0x0000000612000000|  0%| F|  |TAMS 0x0000000611e00000, 0x0000000611e00000| Untracked 
| 130|0x0000000612000000, 0x0000000612000000, 0x0000000612200000|  0%| F|  |TAMS 0x0000000612000000, 0x0000000612000000| Untracked 
| 131|0x0000000612200000, 0x0000000612200000, 0x0000000612400000|  0%| F|  |TAMS 0x0000000612200000, 0x0000000612200000| Untracked 
| 132|0x0000000612400000, 0x0000000612400000, 0x0000000612600000|  0%| F|  |TAMS 0x0000000612400000, 0x0000000612400000| Untracked 
| 133|0x0000000612600000, 0x0000000612600000, 0x0000000612800000|  0%| F|  |TAMS 0x0000000612600000, 0x0000000612600000| Untracked 
| 134|0x0000000612800000, 0x0000000612800000, 0x0000000612a00000|  0%| F|  |TAMS 0x0000000612800000, 0x0000000612800000| Untracked 
| 135|0x0000000612a00000, 0x0000000612a00000, 0x0000000612c00000|  0%| F|  |TAMS 0x0000000612a00000, 0x0000000612a00000| Untracked 
| 136|0x0000000612c00000, 0x0000000612c00000, 0x0000000612e00000|  0%| F|  |TAMS 0x0000000612c00000, 0x0000000612c00000| Untracked 
| 137|0x0000000612e00000, 0x0000000612e00000, 0x0000000613000000|  0%| F|  |TAMS 0x0000000612e00000, 0x0000000612e00000| Untracked 
| 138|0x0000000613000000, 0x0000000613000000, 0x0000000613200000|  0%| F|  |TAMS 0x0000000613000000, 0x0000000613000000| Untracked 
| 139|0x0000000613200000, 0x0000000613200000, 0x0000000613400000|  0%| F|  |TAMS 0x0000000613200000, 0x0000000613200000| Untracked 
| 140|0x0000000613400000, 0x0000000613400000, 0x0000000613600000|  0%| F|  |TAMS 0x0000000613400000, 0x0000000613400000| Untracked 
| 141|0x0000000613600000, 0x0000000613600000, 0x0000000613800000|  0%| F|  |TAMS 0x0000000613600000, 0x0000000613600000| Untracked 
| 142|0x0000000613800000, 0x0000000613800000, 0x0000000613a00000|  0%| F|  |TAMS 0x0000000613800000, 0x0000000613800000| Untracked 
| 143|0x0000000613a00000, 0x0000000613a00000, 0x0000000613c00000|  0%| F|  |TAMS 0x0000000613a00000, 0x0000000613a00000| Untracked 
| 144|0x0000000613c00000, 0x0000000613c00000, 0x0000000613e00000|  0%| F|  |TAMS 0x0000000613c00000, 0x0000000613c00000| Untracked 
| 145|0x0000000613e00000, 0x0000000613e00000, 0x0000000614000000|  0%| F|  |TAMS 0x0000000613e00000, 0x0000000613e00000| Untracked 
| 146|0x0000000614000000, 0x0000000614000000, 0x0000000614200000|  0%| F|  |TAMS 0x0000000614000000, 0x0000000614000000| Untracked 
| 147|0x0000000614200000, 0x0000000614200000, 0x0000000614400000|  0%| F|  |TAMS 0x0000000614200000, 0x0000000614200000| Untracked 
| 148|0x0000000614400000, 0x0000000614400000, 0x0000000614600000|  0%| F|  |TAMS 0x0000000614400000, 0x0000000614400000| Untracked 
| 149|0x0000000614600000, 0x0000000614600000, 0x0000000614800000|  0%| F|  |TAMS 0x0000000614600000, 0x0000000614600000| Untracked 
| 150|0x0000000614800000, 0x0000000614800000, 0x0000000614a00000|  0%| F|  |TAMS 0x0000000614800000, 0x0000000614800000| Untracked 
| 151|0x0000000614a00000, 0x0000000614a00000, 0x0000000614c00000|  0%| F|  |TAMS 0x0000000614a00000, 0x0000000614a00000| Untracked 
| 152|0x0000000614c00000, 0x0000000614c00000, 0x0000000614e00000|  0%| F|  |TAMS 0x0000000614c00000, 0x0000000614c00000| Untracked 
| 153|0x0000000614e00000, 0x0000000614e00000, 0x0000000615000000|  0%| F|  |TAMS 0x0000000614e00000, 0x0000000614e00000| Untracked 
| 154|0x0000000615000000, 0x0000000615000000, 0x0000000615200000|  0%| F|  |TAMS 0x0000000615000000, 0x0000000615000000| Untracked 
| 155|0x0000000615200000, 0x0000000615200000, 0x0000000615400000|  0%| F|  |TAMS 0x0000000615200000, 0x0000000615200000| Untracked 
| 156|0x0000000615400000, 0x0000000615400000, 0x0000000615600000|  0%| F|  |TAMS 0x0000000615400000, 0x0000000615400000| Untracked 
| 157|0x0000000615600000, 0x0000000615600000, 0x0000000615800000|  0%| F|  |TAMS 0x0000000615600000, 0x0000000615600000| Untracked 
| 158|0x0000000615800000, 0x0000000615800000, 0x0000000615a00000|  0%| F|  |TAMS 0x0000000615800000, 0x0000000615800000| Untracked 
| 159|0x0000000615a00000, 0x0000000615a00000, 0x0000000615c00000|  0%| F|  |TAMS 0x0000000615a00000, 0x0000000615a00000| Untracked 
| 160|0x0000000615c00000, 0x0000000615c00000, 0x0000000615e00000|  0%| F|  |TAMS 0x0000000615c00000, 0x0000000615c00000| Untracked 
| 161|0x0000000615e00000, 0x0000000615e00000, 0x0000000616000000|  0%| F|  |TAMS 0x0000000615e00000, 0x0000000615e00000| Untracked 
| 162|0x0000000616000000, 0x0000000616000000, 0x0000000616200000|  0%| F|  |TAMS 0x0000000616000000, 0x0000000616000000| Untracked 
| 163|0x0000000616200000, 0x0000000616200000, 0x0000000616400000|  0%| F|  |TAMS 0x0000000616200000, 0x0000000616200000| Untracked 
| 164|0x0000000616400000, 0x0000000616400000, 0x0000000616600000|  0%| F|  |TAMS 0x0000000616400000, 0x0000000616400000| Untracked 
| 165|0x0000000616600000, 0x0000000616600000, 0x0000000616800000|  0%| F|  |TAMS 0x0000000616600000, 0x0000000616600000| Untracked 
| 166|0x0000000616800000, 0x0000000616800000, 0x0000000616a00000|  0%| F|  |TAMS 0x0000000616800000, 0x0000000616800000| Untracked 
| 167|0x0000000616a00000, 0x0000000616a00000, 0x0000000616c00000|  0%| F|  |TAMS 0x0000000616a00000, 0x0000000616a00000| Untracked 
| 168|0x0000000616c00000, 0x0000000616c00000, 0x0000000616e00000|  0%| F|  |TAMS 0x0000000616c00000, 0x0000000616c00000| Untracked 
| 169|0x0000000616e00000, 0x0000000616e00000, 0x0000000617000000|  0%| F|  |TAMS 0x0000000616e00000, 0x0000000616e00000| Untracked 
| 170|0x0000000617000000, 0x0000000617000000, 0x0000000617200000|  0%| F|  |TAMS 0x0000000617000000, 0x0000000617000000| Untracked 
| 171|0x0000000617200000, 0x0000000617200000, 0x0000000617400000|  0%| F|  |TAMS 0x0000000617200000, 0x0000000617200000| Untracked 
| 172|0x0000000617400000, 0x0000000617400000, 0x0000000617600000|  0%| F|  |TAMS 0x0000000617400000, 0x0000000617400000| Untracked 
| 173|0x0000000617600000, 0x0000000617600000, 0x0000000617800000|  0%| F|  |TAMS 0x0000000617600000, 0x0000000617600000| Untracked 
| 174|0x0000000617800000, 0x0000000617800000, 0x0000000617a00000|  0%| F|  |TAMS 0x0000000617800000, 0x0000000617800000| Untracked 
| 175|0x0000000617a00000, 0x0000000617a00000, 0x0000000617c00000|  0%| F|  |TAMS 0x0000000617a00000, 0x0000000617a00000| Untracked 
| 176|0x0000000617c00000, 0x0000000617c00000, 0x0000000617e00000|  0%| F|  |TAMS 0x0000000617c00000, 0x0000000617c00000| Untracked 
| 177|0x0000000617e00000, 0x0000000617e00000, 0x0000000618000000|  0%| F|  |TAMS 0x0000000617e00000, 0x0000000617e00000| Untracked 
| 178|0x0000000618000000, 0x0000000618000000, 0x0000000618200000|  0%| F|  |TAMS 0x0000000618000000, 0x0000000618000000| Untracked 
| 179|0x0000000618200000, 0x0000000618200000, 0x0000000618400000|  0%| F|  |TAMS 0x0000000618200000, 0x0000000618200000| Untracked 
| 180|0x0000000618400000, 0x0000000618400000, 0x0000000618600000|  0%| F|  |TAMS 0x0000000618400000, 0x0000000618400000| Untracked 
| 181|0x0000000618600000, 0x0000000618600000, 0x0000000618800000|  0%| F|  |TAMS 0x0000000618600000, 0x0000000618600000| Untracked 
| 182|0x0000000618800000, 0x0000000618800000, 0x0000000618a00000|  0%| F|  |TAMS 0x0000000618800000, 0x0000000618800000| Untracked 
| 183|0x0000000618a00000, 0x0000000618a00000, 0x0000000618c00000|  0%| F|  |TAMS 0x0000000618a00000, 0x0000000618a00000| Untracked 
| 184|0x0000000618c00000, 0x0000000618c00000, 0x0000000618e00000|  0%| F|  |TAMS 0x0000000618c00000, 0x0000000618c00000| Untracked 
| 185|0x0000000618e00000, 0x0000000618e00000, 0x0000000619000000|  0%| F|  |TAMS 0x0000000618e00000, 0x0000000618e00000| Untracked 
| 186|0x0000000619000000, 0x0000000619000000, 0x0000000619200000|  0%| F|  |TAMS 0x0000000619000000, 0x0000000619000000| Untracked 
| 187|0x0000000619200000, 0x0000000619200000, 0x0000000619400000|  0%| F|  |TAMS 0x0000000619200000, 0x0000000619200000| Untracked 
| 188|0x0000000619400000, 0x0000000619400000, 0x0000000619600000|  0%| F|  |TAMS 0x0000000619400000, 0x0000000619400000| Untracked 
| 189|0x0000000619600000, 0x0000000619600000, 0x0000000619800000|  0%| F|  |TAMS 0x0000000619600000, 0x0000000619600000| Untracked 
| 190|0x0000000619800000, 0x0000000619800000, 0x0000000619a00000|  0%| F|  |TAMS 0x0000000619800000, 0x0000000619800000| Untracked 
| 191|0x0000000619a00000, 0x0000000619a00000, 0x0000000619c00000|  0%| F|  |TAMS 0x0000000619a00000, 0x0000000619a00000| Untracked 
| 192|0x0000000619c00000, 0x0000000619c00000, 0x0000000619e00000|  0%| F|  |TAMS 0x0000000619c00000, 0x0000000619c00000| Untracked 
| 193|0x0000000619e00000, 0x0000000619e00000, 0x000000061a000000|  0%| F|  |TAMS 0x0000000619e00000, 0x0000000619e00000| Untracked 
| 194|0x000000061a000000, 0x000000061a000000, 0x000000061a200000|  0%| F|  |TAMS 0x000000061a000000, 0x000000061a000000| Untracked 
| 195|0x000000061a200000, 0x000000061a200000, 0x000000061a400000|  0%| F|  |TAMS 0x000000061a200000, 0x000000061a200000| Untracked 
| 196|0x000000061a400000, 0x000000061a400000, 0x000000061a600000|  0%| F|  |TAMS 0x000000061a400000, 0x000000061a400000| Untracked 
| 197|0x000000061a600000, 0x000000061a600000, 0x000000061a800000|  0%| F|  |TAMS 0x000000061a600000, 0x000000061a600000| Untracked 
| 198|0x000000061a800000, 0x000000061a800000, 0x000000061aa00000|  0%| F|  |TAMS 0x000000061a800000, 0x000000061a800000| Untracked 
| 199|0x000000061aa00000, 0x000000061aa00000, 0x000000061ac00000|  0%| F|  |TAMS 0x000000061aa00000, 0x000000061aa00000| Untracked 
| 200|0x000000061ac00000, 0x000000061ac00000, 0x000000061ae00000|  0%| F|  |TAMS 0x000000061ac00000, 0x000000061ac00000| Untracked 
| 201|0x000000061ae00000, 0x000000061ae00000, 0x000000061b000000|  0%| F|  |TAMS 0x000000061ae00000, 0x000000061ae00000| Untracked 
| 202|0x000000061b000000, 0x000000061b000000, 0x000000061b200000|  0%| F|  |TAMS 0x000000061b000000, 0x000000061b000000| Untracked 
| 203|0x000000061b200000, 0x000000061b200000, 0x000000061b400000|  0%| F|  |TAMS 0x000000061b200000, 0x000000061b200000| Untracked 
| 204|0x000000061b400000, 0x000000061b400000, 0x000000061b600000|  0%| F|  |TAMS 0x000000061b400000, 0x000000061b400000| Untracked 
| 205|0x000000061b600000, 0x000000061b600000, 0x000000061b800000|  0%| F|  |TAMS 0x000000061b600000, 0x000000061b600000| Untracked 
| 206|0x000000061b800000, 0x000000061b800000, 0x000000061ba00000|  0%| F|  |TAMS 0x000000061b800000, 0x000000061b800000| Untracked 
| 207|0x000000061ba00000, 0x000000061ba00000, 0x000000061bc00000|  0%| F|  |TAMS 0x000000061ba00000, 0x000000061ba00000| Untracked 
| 208|0x000000061bc00000, 0x000000061bc00000, 0x000000061be00000|  0%| F|  |TAMS 0x000000061bc00000, 0x000000061bc00000| Untracked 
| 209|0x000000061be00000, 0x000000061be00000, 0x000000061c000000|  0%| F|  |TAMS 0x000000061be00000, 0x000000061be00000| Untracked 
| 210|0x000000061c000000, 0x000000061c000000, 0x000000061c200000|  0%| F|  |TAMS 0x000000061c000000, 0x000000061c000000| Untracked 
| 211|0x000000061c200000, 0x000000061c200000, 0x000000061c400000|  0%| F|  |TAMS 0x000000061c200000, 0x000000061c200000| Untracked 
| 212|0x000000061c400000, 0x000000061c400000, 0x000000061c600000|  0%| F|  |TAMS 0x000000061c400000, 0x000000061c400000| Untracked 
| 213|0x000000061c600000, 0x000000061c600000, 0x000000061c800000|  0%| F|  |TAMS 0x000000061c600000, 0x000000061c600000| Untracked 
| 214|0x000000061c800000, 0x000000061c800000, 0x000000061ca00000|  0%| F|  |TAMS 0x000000061c800000, 0x000000061c800000| Untracked 
| 215|0x000000061ca00000, 0x000000061ca00000, 0x000000061cc00000|  0%| F|  |TAMS 0x000000061ca00000, 0x000000061ca00000| Untracked 
| 216|0x000000061cc00000, 0x000000061cc00000, 0x000000061ce00000|  0%| F|  |TAMS 0x000000061cc00000, 0x000000061cc00000| Untracked 
| 217|0x000000061ce00000, 0x000000061ce00000, 0x000000061d000000|  0%| F|  |TAMS 0x000000061ce00000, 0x000000061ce00000| Untracked 
| 218|0x000000061d000000, 0x000000061d000000, 0x000000061d200000|  0%| F|  |TAMS 0x000000061d000000, 0x000000061d000000| Untracked 
| 219|0x000000061d200000, 0x000000061d200000, 0x000000061d400000|  0%| F|  |TAMS 0x000000061d200000, 0x000000061d200000| Untracked 
| 220|0x000000061d400000, 0x000000061d400000, 0x000000061d600000|  0%| F|  |TAMS 0x000000061d400000, 0x000000061d400000| Untracked 
| 221|0x000000061d600000, 0x000000061d600000, 0x000000061d800000|  0%| F|  |TAMS 0x000000061d600000, 0x000000061d600000| Untracked 
| 222|0x000000061d800000, 0x000000061d800000, 0x000000061da00000|  0%| F|  |TAMS 0x000000061d800000, 0x000000061d800000| Untracked 
| 223|0x000000061da00000, 0x000000061da00000, 0x000000061dc00000|  0%| F|  |TAMS 0x000000061da00000, 0x000000061da00000| Untracked 
| 224|0x000000061dc00000, 0x000000061dc00000, 0x000000061de00000|  0%| F|  |TAMS 0x000000061dc00000, 0x000000061dc00000| Untracked 
| 225|0x000000061de00000, 0x000000061de00000, 0x000000061e000000|  0%| F|  |TAMS 0x000000061de00000, 0x000000061de00000| Untracked 
| 226|0x000000061e000000, 0x000000061e000000, 0x000000061e200000|  0%| F|  |TAMS 0x000000061e000000, 0x000000061e000000| Untracked 
| 227|0x000000061e200000, 0x000000061e200000, 0x000000061e400000|  0%| F|  |TAMS 0x000000061e200000, 0x000000061e200000| Untracked 
| 228|0x000000061e400000, 0x000000061e400000, 0x000000061e600000|  0%| F|  |TAMS 0x000000061e400000, 0x000000061e400000| Untracked 
| 229|0x000000061e600000, 0x000000061e600000, 0x000000061e800000|  0%| F|  |TAMS 0x000000061e600000, 0x000000061e600000| Untracked 
| 230|0x000000061e800000, 0x000000061e800000, 0x000000061ea00000|  0%| F|  |TAMS 0x000000061e800000, 0x000000061e800000| Untracked 
| 231|0x000000061ea00000, 0x000000061ea00000, 0x000000061ec00000|  0%| F|  |TAMS 0x000000061ea00000, 0x000000061ea00000| Untracked 
| 232|0x000000061ec00000, 0x000000061ec00000, 0x000000061ee00000|  0%| F|  |TAMS 0x000000061ec00000, 0x000000061ec00000| Untracked 
| 233|0x000000061ee00000, 0x000000061ee00000, 0x000000061f000000|  0%| F|  |TAMS 0x000000061ee00000, 0x000000061ee00000| Untracked 
| 234|0x000000061f000000, 0x000000061f000000, 0x000000061f200000|  0%| F|  |TAMS 0x000000061f000000, 0x000000061f000000| Untracked 
| 235|0x000000061f200000, 0x000000061f200000, 0x000000061f400000|  0%| F|  |TAMS 0x000000061f200000, 0x000000061f200000| Untracked 
| 236|0x000000061f400000, 0x000000061f400000, 0x000000061f600000|  0%| F|  |TAMS 0x000000061f400000, 0x000000061f400000| Untracked 
| 237|0x000000061f600000, 0x000000061f600000, 0x000000061f800000|  0%| F|  |TAMS 0x000000061f600000, 0x000000061f600000| Untracked 
| 238|0x000000061f800000, 0x000000061f800000, 0x000000061fa00000|  0%| F|  |TAMS 0x000000061f800000, 0x000000061f800000| Untracked 
| 239|0x000000061fa00000, 0x000000061fa00000, 0x000000061fc00000|  0%| F|  |TAMS 0x000000061fa00000, 0x000000061fa00000| Untracked 
| 240|0x000000061fc00000, 0x000000061fc00000, 0x000000061fe00000|  0%| F|  |TAMS 0x000000061fc00000, 0x000000061fc00000| Untracked 
| 241|0x000000061fe00000, 0x000000061fe00000, 0x0000000620000000|  0%| F|  |TAMS 0x000000061fe00000, 0x000000061fe00000| Untracked 
| 242|0x0000000620000000, 0x0000000620000000, 0x0000000620200000|  0%| F|  |TAMS 0x0000000620000000, 0x0000000620000000| Untracked 
| 243|0x0000000620200000, 0x0000000620200000, 0x0000000620400000|  0%| F|  |TAMS 0x0000000620200000, 0x0000000620200000| Untracked 
| 244|0x0000000620400000, 0x0000000620400000, 0x0000000620600000|  0%| F|  |TAMS 0x0000000620400000, 0x0000000620400000| Untracked 
| 245|0x0000000620600000, 0x0000000620600000, 0x0000000620800000|  0%| F|  |TAMS 0x0000000620600000, 0x0000000620600000| Untracked 
| 246|0x0000000620800000, 0x0000000620800000, 0x0000000620a00000|  0%| F|  |TAMS 0x0000000620800000, 0x0000000620800000| Untracked 
| 247|0x0000000620a00000, 0x0000000620a00000, 0x0000000620c00000|  0%| F|  |TAMS 0x0000000620a00000, 0x0000000620a00000| Untracked 
| 248|0x0000000620c00000, 0x0000000620c00000, 0x0000000620e00000|  0%| F|  |TAMS 0x0000000620c00000, 0x0000000620c00000| Untracked 
| 249|0x0000000620e00000, 0x0000000620e00000, 0x0000000621000000|  0%| F|  |TAMS 0x0000000620e00000, 0x0000000620e00000| Untracked 
| 250|0x0000000621000000, 0x0000000621000000, 0x0000000621200000|  0%| F|  |TAMS 0x0000000621000000, 0x0000000621000000| Untracked 
| 251|0x0000000621200000, 0x0000000621200000, 0x0000000621400000|  0%| F|  |TAMS 0x0000000621200000, 0x0000000621200000| Untracked 
| 252|0x0000000621400000, 0x0000000621400000, 0x0000000621600000|  0%| F|  |TAMS 0x0000000621400000, 0x0000000621400000| Untracked 
| 253|0x0000000621600000, 0x0000000621600000, 0x0000000621800000|  0%| F|  |TAMS 0x0000000621600000, 0x0000000621600000| Untracked 
| 254|0x0000000621800000, 0x0000000621973318, 0x0000000621a00000| 72%| E|  |TAMS 0x0000000621800000, 0x0000000621800000| Complete 
| 255|0x0000000621a00000, 0x0000000621c00000, 0x0000000621c00000|100%| E|CS|TAMS 0x0000000621a00000, 0x0000000621a00000| Complete 

Card table byte_map: [0x0000018710000000,0x0000018711000000] _byte_map_base: 0x000001870cff2000

Marking Bits (Prev, Next): (CMBitMap*) 0x00000187765af538, (CMBitMap*) 0x00000187765af578
 Prev Bits: [0x0000018712000000, 0x0000018719f90000)
 Next Bits: [0x0000018719f90000, 0x0000018721f20000)

Polling page: 0x00000187744c0000

Metaspace:

Usage:
  Non-class:      4.35 MB capacity,     1.34 MB ( 31%) used,     3.01 MB ( 69%) free+waste,     2.19 KB ( <1%) overhead. 
      Class:    440.00 KB capacity,   133.12 KB ( 30%) used,   305.51 KB ( 69%) free+waste,     1.38 KB ( <1%) overhead. 
       Both:      4.78 MB capacity,     1.47 MB ( 31%) used,     3.31 MB ( 69%) free+waste,     3.56 KB ( <1%) overhead. 

Virtual space:
  Non-class space:        8.00 MB reserved,       4.50 MB ( 56%) committed 
      Class space:        1.00 GB reserved,     512.00 KB ( <1%) committed 
             Both:        1.01 GB reserved,       5.00 MB ( <1%) committed 

Chunk freelists:
   Non-Class:  23.00 KB
       Class:  8.00 KB
        Both:  31.00 KB

MaxMetaspaceSize: 17179869184.00 GB
CompressedClassSpaceSize: 1.00 GB

CodeHeap 'non-profiled nmethods': size=120000Kb used=84Kb max_used=84Kb free=119915Kb
 bounds [0x0000018707ad0000, 0x0000018707d40000, 0x000001870f000000]
CodeHeap 'profiled nmethods': size=120000Kb used=344Kb max_used=344Kb free=119655Kb
 bounds [0x00000187005a0000, 0x0000018700810000, 0x0000018707ad0000]
CodeHeap 'non-nmethods': size=5760Kb used=1223Kb max_used=1233Kb free=4537Kb
 bounds [0x0000018700000000, 0x0000018700270000, 0x00000187005a0000]
 total_blobs=785 nmethods=289 adapters=409
 compilation: enabled
              stopped_count=0, restarted_count=0
 full_count=0

Compilation events (20 events):
Event: 0.487 Thread 0x000001877fcfd000  281       3       jdk.internal.misc.Unsafe::allocateUninitializedArray0 (90 bytes)
Event: 0.487 Thread 0x000001877fcfd000 nmethod 281 0x00000187005f2710 code [0x00000187005f2900, 0x00000187005f31f8]
Event: 0.488 Thread 0x000001877fcfd000  282       3       java.lang.StringBuilder::<init> (7 bytes)
Event: 0.488 Thread 0x000001877fcfd000 nmethod 282 0x00000187005f3310 code [0x00000187005f34c0, 0x00000187005f3608]
Event: 0.488 Thread 0x000001877fcfd000  283       3       java.lang.String::lastIndexOf (29 bytes)
Event: 0.488 Thread 0x000001877fcfd000 nmethod 283 0x00000187005f3690 code [0x00000187005f3860, 0x00000187005f3b18]
Event: 0.488 Thread 0x000001877fcfd000  284       3       java.util.concurrent.ConcurrentHashMap$ValueIterator::next (34 bytes)
Event: 0.488 Thread 0x000001877fcfd000 nmethod 284 0x00000187005f3c10 code [0x00000187005f3dc0, 0x00000187005f4038]
Event: 0.538 Thread 0x000001877fcfd000  285       3       java.lang.String::startsWith (7 bytes)
Event: 0.538 Thread 0x000001877fcfd000 nmethod 285 0x00000187005f4190 code [0x00000187005f4340, 0x00000187005f44a8]
Event: 0.538 Thread 0x000001877fcfd000  286       3       java.lang.String::lastIndexOf (12 bytes)
Event: 0.539 Thread 0x000001877fcfd000 nmethod 286 0x00000187005f4590 code [0x00000187005f4780, 0x00000187005f4b98]
Event: 0.539 Thread 0x000001877fcfd000  287       3       java.lang.String::toString (2 bytes)
Event: 0.539 Thread 0x000001877fcfd000 nmethod 287 0x00000187005f4d10 code [0x00000187005f4ea0, 0x00000187005f4fb8]
Event: 0.542 Thread 0x000001877fcfd000  288       3       java.lang.String::<init> (74 bytes)
Event: 0.543 Thread 0x000001877fcda800  289       4       java.lang.ref.Reference::reachabilityFence (1 bytes)
Event: 0.543 Thread 0x000001877fcfd000 nmethod 288 0x00000187005f5090 code [0x00000187005f5280, 0x00000187005f5938]
Event: 0.543 Thread 0x000001877fcda800 nmethod 289 0x0000018707ae4d90 code [0x0000018707ae4f00, 0x0000018707ae4f38]
Event: 0.543 Thread 0x000001877fcfd000  290       3       java.util.Objects::requireNonNull (15 bytes)
Event: 0.544 Thread 0x000001877fcfd000 nmethod 290 0x00000187005f5c10 code [0x00000187005f5dc0, 0x00000187005f5fa8]

GC Heap History (0 events):
No events

Deoptimization events (8 events):
Event: 0.210 Thread 0x000001877652b800 Uncommon trap: trap_request=0xffffffde fr.pc=0x0000018707add684 relative=0x00000000000008a4
Event: 0.210 Thread 0x000001877652b800 Uncommon trap: reason=class_check action=maybe_recompile pc=0x0000018707add684 method=java.util.HashMap.putVal(ILjava/lang/Object;Ljava/lang/Object;ZZ)Ljava/lang/Object; @ 152 c2
Event: 0.210 Thread 0x000001877652b800 DEOPT PACKING pc=0x0000018707add684 sp=0x00000083054fe830
Event: 0.210 Thread 0x000001877652b800 DEOPT UNPACKING pc=0x000001870004912f sp=0x00000083054fe7b0 mode 2
Event: 0.216 Thread 0x000001877652b800 Uncommon trap: trap_request=0xffffff45 fr.pc=0x0000018707addfd0 relative=0x0000000000000090
Event: 0.216 Thread 0x000001877652b800 Uncommon trap: reason=unstable_if action=reinterpret pc=0x0000018707addfd0 method=java.lang.String.charAt(I)C @ 4 c2
Event: 0.216 Thread 0x000001877652b800 DEOPT PACKING pc=0x0000018707addfd0 sp=0x00000083054ff200
Event: 0.216 Thread 0x000001877652b800 DEOPT UNPACKING pc=0x000001870004912f sp=0x00000083054ff1a0 mode 2

Classes unloaded (0 events):
No events

Classes redefined (0 events):
No events

Internal exceptions (2 events):
Event: 0.232 Thread 0x000001877652b800 Exception <a 'sun/nio/fs/WindowsException'{0x0000000621895530}> (0x0000000621895530) 
thrown [./open/src/hotspot/share/prims/jni.cpp, line 599]
Event: 0.295 Thread 0x000001877652b800 Exception <a 'sun/nio/fs/WindowsException'{0x00000006218a8d28}> (0x00000006218a8d28) 
thrown [./open/src/hotspot/share/prims/jni.cpp, line 599]

Events (20 events):
Event: 0.238 loading class sun/nio/ch/Util$1 done
Event: 0.238 loading class sun/nio/ch/Util$BufferCache
Event: 0.238 loading class sun/nio/ch/Util$BufferCache done
Event: 0.238 loading class java/nio/DirectByteBuffer$Deallocator
Event: 0.238 loading class java/nio/DirectByteBuffer$Deallocator done
Event: 0.239 Executing VM operation: HandshakeOneThread
Event: 0.239 Executing VM operation: HandshakeOneThread done
Event: 0.239 loading class sun/nio/ch/IOStatus
Event: 0.239 loading class sun/nio/ch/IOStatus done
Event: 0.287 Loaded shared library C:\Users\Dell Precision\AppData\Local\Temp\jimgui1625939193598\jimgui.dll
Event: 0.290 loading class java/io/FilePermission$1
Event: 0.290 loading class jdk/internal/access/JavaIOFilePermissionAccess
Event: 0.290 loading class jdk/internal/access/JavaIOFilePermissionAccess done
Event: 0.290 loading class java/io/FilePermission$1 done
Event: 0.327 Loaded shared library C:\Users\Dell Precision\AppData\Local\Temp\jimgui1625939193662\jimgui-dx11.dll
Event: 0.328 Thread 0x000001877fe3a000 Thread exited: 0x000001877fe3a000
Event: 0.329 Executing VM operation: HandshakeOneThread
Event: 0.329 Executing VM operation: HandshakeOneThread done
Event: 0.338 loading class java/lang/InterruptedException
Event: 0.338 loading class java/lang/InterruptedException done


Dynamic libraries:
0x00007ff6d0500000 - 0x00007ff6d050d000 	C:\Users\Dell Precision\.jdks\openjdk-14.0.2\bin\java.exe
0x00007ffd865f0000 - 0x00007ffd867e5000 	C:\WINDOWS\SYSTEM32\ntdll.dll
0x00007ffd84670000 - 0x00007ffd8472d000 	C:\WINDOWS\System32\KERNEL32.DLL
0x00007ffd842e0000 - 0x00007ffd845a9000 	C:\WINDOWS\System32\KERNELBASE.dll
0x00007ffd83fa0000 - 0x00007ffd840a0000 	C:\WINDOWS\System32\ucrtbase.dll
0x00007ffd7c620000 - 0x00007ffd7c638000 	C:\Users\Dell Precision\.jdks\openjdk-14.0.2\bin\jli.dll
0x00007ffd7c6a0000 - 0x00007ffd7c6b5000 	C:\Users\Dell Precision\.jdks\openjdk-14.0.2\bin\VCRUNTIME140.dll
0x00007ffd86100000 - 0x00007ffd862a0000 	C:\WINDOWS\System32\USER32.dll
0x00007ffd83f70000 - 0x00007ffd83f92000 	C:\WINDOWS\System32\win32u.dll
0x00007ffd858e0000 - 0x00007ffd8590a000 	C:\WINDOWS\System32\GDI32.dll
0x00007ffd6dbb0000 - 0x00007ffd6de4a000 	C:\WINDOWS\WinSxS\amd64_microsoft.windows.common-controls_6595b64144ccf1df_6.0.19041.1083_none_60bbe31371f34e71\COMCTL32.dll
0x00007ffd83d30000 - 0x00007ffd83e3b000 	C:\WINDOWS\System32\gdi32full.dll
0x00007ffd862e0000 - 0x00007ffd8637e000 	C:\WINDOWS\System32\msvcrt.dll
0x00007ffd83e40000 - 0x00007ffd83edd000 	C:\WINDOWS\System32\msvcp_win.dll
0x00007ffd862b0000 - 0x00007ffd862e0000 	C:\WINDOWS\System32\IMM32.DLL
0x00007ffd70450000 - 0x00007ffd704eb000 	C:\Users\Dell Precision\.jdks\openjdk-14.0.2\bin\msvcp140.dll
0x00007ffd379b0000 - 0x00007ffd384ce000 	C:\Users\Dell Precision\.jdks\openjdk-14.0.2\bin\server\jvm.dll
0x00007ffd85990000 - 0x00007ffd85a3c000 	C:\WINDOWS\System32\ADVAPI32.dll
0x00007ffd84730000 - 0x00007ffd847cb000 	C:\WINDOWS\System32\sechost.dll
0x00007ffd847d0000 - 0x00007ffd848fa000 	C:\WINDOWS\System32\RPCRT4.dll
0x00007ffd84660000 - 0x00007ffd84668000 	C:\WINDOWS\System32\PSAPI.DLL
0x00007ffd68750000 - 0x00007ffd68759000 	C:\WINDOWS\SYSTEM32\WSOCK32.dll
0x00007ffd7d780000 - 0x00007ffd7d78a000 	C:\WINDOWS\SYSTEM32\VERSION.dll
0x00007ffd71200000 - 0x00007ffd71227000 	C:\WINDOWS\SYSTEM32\WINMM.dll
0x00007ffd85920000 - 0x00007ffd8598b000 	C:\WINDOWS\System32\WS2_32.dll
0x00007ffd825d0000 - 0x00007ffd825e2000 	C:\WINDOWS\SYSTEM32\kernel.appcore.dll
0x00007ffd7f1b0000 - 0x00007ffd7f1ba000 	C:\Users\Dell Precision\.jdks\openjdk-14.0.2\bin\jimage.dll
0x00007ffd822e0000 - 0x00007ffd824c4000 	C:\WINDOWS\SYSTEM32\DBGHELP.DLL
0x00007ffd79030000 - 0x00007ffd7905c000 	C:\WINDOWS\SYSTEM32\dbgcore.DLL
0x00007ffd83ee0000 - 0x00007ffd83f63000 	C:\WINDOWS\System32\bcryptPrimitives.dll
0x00007ffd7ed00000 - 0x00007ffd7ed0e000 	C:\Users\Dell Precision\.jdks\openjdk-14.0.2\bin\instrument.dll
0x00007ffd782b0000 - 0x00007ffd782d5000 	C:\Users\Dell Precision\.jdks\openjdk-14.0.2\bin\java.dll
0x00007ffd77a90000 - 0x00007ffd77aa6000 	C:\Users\Dell Precision\.jdks\openjdk-14.0.2\bin\zip.dll
0x00007ffd84e50000 - 0x00007ffd8558f000 	C:\WINDOWS\System32\SHELL32.dll
0x00007ffd81a70000 - 0x00007ffd82201000 	C:\WINDOWS\SYSTEM32\windows.storage.dll
0x00007ffd85da0000 - 0x00007ffd860f5000 	C:\WINDOWS\System32\combase.dll
0x00007ffd837a0000 - 0x00007ffd837cc000 	C:\WINDOWS\SYSTEM32\Wldp.dll
0x00007ffd86500000 - 0x00007ffd865ae000 	C:\WINDOWS\System32\SHCORE.dll
0x00007ffd85820000 - 0x00007ffd85875000 	C:\WINDOWS\System32\shlwapi.dll
0x00007ffd83c70000 - 0x00007ffd83c8f000 	C:\WINDOWS\SYSTEM32\profapi.dll
0x00007ffd77a10000 - 0x00007ffd77a29000 	C:\Users\Dell Precision\.jdks\openjdk-14.0.2\bin\net.dll
0x00007ffd7acd0000 - 0x00007ffd7adda000 	C:\WINDOWS\SYSTEM32\WINHTTP.dll
0x00007ffd83500000 - 0x00007ffd8356a000 	C:\WINDOWS\system32\mswsock.dll
0x00007ffd779f0000 - 0x00007ffd77a02000 	C:\Users\Dell Precision\.jdks\openjdk-14.0.2\bin\nio.dll
0x00007ffd779d0000 - 0x00007ffd779ea000 	C:\Program Files\JetBrains\IntelliJ IDEA Community Edition 2020.2.1\bin\breakgen64.dll
0x00007ffd5f5e0000 - 0x00007ffd5f6fa000 	C:\Users\Dell Precision\AppData\Local\Temp\jimgui1625939193598\jimgui.dll
0x00007ffd815a0000 - 0x00007ffd815cf000 	C:\WINDOWS\SYSTEM32\dwmapi.dll
0x00007ffd7a3a0000 - 0x00007ffd7a3ac000 	C:\WINDOWS\SYSTEM32\VCRUNTIME140_1.dll
0x00007ffd77940000 - 0x00007ffd7795c000 	C:\Users\Dell Precision\AppData\Local\Temp\jimgui1625939193662\jimgui-dx11.dll
0x00007ffd7f810000 - 0x00007ffd7fa74000 	C:\WINDOWS\SYSTEM32\d3d11.dll
0x00007ffd7fa80000 - 0x00007ffd7fedd000 	C:\WINDOWS\SYSTEM32\D3DCOMPILER_47.dll
0x00007ffd82640000 - 0x00007ffd82734000 	C:\WINDOWS\SYSTEM32\dxgi.dll
0x00007ffd836f0000 - 0x00007ffd83708000 	C:\WINDOWS\SYSTEM32\CRYPTSP.dll
0x00007ffd813b0000 - 0x00007ffd8144e000 	C:\WINDOWS\system32\uxtheme.dll
0x00007ffd863e0000 - 0x00007ffd864f5000 	C:\WINDOWS\System32\MSCTF.dll
0x00007ffd85cd0000 - 0x00007ffd85d9d000 	C:\WINDOWS\System32\OLEAUT32.dll
0x00007ffd745c0000 - 0x00007ffd75c3d000 	C:\WINDOWS\System32\DriverStore\FileRepository\iigd_dch.inf_amd64_a086f01cc7be643a\igd10iumd64.dll
0x00007ffd85a60000 - 0x00007ffd85b8a000 	C:\WINDOWS\System32\ole32.dll
0x00007ffd840a0000 - 0x00007ffd840c7000 	C:\WINDOWS\System32\bcrypt.dll
0x00007ffd83810000 - 0x00007ffd83837000 	C:\WINDOWS\SYSTEM32\ncrypt.dll
0x00007ffd837d0000 - 0x00007ffd8380b000 	C:\WINDOWS\SYSTEM32\NTASN1.dll
0x00007ffd74380000 - 0x00007ffd745bf000 	C:\WINDOWS\System32\DriverStore\FileRepository\iigd_dch.inf_amd64_a086f01cc7be643a\igdgmm64.dll
0x00007ffd71710000 - 0x00007ffd74372000 	C:\WINDOWS\System32\DriverStore\FileRepository\iigd_dch.inf_amd64_a086f01cc7be643a\igc64.dll
0x00007ffd78850000 - 0x00007ffd7888b000 	C:\WINDOWS\SYSTEM32\dxcore.dll
0x00007ffd840d0000 - 0x00007ffd8411e000 	C:\WINDOWS\System32\cfgmgr32.dll
0x00007ffd6fee0000 - 0x00007ffd6ffd9000 	C:\WINDOWS\SYSTEM32\textinputframework.dll
0x00007ffd80b90000 - 0x00007ffd80eee000 	C:\WINDOWS\System32\CoreUIComponents.dll
0x00007ffd80ef0000 - 0x00007ffd80fe2000 	C:\WINDOWS\System32\CoreMessaging.dll
0x00007ffd82b00000 - 0x00007ffd82b33000 	C:\WINDOWS\SYSTEM32\ntmarta.dll
0x00007ffd804a0000 - 0x00007ffd805f4000 	C:\WINDOWS\SYSTEM32\wintypes.dll
0x00007ffd77920000 - 0x00007ffd77931000 	C:\WINDOWS\SYSTEM32\xinput1_4.dll
0x00007ffd83ae0000 - 0x00007ffd83b0c000 	C:\WINDOWS\SYSTEM32\DEVOBJ.dll
0x00007ffd6fd80000 - 0x00007ffd6fed2000 	C:\WINDOWS\SYSTEM32\inputhost.dll
0x00007ffd7f580000 - 0x00007ffd7f676000 	C:\WINDOWS\SYSTEM32\PROPSYS.dll

dbghelp: loaded successfully - version: 4.0.5 - missing functions: none
symbol engine: initialized successfully - sym options: 0x614 - pdb path: .;C:\Users\Dell Precision\.jdks\openjdk-14.0.2\bin;C:\WINDOWS\SYSTEM32;C:\WINDOWS\WinSxS\amd64_microsoft.windows.common-controls_6595b64144ccf1df_6.0.19041.1083_none_60bbe31371f34e71;C:\Users\Dell Precision\.jdks\openjdk-14.0.2\bin\server;C:\Program Files\JetBrains\IntelliJ IDEA Community Edition 2020.2.1\bin;C:\Users\Dell Precision\AppData\Local\Temp\jimgui1625939193598;C:\Users\Dell Precision\AppData\Local\Temp\jimgui1625939193662;C:\WINDOWS\System32\DriverStore\FileRepository\iigd_dch.inf_amd64_a086f01cc7be643a

VM Arguments:
jvm_args: -javaagent:C:\Program Files\JetBrains\IntelliJ IDEA Community Edition 2020.2.1\lib\idea_rt.jar=58493:C:\Program Files\JetBrains\IntelliJ IDEA Community Edition 2020.2.1\bin -Dfile.encoding=UTF-8 
java_command: main
java_class_path (initial): C:\Users\Dell Precision\IdeaProjects\panel\target\classes;C:\Users\Dell Precision\IdeaProjects\panel\res\jimgui-core-v0.20.3.jar;C:\Users\Dell Precision\.m2\repository\org\jetbrains\annotations\20.1.0\annotations-20.1.0.jar;C:\Users\Dell Precision\.m2\repository\org\java-websocket\Java-WebSocket\1.5.1\Java-WebSocket-1.5.1.jar;C:\Users\Dell Precision\.m2\repository\commons-io\commons-io\2.8.0\commons-io-2.8.0.jar;C:\Users\Dell Precision\.m2\repository\org\json\json\20200518\json-20200518.jar;C:\Users\Dell Precision\.m2\repository\javazoom\jlayer\1.0.1\jlayer-1.0.1.jar;C:\Users\Dell Precision\.m2\repository\org\slf4j\slf4j-api\1.7.30\slf4j-api-1.7.30.jar;C:\Users\Dell Precision\.m2\repository\org\ice1000\jimgui\core\v0.9\core-v0.9.jar
Launcher Type: SUN_STANDARD

[Global flags]
     intx CICompilerCount                          = 4                                         {product} {ergonomic}
     uint ConcGCThreads                            = 2                                         {product} {ergonomic}
     uint G1ConcRefinementThreads                  = 8                                         {product} {ergonomic}
   size_t G1HeapRegionSize                         = 2097152                                   {product} {ergonomic}
    uintx GCDrainStackTargetSize                   = 64                                        {product} {ergonomic}
   size_t InitialHeapSize                          = 536870912                                 {product} {ergonomic}
   size_t MarkStackSize                            = 4194304                                   {product} {ergonomic}
   size_t MaxHeapSize                              = 8560574464                                {product} {ergonomic}
   size_t MaxNewSize                               = 5135925248                                {product} {ergonomic}
   size_t MinHeapDeltaBytes                        = 2097152                                   {product} {ergonomic}
   size_t MinHeapSize                              = 8388608                                   {product} {ergonomic}
    uintx NonNMethodCodeHeapSize                   = 5839372                                {pd product} {ergonomic}
    uintx NonProfiledCodeHeapSize                  = 122909434                              {pd product} {ergonomic}
    uintx ProfiledCodeHeapSize                     = 122909434                              {pd product} {ergonomic}
    uintx ReservedCodeCacheSize                    = 251658240                              {pd product} {ergonomic}
     bool SegmentedCodeCache                       = true                                      {product} {ergonomic}
   size_t SoftMaxHeapSize                          = 8560574464                             {manageable} {ergonomic}
     bool UseCompressedClassPointers               = true                                 {lp64_product} {ergonomic}
     bool UseCompressedOops                        = true                                 {lp64_product} {ergonomic}
     bool UseG1GC                                  = true                                      {product} {ergonomic}
     bool UseLargePagesIndividualAllocation        = false                                  {pd product} {ergonomic}

Logging:
Log output configuration:
 #0: stdout all=warning uptime,level,tags
 #1: stderr all=off uptime,level,tags

Environment Variables:
PATH=C:\Program Files\Git\usr\local\bin;C:\Program Files\Java\jdk-11.0.2\bin;C:\Program Files\Git\bin;C:\Python39\Scripts\;C:\Python39\;C:\Program Files\Common Files\Oracle\Java\javapath;C:\WINDOWS\system32;C:\WINDOWS;C:\WINDOWS\System32\Wbem;C:\WINDOWS\System32\WindowsPowerShell\v1.0\;C:\WINDOWS\System32\OpenSSH\;C:\jdk-11\bin;C:\Program Files\Git\cmd;C:\javafx-sdk-11.0.2;C:\Program Files\dotnet\;C:\Program Files\Microsoft SQL Server\130\Tools\Binn\;C:\Program Files\Microsoft SQL Server\Client SDK\ODBC\170\Tools\Binn\;C:\Program Files\nodejs\;C:\ProgramData\chocolatey\bin;;C:\Program Files (x86)\NVIDIA Corporation\PhysX\Common;C:\Users\Dell Precision\AppData\Local\Microsoft\WindowsApps;C:\jdk-11\bin;C:\javafx-sdk-11.0.2;C:\Users\Dell Precision\.dotnet\tools;C:\Users\Dell Precision\AppData\Local\Programs\Microsoft VS Code\bin;C:\Users\Dell Precision\AppData\Roaming\npm;;C:\Users\Dell Precision\AppData\Local\Programs\Fiddler
USERNAME=Dell Precision
OS=Windows_NT
PROCESSOR_IDENTIFIER=Intel64 Family 6 Model 158 Stepping 9, GenuineIntel



---------------  S Y S T E M  ---------------

OS: Windows 10 , 64 bit Build 19041 (10.0.19041.1023)
OS uptime: 0 days 11:01 hours

CPU:total 8 (initial active 8) (4 cores per cpu, 2 threads per core) family 6 model 158 stepping 9, cmov, cx8, fxsr, mmx, sse, sse2, sse3, ssse3, sse4.1, sse4.2, popcnt, avx, avx2, aes, clmul, erms, rtm, 3dnowpref, lzcnt, ht, tsc, tscinvbit, bmi1, bmi2, adx, fma

Memory: 4k page, system-wide physical 32649M (23441M free)
TotalPageFile size 37513M (AvailPageFile size 26724M)
current process WorkingSet (physical memory assigned to process): 52M, peak: 52M
current process commit charge ("private bytes"): 629M, peak: 629M

vm_info: OpenJDK 64-Bit Server VM (14.0.2+12-46) for windows-amd64 JRE (14.0.2+12-46), built on Jul  9 2020 00:31:16 by "mach5one" with MS VC++ 15.9 (VS2017)

END.
