#
# A fatal error has been detected by the Java Runtime Environment:
#
#  EXCEPTION_ACCESS_VIOLATION (0xc0000005) at pc=0x00007fffebdade70, pid=7668, tid=20412
#
# JRE version: OpenJDK Runtime Environment (14.0.2+12) (build 14.0.2+12-46)
# Java VM: OpenJDK 64-Bit Server VM (14.0.2+12-46, mixed mode, sharing, tiered, compressed oops, g1 gc, windows-amd64)
# Problematic frame:
# C  [jimgui.dll+0x3de70]
#
# No core dump will be written. Minidumps are not enabled by default on client versions of Windows
#
# If you would like to submit a bug report, please visit:
#   https://bugreport.java.com/bugreport/crash.jsp
# The crash happened outside the Java Virtual Machine in native code.
# See problematic frame for where to report the bug.
#

---------------  S U M M A R Y ------------

Command Line: -javaagent:C:\Program Files\JetBrains\IntelliJ IDEA Community Edition 2020.2.1\lib\idea_rt.jar=51097:C:\Program Files\JetBrains\IntelliJ IDEA Community Edition 2020.2.1\bin -Dfile.encoding=UTF-8 main

Host: Intel(R) Xeon(R) CPU E3-1505M v6 @ 3.00GHz, 8 cores, 31G,  Windows 10 , 64 bit Build 19041 (10.0.19041.928)
Time: Mon Apr 26 18:41:22 2021 Eastern Daylight Time elapsed time: 0 seconds (0d 0h 0m 0s)

---------------  T H R E A D  ---------------

Current thread (0x00000263a306a000):  JavaThread "main" [_thread_in_native, id=20412, stack(0x0000006993d00000,0x0000006993e00000)]

Stack: [0x0000006993d00000,0x0000006993e00000],  sp=0x0000006993dff310,  free space=1020k
Native frames: (J=compiled Java code, j=interpreted, Vv=VM code, C=native code)
C  [jimgui.dll+0x3de70]

Java frames: (J=compiled Java code, j=interpreted, Vv=VM code)
j  org.ice1000.jimgui.JImGuiGen.showStyleEditor(J)V+0
j  org.ice1000.jimgui.JImGuiGen.showStyleEditor()V+1
j  main.render()V+101
j  main.main([Ljava/lang/String;)V+0
v  ~StubRoutines::call_stub

siginfo: EXCEPTION_ACCESS_VIOLATION (0xc0000005), reading address 0x0000000000001560


Register to memory mapping:

RIP=0x00007fffebdade70 jimgui.dll
RAX=0x0000000000001560 is an unknown value
RBX=0x00007fffebe72a80 jimgui.dll
RCX=0x00007fffebe72a80 jimgui.dll
RDX=0x0000000000000008 is an unknown value
RSP=0x0000006993dff310 is pointing into the stack for thread: 0x00000263a306a000
RBP=0x0000006993dff3e9 is pointing into the stack for thread: 0x00000263a306a000
RSI=0x0000000000000008 is an unknown value
RDI=0x0000000000001560 is an unknown value
R8 =0x00007fffebe7e6c0 jimgui.dll
R9 =0x0000000000000004 is an unknown value
R10=0x00000263ab82f3e8 is at code_begin+1000 in an Interpreter codelet
method entry point (kind = native)  [0x00000263ab82f000, 0x00000263ab82faa0]  2720 bytes
R11=0x00000006218ea9a8 is an oop: java.lang.Class 
{0x00000006218ea9a8} - klass: 'java/lang/Class'
R12=0x0 is NULL
R13={method} {0x00000263d0a23d48} 'showStyleEditor' '(J)V' in 'org/ice1000/jimgui/JImGuiGen'
R14=0x0 is NULL
R15=0x00000263a306a000 is a thread


Registers:
RAX=0x0000000000001560, RBX=0x00007fffebe72a80, RCX=0x00007fffebe72a80, RDX=0x0000000000000008
RSP=0x0000006993dff310, RBP=0x0000006993dff3e9, RSI=0x0000000000000008, RDI=0x0000000000001560
R8 =0x00007fffebe7e6c0, R9 =0x0000000000000004, R10=0x00000263ab82f3e8, R11=0x00000006218ea9a8
R12=0x0000000000000000, R13=0x00000263d0a23d40, R14=0x0000000000000000, R15=0x00000263a306a000
RIP=0x00007fffebdade70, EFLAGS=0x0000000000010246

Top of Stack: (sp=0x0000006993dff310)
0x0000006993dff310:   00007fffebe72a80 00007fffc653fb76
0x0000006993dff320:   00007fffebe72a80 000000000000000b
0x0000006993dff330:   00000263a306ac80 0000000000000000
0x0000006993dff340:   00000263a306a000 000000000000000b
0x0000006993dff350:   0000006993dff460 00007fffc62aa59d
0x0000006993dff360:   000042900d879653 00000000000000b6
0x0000006993dff370:   0000000000000000 0000000000000000
0x0000006993dff380:   0000000000000000 0000000000000000
0x0000006993dff390:   0000000000000000 0000000000000000
0x0000006993dff3a0:   0000000000000000 0000000000000000
0x0000006993dff3b0:   0000000000000000 0000000000000000
0x0000006993dff3c0:   0000000000000000 0000000000000000
0x0000006993dff3d0:   0000000000000000 0000000000000000
0x0000006993dff3e0:   0000000000000000 0000000000000000
0x0000006993dff3f0:   0000000000000000 0000000000000000
0x0000006993dff400:   0000000000000000 0000000000000000 

Instructions: (pc=0x00007fffebdade70)
0x00007fffebdadd70:   00 44 0f 28 4c 24 40 44 0f 28 44 24 50 0f 28 7c
0x00007fffebdadd80:   24 60 48 8b b4 24 98 00 00 00 48 8b ac 24 90 00
0x00007fffebdadd90:   00 00 48 8b 9c 24 a0 00 00 00 0f 28 74 24 70 48
0x00007fffebdadda0:   81 c4 80 00 00 00 5f e9 04 dd fd ff cc cc cc cc
0x00007fffebdaddb0:   48 8b c4 48 89 58 20 55 56 57 41 54 41 55 41 56
0x00007fffebdaddc0:   41 57 48 8d 68 a1 48 81 ec 00 01 00 00 0f 29 70
0x00007fffebdaddd0:   b8 0f 29 78 a8 44 0f 29 40 98 44 0f 29 48 88 44
0x00007fffebdadde0:   0f 29 90 78 ff ff ff 44 0f 29 98 68 ff ff ff 44
0x00007fffebdaddf0:   0f 29 a0 58 ff ff ff 44 0f 29 a8 48 ff ff ff 44
0x00007fffebdade00:   0f 29 74 24 70 44 0f 29 7c 24 60 4c 8b f1 e8 1d
0x00007fffebdade10:   3c fd ff 48 8b f8 44 8b 05 eb 08 0d 00 65 48 8b
0x00007fffebdade20:   14 25 58 00 00 00 b9 04 00 00 00 4a 8b 04 c2 48
0x00007fffebdade30:   89 45 6f 48 8d 1d 46 4c 0c 00 8b 14 08 39 15 51
0x00007fffebdade40:   50 0c 00 0f 8f fb 13 00 00 be 08 00 00 00 80 3d
0x00007fffebdade50:   ff 38 0c 00 00 74 77 4d 85 f6 75 72 48 8b c7 48
0x00007fffebdade60:   8b cb 8b d6 0f 1f 40 00 0f 1f 84 00 00 00 00 00
0x00007fffebdade70:   0f 10 00 0f 11 01 0f 10 48 10 0f 11 49 10 0f 10
0x00007fffebdade80:   40 20 0f 11 41 20 0f 10 48 30 0f 11 49 30 0f 10
0x00007fffebdade90:   40 40 0f 11 41 40 0f 10 48 50 0f 11 49 50 0f 10
0x00007fffebdadea0:   40 60 0f 11 41 60 48 8d 89 80 00 00 00 0f 10 48
0x00007fffebdadeb0:   70 0f 11 49 f0 48 8d 80 80 00 00 00 48 83 ea 01
0x00007fffebdadec0:   75 ae 0f 10 00 0f 11 01 8b 40 10 89 41 10 c6 05
0x00007fffebdaded0:   7f 38 0c 00 00 4c 8b fb 4d 85 f6 4d 0f 45 fe e8
0x00007fffebdadee0:   0c 48 fd ff f3 0f 59 05 e8 86 07 00 e8 df e4 fd
0x00007fffebdadef0:   ff 41 b9 ff ff ff ff 4c 8d 05 32 32 08 00 48 8d
0x00007fffebdadf00:   15 4b 38 0c 00 48 8d 0d fc 36 08 00 e8 af f9 02
0x00007fffebdadf10:   00 84 c0 0f 84 95 00 00 00 8b 0d 31 38 0c 00 85
0x00007fffebdadf20:   c9 74 1c 83 e9 01 74 0e 83 f9 01 75 19 33 c9 e8
0x00007fffebdadf30:   ac f0 00 00 eb 10 33 c9 e8 d3 fa 00 00 eb 07 33
0x00007fffebdadf40:   c9 e8 ba f5 00 00 48 8b c7 48 8b cb 48 8b d6 90
0x00007fffebdadf50:   0f 10 00 0f 11 01 0f 10 48 10 0f 11 49 10 0f 10
0x00007fffebdadf60:   40 20 0f 11 41 20 0f 10 48 30 0f 11 49 30 0f 10 


Stack slot to memory mapping:
stack at sp + 0 slots: 0x00007fffebe72a80 jimgui.dll
stack at sp + 1 slots: 0x00007fffc653fb76 jvm.dll
stack at sp + 2 slots: 0x00007fffebe72a80 jimgui.dll
stack at sp + 3 slots: 0x000000000000000b is an unknown value
stack at sp + 4 slots: 0x00000263a306ac80 points into unknown readable memory: 00 00 00 00 00 00 00 00
stack at sp + 5 slots: 0x0 is NULL
stack at sp + 6 slots: 0x00000263a306a000 is a thread
stack at sp + 7 slots: 0x000000000000000b is an unknown value


---------------  P R O C E S S  ---------------

Threads class SMR info:
_java_thread_list=0x00000263d11ccea0, length=12, elements={
0x00000263a306a000, 0x00000263d05ea800, 0x00000263d05ec000, 0x00000263d0f21000,
0x00000263d0f24000, 0x00000263d0f26800, 0x00000263d0f27800, 0x00000263d0f32800,
0x00000263d0f48800, 0x00000263d1057800, 0x00000263d10f3800, 0x00000263d10f8000
}

Java Threads: ( => current thread )
=>0x00000263a306a000 JavaThread "main" [_thread_in_native, id=20412, stack(0x0000006993d00000,0x0000006993e00000)]
  0x00000263d05ea800 JavaThread "Reference Handler" daemon [_thread_blocked, id=20016, stack(0x0000006994400000,0x0000006994500000)]
  0x00000263d05ec000 JavaThread "Finalizer" daemon [_thread_blocked, id=20224, stack(0x0000006994500000,0x0000006994600000)]
  0x00000263d0f21000 JavaThread "Signal Dispatcher" daemon [_thread_blocked, id=6500, stack(0x0000006994600000,0x0000006994700000)]
  0x00000263d0f24000 JavaThread "Attach Listener" daemon [_thread_blocked, id=20656, stack(0x0000006994700000,0x0000006994800000)]
  0x00000263d0f26800 JavaThread "Service Thread" daemon [_thread_blocked, id=4712, stack(0x0000006994800000,0x0000006994900000)]
  0x00000263d0f27800 JavaThread "C2 CompilerThread0" daemon [_thread_blocked, id=16140, stack(0x0000006994900000,0x0000006994a00000)]
  0x00000263d0f32800 JavaThread "C1 CompilerThread0" daemon [_thread_blocked, id=22468, stack(0x0000006994a00000,0x0000006994b00000)]
  0x00000263d0f48800 JavaThread "Sweeper thread" daemon [_thread_blocked, id=23452, stack(0x0000006994b00000,0x0000006994c00000)]
  0x00000263d1057800 JavaThread "Common-Cleaner" daemon [_thread_blocked, id=22292, stack(0x0000006994c00000,0x0000006994d00000)]
  0x00000263d10f3800 JavaThread "Monitor Ctrl-Break" daemon [_thread_in_native, id=21552, stack(0x0000006994e00000,0x0000006994f00000)]
  0x00000263d10f8000 JavaThread "Notification Thread" daemon [_thread_blocked, id=15968, stack(0x0000006994f00000,0x0000006995000000)]

Other Threads:
  0x00000263d05e7000 VMThread "VM Thread" [stack: 0x0000006994300000,0x0000006994400000] [id=6824]
  0x00000263d10f9000 WatcherThread [stack: 0x0000006995000000,0x0000006995100000] [id=16636]
  0x00000263a30ee000 GCTaskThread "GC Thread#0" [stack: 0x0000006993e00000,0x0000006993f00000] [id=9528]
  0x00000263a3110000 ConcurrentGCThread "G1 Main Marker" [stack: 0x0000006993f00000,0x0000006994000000] [id=1532]
  0x00000263a3112000 ConcurrentGCThread "G1 Conc#0" [stack: 0x0000006994000000,0x0000006994100000] [id=21788]
  0x00000263d0572800 ConcurrentGCThread "G1 Refine#0" [stack: 0x0000006994100000,0x0000006994200000] [id=20748]
  0x00000263d0574000 ConcurrentGCThread "G1 Young RemSet Sampling" [stack: 0x0000006994200000,0x0000006994300000] [id=23464]

Threads with active compile tasks:

VM state:not at safepoint (normal execution)

VM Mutex/Monitor currently owned by a thread: None

Heap address: 0x0000000601c00000, size: 8164 MB, Compressed Oops mode: Zero based, Oop shift amount: 3
Narrow klass base: 0x0000000800000000, Narrow klass shift: 3
Compressed class space size: 1073741824 Address: 0x0000000800b30000

Heap:
 garbage-first heap   total 524288K, used 2048K [0x0000000601c00000, 0x0000000800000000)
  region size 2048K, 2 young (4096K), 0 survivors (0K)
 Metaspace       used 1491K, capacity 4897K, committed 5120K, reserved 1056768K
  class space    used 130K, capacity 440K, committed 512K, reserved 1048576K
Heap Regions: E=young(eden), S=young(survivor), O=old, HS=humongous(starts), HC=humongous(continues), CS=collection set, F=free, OA=open archive, CA=closed archive, TAMS=top-at-mark-start (previous, next)
|   0|0x0000000601c00000, 0x0000000601c00000, 0x0000000601e00000|  0%| F|  |TAMS 0x0000000601c00000, 0x0000000601c00000| Untracked 
|   1|0x0000000601e00000, 0x0000000601e00000, 0x0000000602000000|  0%| F|  |TAMS 0x0000000601e00000, 0x0000000601e00000| Untracked 
|   2|0x0000000602000000, 0x0000000602000000, 0x0000000602200000|  0%| F|  |TAMS 0x0000000602000000, 0x0000000602000000| Untracked 
|   3|0x0000000602200000, 0x0000000602200000, 0x0000000602400000|  0%| F|  |TAMS 0x0000000602200000, 0x0000000602200000| Untracked 
|   4|0x0000000602400000, 0x0000000602400000, 0x0000000602600000|  0%| F|  |TAMS 0x0000000602400000, 0x0000000602400000| Untracked 
|   5|0x0000000602600000, 0x0000000602600000, 0x0000000602800000|  0%| F|  |TAMS 0x0000000602600000, 0x0000000602600000| Untracked 
|   6|0x0000000602800000, 0x0000000602800000, 0x0000000602a00000|  0%| F|  |TAMS 0x0000000602800000, 0x0000000602800000| Untracked 
|   7|0x0000000602a00000, 0x0000000602a00000, 0x0000000602c00000|  0%| F|  |TAMS 0x0000000602a00000, 0x0000000602a00000| Untracked 
|   8|0x0000000602c00000, 0x0000000602c00000, 0x0000000602e00000|  0%| F|  |TAMS 0x0000000602c00000, 0x0000000602c00000| Untracked 
|   9|0x0000000602e00000, 0x0000000602e00000, 0x0000000603000000|  0%| F|  |TAMS 0x0000000602e00000, 0x0000000602e00000| Untracked 
|  10|0x0000000603000000, 0x0000000603000000, 0x0000000603200000|  0%| F|  |TAMS 0x0000000603000000, 0x0000000603000000| Untracked 
|  11|0x0000000603200000, 0x0000000603200000, 0x0000000603400000|  0%| F|  |TAMS 0x0000000603200000, 0x0000000603200000| Untracked 
|  12|0x0000000603400000, 0x0000000603400000, 0x0000000603600000|  0%| F|  |TAMS 0x0000000603400000, 0x0000000603400000| Untracked 
|  13|0x0000000603600000, 0x0000000603600000, 0x0000000603800000|  0%| F|  |TAMS 0x0000000603600000, 0x0000000603600000| Untracked 
|  14|0x0000000603800000, 0x0000000603800000, 0x0000000603a00000|  0%| F|  |TAMS 0x0000000603800000, 0x0000000603800000| Untracked 
|  15|0x0000000603a00000, 0x0000000603a00000, 0x0000000603c00000|  0%| F|  |TAMS 0x0000000603a00000, 0x0000000603a00000| Untracked 
|  16|0x0000000603c00000, 0x0000000603c00000, 0x0000000603e00000|  0%| F|  |TAMS 0x0000000603c00000, 0x0000000603c00000| Untracked 
|  17|0x0000000603e00000, 0x0000000603e00000, 0x0000000604000000|  0%| F|  |TAMS 0x0000000603e00000, 0x0000000603e00000| Untracked 
|  18|0x0000000604000000, 0x0000000604000000, 0x0000000604200000|  0%| F|  |TAMS 0x0000000604000000, 0x0000000604000000| Untracked 
|  19|0x0000000604200000, 0x0000000604200000, 0x0000000604400000|  0%| F|  |TAMS 0x0000000604200000, 0x0000000604200000| Untracked 
|  20|0x0000000604400000, 0x0000000604400000, 0x0000000604600000|  0%| F|  |TAMS 0x0000000604400000, 0x0000000604400000| Untracked 
|  21|0x0000000604600000, 0x0000000604600000, 0x0000000604800000|  0%| F|  |TAMS 0x0000000604600000, 0x0000000604600000| Untracked 
|  22|0x0000000604800000, 0x0000000604800000, 0x0000000604a00000|  0%| F|  |TAMS 0x0000000604800000, 0x0000000604800000| Untracked 
|  23|0x0000000604a00000, 0x0000000604a00000, 0x0000000604c00000|  0%| F|  |TAMS 0x0000000604a00000, 0x0000000604a00000| Untracked 
|  24|0x0000000604c00000, 0x0000000604c00000, 0x0000000604e00000|  0%| F|  |TAMS 0x0000000604c00000, 0x0000000604c00000| Untracked 
|  25|0x0000000604e00000, 0x0000000604e00000, 0x0000000605000000|  0%| F|  |TAMS 0x0000000604e00000, 0x0000000604e00000| Untracked 
|  26|0x0000000605000000, 0x0000000605000000, 0x0000000605200000|  0%| F|  |TAMS 0x0000000605000000, 0x0000000605000000| Untracked 
|  27|0x0000000605200000, 0x0000000605200000, 0x0000000605400000|  0%| F|  |TAMS 0x0000000605200000, 0x0000000605200000| Untracked 
|  28|0x0000000605400000, 0x0000000605400000, 0x0000000605600000|  0%| F|  |TAMS 0x0000000605400000, 0x0000000605400000| Untracked 
|  29|0x0000000605600000, 0x0000000605600000, 0x0000000605800000|  0%| F|  |TAMS 0x0000000605600000, 0x0000000605600000| Untracked 
|  30|0x0000000605800000, 0x0000000605800000, 0x0000000605a00000|  0%| F|  |TAMS 0x0000000605800000, 0x0000000605800000| Untracked 
|  31|0x0000000605a00000, 0x0000000605a00000, 0x0000000605c00000|  0%| F|  |TAMS 0x0000000605a00000, 0x0000000605a00000| Untracked 
|  32|0x0000000605c00000, 0x0000000605c00000, 0x0000000605e00000|  0%| F|  |TAMS 0x0000000605c00000, 0x0000000605c00000| Untracked 
|  33|0x0000000605e00000, 0x0000000605e00000, 0x0000000606000000|  0%| F|  |TAMS 0x0000000605e00000, 0x0000000605e00000| Untracked 
|  34|0x0000000606000000, 0x0000000606000000, 0x0000000606200000|  0%| F|  |TAMS 0x0000000606000000, 0x0000000606000000| Untracked 
|  35|0x0000000606200000, 0x0000000606200000, 0x0000000606400000|  0%| F|  |TAMS 0x0000000606200000, 0x0000000606200000| Untracked 
|  36|0x0000000606400000, 0x0000000606400000, 0x0000000606600000|  0%| F|  |TAMS 0x0000000606400000, 0x0000000606400000| Untracked 
|  37|0x0000000606600000, 0x0000000606600000, 0x0000000606800000|  0%| F|  |TAMS 0x0000000606600000, 0x0000000606600000| Untracked 
|  38|0x0000000606800000, 0x0000000606800000, 0x0000000606a00000|  0%| F|  |TAMS 0x0000000606800000, 0x0000000606800000| Untracked 
|  39|0x0000000606a00000, 0x0000000606a00000, 0x0000000606c00000|  0%| F|  |TAMS 0x0000000606a00000, 0x0000000606a00000| Untracked 
|  40|0x0000000606c00000, 0x0000000606c00000, 0x0000000606e00000|  0%| F|  |TAMS 0x0000000606c00000, 0x0000000606c00000| Untracked 
|  41|0x0000000606e00000, 0x0000000606e00000, 0x0000000607000000|  0%| F|  |TAMS 0x0000000606e00000, 0x0000000606e00000| Untracked 
|  42|0x0000000607000000, 0x0000000607000000, 0x0000000607200000|  0%| F|  |TAMS 0x0000000607000000, 0x0000000607000000| Untracked 
|  43|0x0000000607200000, 0x0000000607200000, 0x0000000607400000|  0%| F|  |TAMS 0x0000000607200000, 0x0000000607200000| Untracked 
|  44|0x0000000607400000, 0x0000000607400000, 0x0000000607600000|  0%| F|  |TAMS 0x0000000607400000, 0x0000000607400000| Untracked 
|  45|0x0000000607600000, 0x0000000607600000, 0x0000000607800000|  0%| F|  |TAMS 0x0000000607600000, 0x0000000607600000| Untracked 
|  46|0x0000000607800000, 0x0000000607800000, 0x0000000607a00000|  0%| F|  |TAMS 0x0000000607800000, 0x0000000607800000| Untracked 
|  47|0x0000000607a00000, 0x0000000607a00000, 0x0000000607c00000|  0%| F|  |TAMS 0x0000000607a00000, 0x0000000607a00000| Untracked 
|  48|0x0000000607c00000, 0x0000000607c00000, 0x0000000607e00000|  0%| F|  |TAMS 0x0000000607c00000, 0x0000000607c00000| Untracked 
|  49|0x0000000607e00000, 0x0000000607e00000, 0x0000000608000000|  0%| F|  |TAMS 0x0000000607e00000, 0x0000000607e00000| Untracked 
|  50|0x0000000608000000, 0x0000000608000000, 0x0000000608200000|  0%| F|  |TAMS 0x0000000608000000, 0x0000000608000000| Untracked 
|  51|0x0000000608200000, 0x0000000608200000, 0x0000000608400000|  0%| F|  |TAMS 0x0000000608200000, 0x0000000608200000| Untracked 
|  52|0x0000000608400000, 0x0000000608400000, 0x0000000608600000|  0%| F|  |TAMS 0x0000000608400000, 0x0000000608400000| Untracked 
|  53|0x0000000608600000, 0x0000000608600000, 0x0000000608800000|  0%| F|  |TAMS 0x0000000608600000, 0x0000000608600000| Untracked 
|  54|0x0000000608800000, 0x0000000608800000, 0x0000000608a00000|  0%| F|  |TAMS 0x0000000608800000, 0x0000000608800000| Untracked 
|  55|0x0000000608a00000, 0x0000000608a00000, 0x0000000608c00000|  0%| F|  |TAMS 0x0000000608a00000, 0x0000000608a00000| Untracked 
|  56|0x0000000608c00000, 0x0000000608c00000, 0x0000000608e00000|  0%| F|  |TAMS 0x0000000608c00000, 0x0000000608c00000| Untracked 
|  57|0x0000000608e00000, 0x0000000608e00000, 0x0000000609000000|  0%| F|  |TAMS 0x0000000608e00000, 0x0000000608e00000| Untracked 
|  58|0x0000000609000000, 0x0000000609000000, 0x0000000609200000|  0%| F|  |TAMS 0x0000000609000000, 0x0000000609000000| Untracked 
|  59|0x0000000609200000, 0x0000000609200000, 0x0000000609400000|  0%| F|  |TAMS 0x0000000609200000, 0x0000000609200000| Untracked 
|  60|0x0000000609400000, 0x0000000609400000, 0x0000000609600000|  0%| F|  |TAMS 0x0000000609400000, 0x0000000609400000| Untracked 
|  61|0x0000000609600000, 0x0000000609600000, 0x0000000609800000|  0%| F|  |TAMS 0x0000000609600000, 0x0000000609600000| Untracked 
|  62|0x0000000609800000, 0x0000000609800000, 0x0000000609a00000|  0%| F|  |TAMS 0x0000000609800000, 0x0000000609800000| Untracked 
|  63|0x0000000609a00000, 0x0000000609a00000, 0x0000000609c00000|  0%| F|  |TAMS 0x0000000609a00000, 0x0000000609a00000| Untracked 
|  64|0x0000000609c00000, 0x0000000609c00000, 0x0000000609e00000|  0%| F|  |TAMS 0x0000000609c00000, 0x0000000609c00000| Untracked 
|  65|0x0000000609e00000, 0x0000000609e00000, 0x000000060a000000|  0%| F|  |TAMS 0x0000000609e00000, 0x0000000609e00000| Untracked 
|  66|0x000000060a000000, 0x000000060a000000, 0x000000060a200000|  0%| F|  |TAMS 0x000000060a000000, 0x000000060a000000| Untracked 
|  67|0x000000060a200000, 0x000000060a200000, 0x000000060a400000|  0%| F|  |TAMS 0x000000060a200000, 0x000000060a200000| Untracked 
|  68|0x000000060a400000, 0x000000060a400000, 0x000000060a600000|  0%| F|  |TAMS 0x000000060a400000, 0x000000060a400000| Untracked 
|  69|0x000000060a600000, 0x000000060a600000, 0x000000060a800000|  0%| F|  |TAMS 0x000000060a600000, 0x000000060a600000| Untracked 
|  70|0x000000060a800000, 0x000000060a800000, 0x000000060aa00000|  0%| F|  |TAMS 0x000000060a800000, 0x000000060a800000| Untracked 
|  71|0x000000060aa00000, 0x000000060aa00000, 0x000000060ac00000|  0%| F|  |TAMS 0x000000060aa00000, 0x000000060aa00000| Untracked 
|  72|0x000000060ac00000, 0x000000060ac00000, 0x000000060ae00000|  0%| F|  |TAMS 0x000000060ac00000, 0x000000060ac00000| Untracked 
|  73|0x000000060ae00000, 0x000000060ae00000, 0x000000060b000000|  0%| F|  |TAMS 0x000000060ae00000, 0x000000060ae00000| Untracked 
|  74|0x000000060b000000, 0x000000060b000000, 0x000000060b200000|  0%| F|  |TAMS 0x000000060b000000, 0x000000060b000000| Untracked 
|  75|0x000000060b200000, 0x000000060b200000, 0x000000060b400000|  0%| F|  |TAMS 0x000000060b200000, 0x000000060b200000| Untracked 
|  76|0x000000060b400000, 0x000000060b400000, 0x000000060b600000|  0%| F|  |TAMS 0x000000060b400000, 0x000000060b400000| Untracked 
|  77|0x000000060b600000, 0x000000060b600000, 0x000000060b800000|  0%| F|  |TAMS 0x000000060b600000, 0x000000060b600000| Untracked 
|  78|0x000000060b800000, 0x000000060b800000, 0x000000060ba00000|  0%| F|  |TAMS 0x000000060b800000, 0x000000060b800000| Untracked 
|  79|0x000000060ba00000, 0x000000060ba00000, 0x000000060bc00000|  0%| F|  |TAMS 0x000000060ba00000, 0x000000060ba00000| Untracked 
|  80|0x000000060bc00000, 0x000000060bc00000, 0x000000060be00000|  0%| F|  |TAMS 0x000000060bc00000, 0x000000060bc00000| Untracked 
|  81|0x000000060be00000, 0x000000060be00000, 0x000000060c000000|  0%| F|  |TAMS 0x000000060be00000, 0x000000060be00000| Untracked 
|  82|0x000000060c000000, 0x000000060c000000, 0x000000060c200000|  0%| F|  |TAMS 0x000000060c000000, 0x000000060c000000| Untracked 
|  83|0x000000060c200000, 0x000000060c200000, 0x000000060c400000|  0%| F|  |TAMS 0x000000060c200000, 0x000000060c200000| Untracked 
|  84|0x000000060c400000, 0x000000060c400000, 0x000000060c600000|  0%| F|  |TAMS 0x000000060c400000, 0x000000060c400000| Untracked 
|  85|0x000000060c600000, 0x000000060c600000, 0x000000060c800000|  0%| F|  |TAMS 0x000000060c600000, 0x000000060c600000| Untracked 
|  86|0x000000060c800000, 0x000000060c800000, 0x000000060ca00000|  0%| F|  |TAMS 0x000000060c800000, 0x000000060c800000| Untracked 
|  87|0x000000060ca00000, 0x000000060ca00000, 0x000000060cc00000|  0%| F|  |TAMS 0x000000060ca00000, 0x000000060ca00000| Untracked 
|  88|0x000000060cc00000, 0x000000060cc00000, 0x000000060ce00000|  0%| F|  |TAMS 0x000000060cc00000, 0x000000060cc00000| Untracked 
|  89|0x000000060ce00000, 0x000000060ce00000, 0x000000060d000000|  0%| F|  |TAMS 0x000000060ce00000, 0x000000060ce00000| Untracked 
|  90|0x000000060d000000, 0x000000060d000000, 0x000000060d200000|  0%| F|  |TAMS 0x000000060d000000, 0x000000060d000000| Untracked 
|  91|0x000000060d200000, 0x000000060d200000, 0x000000060d400000|  0%| F|  |TAMS 0x000000060d200000, 0x000000060d200000| Untracked 
|  92|0x000000060d400000, 0x000000060d400000, 0x000000060d600000|  0%| F|  |TAMS 0x000000060d400000, 0x000000060d400000| Untracked 
|  93|0x000000060d600000, 0x000000060d600000, 0x000000060d800000|  0%| F|  |TAMS 0x000000060d600000, 0x000000060d600000| Untracked 
|  94|0x000000060d800000, 0x000000060d800000, 0x000000060da00000|  0%| F|  |TAMS 0x000000060d800000, 0x000000060d800000| Untracked 
|  95|0x000000060da00000, 0x000000060da00000, 0x000000060dc00000|  0%| F|  |TAMS 0x000000060da00000, 0x000000060da00000| Untracked 
|  96|0x000000060dc00000, 0x000000060dc00000, 0x000000060de00000|  0%| F|  |TAMS 0x000000060dc00000, 0x000000060dc00000| Untracked 
|  97|0x000000060de00000, 0x000000060de00000, 0x000000060e000000|  0%| F|  |TAMS 0x000000060de00000, 0x000000060de00000| Untracked 
|  98|0x000000060e000000, 0x000000060e000000, 0x000000060e200000|  0%| F|  |TAMS 0x000000060e000000, 0x000000060e000000| Untracked 
|  99|0x000000060e200000, 0x000000060e200000, 0x000000060e400000|  0%| F|  |TAMS 0x000000060e200000, 0x000000060e200000| Untracked 
| 100|0x000000060e400000, 0x000000060e400000, 0x000000060e600000|  0%| F|  |TAMS 0x000000060e400000, 0x000000060e400000| Untracked 
| 101|0x000000060e600000, 0x000000060e600000, 0x000000060e800000|  0%| F|  |TAMS 0x000000060e600000, 0x000000060e600000| Untracked 
| 102|0x000000060e800000, 0x000000060e800000, 0x000000060ea00000|  0%| F|  |TAMS 0x000000060e800000, 0x000000060e800000| Untracked 
| 103|0x000000060ea00000, 0x000000060ea00000, 0x000000060ec00000|  0%| F|  |TAMS 0x000000060ea00000, 0x000000060ea00000| Untracked 
| 104|0x000000060ec00000, 0x000000060ec00000, 0x000000060ee00000|  0%| F|  |TAMS 0x000000060ec00000, 0x000000060ec00000| Untracked 
| 105|0x000000060ee00000, 0x000000060ee00000, 0x000000060f000000|  0%| F|  |TAMS 0x000000060ee00000, 0x000000060ee00000| Untracked 
| 106|0x000000060f000000, 0x000000060f000000, 0x000000060f200000|  0%| F|  |TAMS 0x000000060f000000, 0x000000060f000000| Untracked 
| 107|0x000000060f200000, 0x000000060f200000, 0x000000060f400000|  0%| F|  |TAMS 0x000000060f200000, 0x000000060f200000| Untracked 
| 108|0x000000060f400000, 0x000000060f400000, 0x000000060f600000|  0%| F|  |TAMS 0x000000060f400000, 0x000000060f400000| Untracked 
| 109|0x000000060f600000, 0x000000060f600000, 0x000000060f800000|  0%| F|  |TAMS 0x000000060f600000, 0x000000060f600000| Untracked 
| 110|0x000000060f800000, 0x000000060f800000, 0x000000060fa00000|  0%| F|  |TAMS 0x000000060f800000, 0x000000060f800000| Untracked 
| 111|0x000000060fa00000, 0x000000060fa00000, 0x000000060fc00000|  0%| F|  |TAMS 0x000000060fa00000, 0x000000060fa00000| Untracked 
| 112|0x000000060fc00000, 0x000000060fc00000, 0x000000060fe00000|  0%| F|  |TAMS 0x000000060fc00000, 0x000000060fc00000| Untracked 
| 113|0x000000060fe00000, 0x000000060fe00000, 0x0000000610000000|  0%| F|  |TAMS 0x000000060fe00000, 0x000000060fe00000| Untracked 
| 114|0x0000000610000000, 0x0000000610000000, 0x0000000610200000|  0%| F|  |TAMS 0x0000000610000000, 0x0000000610000000| Untracked 
| 115|0x0000000610200000, 0x0000000610200000, 0x0000000610400000|  0%| F|  |TAMS 0x0000000610200000, 0x0000000610200000| Untracked 
| 116|0x0000000610400000, 0x0000000610400000, 0x0000000610600000|  0%| F|  |TAMS 0x0000000610400000, 0x0000000610400000| Untracked 
| 117|0x0000000610600000, 0x0000000610600000, 0x0000000610800000|  0%| F|  |TAMS 0x0000000610600000, 0x0000000610600000| Untracked 
| 118|0x0000000610800000, 0x0000000610800000, 0x0000000610a00000|  0%| F|  |TAMS 0x0000000610800000, 0x0000000610800000| Untracked 
| 119|0x0000000610a00000, 0x0000000610a00000, 0x0000000610c00000|  0%| F|  |TAMS 0x0000000610a00000, 0x0000000610a00000| Untracked 
| 120|0x0000000610c00000, 0x0000000610c00000, 0x0000000610e00000|  0%| F|  |TAMS 0x0000000610c00000, 0x0000000610c00000| Untracked 
| 121|0x0000000610e00000, 0x0000000610e00000, 0x0000000611000000|  0%| F|  |TAMS 0x0000000610e00000, 0x0000000610e00000| Untracked 
| 122|0x0000000611000000, 0x0000000611000000, 0x0000000611200000|  0%| F|  |TAMS 0x0000000611000000, 0x0000000611000000| Untracked 
| 123|0x0000000611200000, 0x0000000611200000, 0x0000000611400000|  0%| F|  |TAMS 0x0000000611200000, 0x0000000611200000| Untracked 
| 124|0x0000000611400000, 0x0000000611400000, 0x0000000611600000|  0%| F|  |TAMS 0x0000000611400000, 0x0000000611400000| Untracked 
| 125|0x0000000611600000, 0x0000000611600000, 0x0000000611800000|  0%| F|  |TAMS 0x0000000611600000, 0x0000000611600000| Untracked 
| 126|0x0000000611800000, 0x0000000611800000, 0x0000000611a00000|  0%| F|  |TAMS 0x0000000611800000, 0x0000000611800000| Untracked 
| 127|0x0000000611a00000, 0x0000000611a00000, 0x0000000611c00000|  0%| F|  |TAMS 0x0000000611a00000, 0x0000000611a00000| Untracked 
| 128|0x0000000611c00000, 0x0000000611c00000, 0x0000000611e00000|  0%| F|  |TAMS 0x0000000611c00000, 0x0000000611c00000| Untracked 
| 129|0x0000000611e00000, 0x0000000611e00000, 0x0000000612000000|  0%| F|  |TAMS 0x0000000611e00000, 0x0000000611e00000| Untracked 
| 130|0x0000000612000000, 0x0000000612000000, 0x0000000612200000|  0%| F|  |TAMS 0x0000000612000000, 0x0000000612000000| Untracked 
| 131|0x0000000612200000, 0x0000000612200000, 0x0000000612400000|  0%| F|  |TAMS 0x0000000612200000, 0x0000000612200000| Untracked 
| 132|0x0000000612400000, 0x0000000612400000, 0x0000000612600000|  0%| F|  |TAMS 0x0000000612400000, 0x0000000612400000| Untracked 
| 133|0x0000000612600000, 0x0000000612600000, 0x0000000612800000|  0%| F|  |TAMS 0x0000000612600000, 0x0000000612600000| Untracked 
| 134|0x0000000612800000, 0x0000000612800000, 0x0000000612a00000|  0%| F|  |TAMS 0x0000000612800000, 0x0000000612800000| Untracked 
| 135|0x0000000612a00000, 0x0000000612a00000, 0x0000000612c00000|  0%| F|  |TAMS 0x0000000612a00000, 0x0000000612a00000| Untracked 
| 136|0x0000000612c00000, 0x0000000612c00000, 0x0000000612e00000|  0%| F|  |TAMS 0x0000000612c00000, 0x0000000612c00000| Untracked 
| 137|0x0000000612e00000, 0x0000000612e00000, 0x0000000613000000|  0%| F|  |TAMS 0x0000000612e00000, 0x0000000612e00000| Untracked 
| 138|0x0000000613000000, 0x0000000613000000, 0x0000000613200000|  0%| F|  |TAMS 0x0000000613000000, 0x0000000613000000| Untracked 
| 139|0x0000000613200000, 0x0000000613200000, 0x0000000613400000|  0%| F|  |TAMS 0x0000000613200000, 0x0000000613200000| Untracked 
| 140|0x0000000613400000, 0x0000000613400000, 0x0000000613600000|  0%| F|  |TAMS 0x0000000613400000, 0x0000000613400000| Untracked 
| 141|0x0000000613600000, 0x0000000613600000, 0x0000000613800000|  0%| F|  |TAMS 0x0000000613600000, 0x0000000613600000| Untracked 
| 142|0x0000000613800000, 0x0000000613800000, 0x0000000613a00000|  0%| F|  |TAMS 0x0000000613800000, 0x0000000613800000| Untracked 
| 143|0x0000000613a00000, 0x0000000613a00000, 0x0000000613c00000|  0%| F|  |TAMS 0x0000000613a00000, 0x0000000613a00000| Untracked 
| 144|0x0000000613c00000, 0x0000000613c00000, 0x0000000613e00000|  0%| F|  |TAMS 0x0000000613c00000, 0x0000000613c00000| Untracked 
| 145|0x0000000613e00000, 0x0000000613e00000, 0x0000000614000000|  0%| F|  |TAMS 0x0000000613e00000, 0x0000000613e00000| Untracked 
| 146|0x0000000614000000, 0x0000000614000000, 0x0000000614200000|  0%| F|  |TAMS 0x0000000614000000, 0x0000000614000000| Untracked 
| 147|0x0000000614200000, 0x0000000614200000, 0x0000000614400000|  0%| F|  |TAMS 0x0000000614200000, 0x0000000614200000| Untracked 
| 148|0x0000000614400000, 0x0000000614400000, 0x0000000614600000|  0%| F|  |TAMS 0x0000000614400000, 0x0000000614400000| Untracked 
| 149|0x0000000614600000, 0x0000000614600000, 0x0000000614800000|  0%| F|  |TAMS 0x0000000614600000, 0x0000000614600000| Untracked 
| 150|0x0000000614800000, 0x0000000614800000, 0x0000000614a00000|  0%| F|  |TAMS 0x0000000614800000, 0x0000000614800000| Untracked 
| 151|0x0000000614a00000, 0x0000000614a00000, 0x0000000614c00000|  0%| F|  |TAMS 0x0000000614a00000, 0x0000000614a00000| Untracked 
| 152|0x0000000614c00000, 0x0000000614c00000, 0x0000000614e00000|  0%| F|  |TAMS 0x0000000614c00000, 0x0000000614c00000| Untracked 
| 153|0x0000000614e00000, 0x0000000614e00000, 0x0000000615000000|  0%| F|  |TAMS 0x0000000614e00000, 0x0000000614e00000| Untracked 
| 154|0x0000000615000000, 0x0000000615000000, 0x0000000615200000|  0%| F|  |TAMS 0x0000000615000000, 0x0000000615000000| Untracked 
| 155|0x0000000615200000, 0x0000000615200000, 0x0000000615400000|  0%| F|  |TAMS 0x0000000615200000, 0x0000000615200000| Untracked 
| 156|0x0000000615400000, 0x0000000615400000, 0x0000000615600000|  0%| F|  |TAMS 0x0000000615400000, 0x0000000615400000| Untracked 
| 157|0x0000000615600000, 0x0000000615600000, 0x0000000615800000|  0%| F|  |TAMS 0x0000000615600000, 0x0000000615600000| Untracked 
| 158|0x0000000615800000, 0x0000000615800000, 0x0000000615a00000|  0%| F|  |TAMS 0x0000000615800000, 0x0000000615800000| Untracked 
| 159|0x0000000615a00000, 0x0000000615a00000, 0x0000000615c00000|  0%| F|  |TAMS 0x0000000615a00000, 0x0000000615a00000| Untracked 
| 160|0x0000000615c00000, 0x0000000615c00000, 0x0000000615e00000|  0%| F|  |TAMS 0x0000000615c00000, 0x0000000615c00000| Untracked 
| 161|0x0000000615e00000, 0x0000000615e00000, 0x0000000616000000|  0%| F|  |TAMS 0x0000000615e00000, 0x0000000615e00000| Untracked 
| 162|0x0000000616000000, 0x0000000616000000, 0x0000000616200000|  0%| F|  |TAMS 0x0000000616000000, 0x0000000616000000| Untracked 
| 163|0x0000000616200000, 0x0000000616200000, 0x0000000616400000|  0%| F|  |TAMS 0x0000000616200000, 0x0000000616200000| Untracked 
| 164|0x0000000616400000, 0x0000000616400000, 0x0000000616600000|  0%| F|  |TAMS 0x0000000616400000, 0x0000000616400000| Untracked 
| 165|0x0000000616600000, 0x0000000616600000, 0x0000000616800000|  0%| F|  |TAMS 0x0000000616600000, 0x0000000616600000| Untracked 
| 166|0x0000000616800000, 0x0000000616800000, 0x0000000616a00000|  0%| F|  |TAMS 0x0000000616800000, 0x0000000616800000| Untracked 
| 167|0x0000000616a00000, 0x0000000616a00000, 0x0000000616c00000|  0%| F|  |TAMS 0x0000000616a00000, 0x0000000616a00000| Untracked 
| 168|0x0000000616c00000, 0x0000000616c00000, 0x0000000616e00000|  0%| F|  |TAMS 0x0000000616c00000, 0x0000000616c00000| Untracked 
| 169|0x0000000616e00000, 0x0000000616e00000, 0x0000000617000000|  0%| F|  |TAMS 0x0000000616e00000, 0x0000000616e00000| Untracked 
| 170|0x0000000617000000, 0x0000000617000000, 0x0000000617200000|  0%| F|  |TAMS 0x0000000617000000, 0x0000000617000000| Untracked 
| 171|0x0000000617200000, 0x0000000617200000, 0x0000000617400000|  0%| F|  |TAMS 0x0000000617200000, 0x0000000617200000| Untracked 
| 172|0x0000000617400000, 0x0000000617400000, 0x0000000617600000|  0%| F|  |TAMS 0x0000000617400000, 0x0000000617400000| Untracked 
| 173|0x0000000617600000, 0x0000000617600000, 0x0000000617800000|  0%| F|  |TAMS 0x0000000617600000, 0x0000000617600000| Untracked 
| 174|0x0000000617800000, 0x0000000617800000, 0x0000000617a00000|  0%| F|  |TAMS 0x0000000617800000, 0x0000000617800000| Untracked 
| 175|0x0000000617a00000, 0x0000000617a00000, 0x0000000617c00000|  0%| F|  |TAMS 0x0000000617a00000, 0x0000000617a00000| Untracked 
| 176|0x0000000617c00000, 0x0000000617c00000, 0x0000000617e00000|  0%| F|  |TAMS 0x0000000617c00000, 0x0000000617c00000| Untracked 
| 177|0x0000000617e00000, 0x0000000617e00000, 0x0000000618000000|  0%| F|  |TAMS 0x0000000617e00000, 0x0000000617e00000| Untracked 
| 178|0x0000000618000000, 0x0000000618000000, 0x0000000618200000|  0%| F|  |TAMS 0x0000000618000000, 0x0000000618000000| Untracked 
| 179|0x0000000618200000, 0x0000000618200000, 0x0000000618400000|  0%| F|  |TAMS 0x0000000618200000, 0x0000000618200000| Untracked 
| 180|0x0000000618400000, 0x0000000618400000, 0x0000000618600000|  0%| F|  |TAMS 0x0000000618400000, 0x0000000618400000| Untracked 
| 181|0x0000000618600000, 0x0000000618600000, 0x0000000618800000|  0%| F|  |TAMS 0x0000000618600000, 0x0000000618600000| Untracked 
| 182|0x0000000618800000, 0x0000000618800000, 0x0000000618a00000|  0%| F|  |TAMS 0x0000000618800000, 0x0000000618800000| Untracked 
| 183|0x0000000618a00000, 0x0000000618a00000, 0x0000000618c00000|  0%| F|  |TAMS 0x0000000618a00000, 0x0000000618a00000| Untracked 
| 184|0x0000000618c00000, 0x0000000618c00000, 0x0000000618e00000|  0%| F|  |TAMS 0x0000000618c00000, 0x0000000618c00000| Untracked 
| 185|0x0000000618e00000, 0x0000000618e00000, 0x0000000619000000|  0%| F|  |TAMS 0x0000000618e00000, 0x0000000618e00000| Untracked 
| 186|0x0000000619000000, 0x0000000619000000, 0x0000000619200000|  0%| F|  |TAMS 0x0000000619000000, 0x0000000619000000| Untracked 
| 187|0x0000000619200000, 0x0000000619200000, 0x0000000619400000|  0%| F|  |TAMS 0x0000000619200000, 0x0000000619200000| Untracked 
| 188|0x0000000619400000, 0x0000000619400000, 0x0000000619600000|  0%| F|  |TAMS 0x0000000619400000, 0x0000000619400000| Untracked 
| 189|0x0000000619600000, 0x0000000619600000, 0x0000000619800000|  0%| F|  |TAMS 0x0000000619600000, 0x0000000619600000| Untracked 
| 190|0x0000000619800000, 0x0000000619800000, 0x0000000619a00000|  0%| F|  |TAMS 0x0000000619800000, 0x0000000619800000| Untracked 
| 191|0x0000000619a00000, 0x0000000619a00000, 0x0000000619c00000|  0%| F|  |TAMS 0x0000000619a00000, 0x0000000619a00000| Untracked 
| 192|0x0000000619c00000, 0x0000000619c00000, 0x0000000619e00000|  0%| F|  |TAMS 0x0000000619c00000, 0x0000000619c00000| Untracked 
| 193|0x0000000619e00000, 0x0000000619e00000, 0x000000061a000000|  0%| F|  |TAMS 0x0000000619e00000, 0x0000000619e00000| Untracked 
| 194|0x000000061a000000, 0x000000061a000000, 0x000000061a200000|  0%| F|  |TAMS 0x000000061a000000, 0x000000061a000000| Untracked 
| 195|0x000000061a200000, 0x000000061a200000, 0x000000061a400000|  0%| F|  |TAMS 0x000000061a200000, 0x000000061a200000| Untracked 
| 196|0x000000061a400000, 0x000000061a400000, 0x000000061a600000|  0%| F|  |TAMS 0x000000061a400000, 0x000000061a400000| Untracked 
| 197|0x000000061a600000, 0x000000061a600000, 0x000000061a800000|  0%| F|  |TAMS 0x000000061a600000, 0x000000061a600000| Untracked 
| 198|0x000000061a800000, 0x000000061a800000, 0x000000061aa00000|  0%| F|  |TAMS 0x000000061a800000, 0x000000061a800000| Untracked 
| 199|0x000000061aa00000, 0x000000061aa00000, 0x000000061ac00000|  0%| F|  |TAMS 0x000000061aa00000, 0x000000061aa00000| Untracked 
| 200|0x000000061ac00000, 0x000000061ac00000, 0x000000061ae00000|  0%| F|  |TAMS 0x000000061ac00000, 0x000000061ac00000| Untracked 
| 201|0x000000061ae00000, 0x000000061ae00000, 0x000000061b000000|  0%| F|  |TAMS 0x000000061ae00000, 0x000000061ae00000| Untracked 
| 202|0x000000061b000000, 0x000000061b000000, 0x000000061b200000|  0%| F|  |TAMS 0x000000061b000000, 0x000000061b000000| Untracked 
| 203|0x000000061b200000, 0x000000061b200000, 0x000000061b400000|  0%| F|  |TAMS 0x000000061b200000, 0x000000061b200000| Untracked 
| 204|0x000000061b400000, 0x000000061b400000, 0x000000061b600000|  0%| F|  |TAMS 0x000000061b400000, 0x000000061b400000| Untracked 
| 205|0x000000061b600000, 0x000000061b600000, 0x000000061b800000|  0%| F|  |TAMS 0x000000061b600000, 0x000000061b600000| Untracked 
| 206|0x000000061b800000, 0x000000061b800000, 0x000000061ba00000|  0%| F|  |TAMS 0x000000061b800000, 0x000000061b800000| Untracked 
| 207|0x000000061ba00000, 0x000000061ba00000, 0x000000061bc00000|  0%| F|  |TAMS 0x000000061ba00000, 0x000000061ba00000| Untracked 
| 208|0x000000061bc00000, 0x000000061bc00000, 0x000000061be00000|  0%| F|  |TAMS 0x000000061bc00000, 0x000000061bc00000| Untracked 
| 209|0x000000061be00000, 0x000000061be00000, 0x000000061c000000|  0%| F|  |TAMS 0x000000061be00000, 0x000000061be00000| Untracked 
| 210|0x000000061c000000, 0x000000061c000000, 0x000000061c200000|  0%| F|  |TAMS 0x000000061c000000, 0x000000061c000000| Untracked 
| 211|0x000000061c200000, 0x000000061c200000, 0x000000061c400000|  0%| F|  |TAMS 0x000000061c200000, 0x000000061c200000| Untracked 
| 212|0x000000061c400000, 0x000000061c400000, 0x000000061c600000|  0%| F|  |TAMS 0x000000061c400000, 0x000000061c400000| Untracked 
| 213|0x000000061c600000, 0x000000061c600000, 0x000000061c800000|  0%| F|  |TAMS 0x000000061c600000, 0x000000061c600000| Untracked 
| 214|0x000000061c800000, 0x000000061c800000, 0x000000061ca00000|  0%| F|  |TAMS 0x000000061c800000, 0x000000061c800000| Untracked 
| 215|0x000000061ca00000, 0x000000061ca00000, 0x000000061cc00000|  0%| F|  |TAMS 0x000000061ca00000, 0x000000061ca00000| Untracked 
| 216|0x000000061cc00000, 0x000000061cc00000, 0x000000061ce00000|  0%| F|  |TAMS 0x000000061cc00000, 0x000000061cc00000| Untracked 
| 217|0x000000061ce00000, 0x000000061ce00000, 0x000000061d000000|  0%| F|  |TAMS 0x000000061ce00000, 0x000000061ce00000| Untracked 
| 218|0x000000061d000000, 0x000000061d000000, 0x000000061d200000|  0%| F|  |TAMS 0x000000061d000000, 0x000000061d000000| Untracked 
| 219|0x000000061d200000, 0x000000061d200000, 0x000000061d400000|  0%| F|  |TAMS 0x000000061d200000, 0x000000061d200000| Untracked 
| 220|0x000000061d400000, 0x000000061d400000, 0x000000061d600000|  0%| F|  |TAMS 0x000000061d400000, 0x000000061d400000| Untracked 
| 221|0x000000061d600000, 0x000000061d600000, 0x000000061d800000|  0%| F|  |TAMS 0x000000061d600000, 0x000000061d600000| Untracked 
| 222|0x000000061d800000, 0x000000061d800000, 0x000000061da00000|  0%| F|  |TAMS 0x000000061d800000, 0x000000061d800000| Untracked 
| 223|0x000000061da00000, 0x000000061da00000, 0x000000061dc00000|  0%| F|  |TAMS 0x000000061da00000, 0x000000061da00000| Untracked 
| 224|0x000000061dc00000, 0x000000061dc00000, 0x000000061de00000|  0%| F|  |TAMS 0x000000061dc00000, 0x000000061dc00000| Untracked 
| 225|0x000000061de00000, 0x000000061de00000, 0x000000061e000000|  0%| F|  |TAMS 0x000000061de00000, 0x000000061de00000| Untracked 
| 226|0x000000061e000000, 0x000000061e000000, 0x000000061e200000|  0%| F|  |TAMS 0x000000061e000000, 0x000000061e000000| Untracked 
| 227|0x000000061e200000, 0x000000061e200000, 0x000000061e400000|  0%| F|  |TAMS 0x000000061e200000, 0x000000061e200000| Untracked 
| 228|0x000000061e400000, 0x000000061e400000, 0x000000061e600000|  0%| F|  |TAMS 0x000000061e400000, 0x000000061e400000| Untracked 
| 229|0x000000061e600000, 0x000000061e600000, 0x000000061e800000|  0%| F|  |TAMS 0x000000061e600000, 0x000000061e600000| Untracked 
| 230|0x000000061e800000, 0x000000061e800000, 0x000000061ea00000|  0%| F|  |TAMS 0x000000061e800000, 0x000000061e800000| Untracked 
| 231|0x000000061ea00000, 0x000000061ea00000, 0x000000061ec00000|  0%| F|  |TAMS 0x000000061ea00000, 0x000000061ea00000| Untracked 
| 232|0x000000061ec00000, 0x000000061ec00000, 0x000000061ee00000|  0%| F|  |TAMS 0x000000061ec00000, 0x000000061ec00000| Untracked 
| 233|0x000000061ee00000, 0x000000061ee00000, 0x000000061f000000|  0%| F|  |TAMS 0x000000061ee00000, 0x000000061ee00000| Untracked 
| 234|0x000000061f000000, 0x000000061f000000, 0x000000061f200000|  0%| F|  |TAMS 0x000000061f000000, 0x000000061f000000| Untracked 
| 235|0x000000061f200000, 0x000000061f200000, 0x000000061f400000|  0%| F|  |TAMS 0x000000061f200000, 0x000000061f200000| Untracked 
| 236|0x000000061f400000, 0x000000061f400000, 0x000000061f600000|  0%| F|  |TAMS 0x000000061f400000, 0x000000061f400000| Untracked 
| 237|0x000000061f600000, 0x000000061f600000, 0x000000061f800000|  0%| F|  |TAMS 0x000000061f600000, 0x000000061f600000| Untracked 
| 238|0x000000061f800000, 0x000000061f800000, 0x000000061fa00000|  0%| F|  |TAMS 0x000000061f800000, 0x000000061f800000| Untracked 
| 239|0x000000061fa00000, 0x000000061fa00000, 0x000000061fc00000|  0%| F|  |TAMS 0x000000061fa00000, 0x000000061fa00000| Untracked 
| 240|0x000000061fc00000, 0x000000061fc00000, 0x000000061fe00000|  0%| F|  |TAMS 0x000000061fc00000, 0x000000061fc00000| Untracked 
| 241|0x000000061fe00000, 0x000000061fe00000, 0x0000000620000000|  0%| F|  |TAMS 0x000000061fe00000, 0x000000061fe00000| Untracked 
| 242|0x0000000620000000, 0x0000000620000000, 0x0000000620200000|  0%| F|  |TAMS 0x0000000620000000, 0x0000000620000000| Untracked 
| 243|0x0000000620200000, 0x0000000620200000, 0x0000000620400000|  0%| F|  |TAMS 0x0000000620200000, 0x0000000620200000| Untracked 
| 244|0x0000000620400000, 0x0000000620400000, 0x0000000620600000|  0%| F|  |TAMS 0x0000000620400000, 0x0000000620400000| Untracked 
| 245|0x0000000620600000, 0x0000000620600000, 0x0000000620800000|  0%| F|  |TAMS 0x0000000620600000, 0x0000000620600000| Untracked 
| 246|0x0000000620800000, 0x0000000620800000, 0x0000000620a00000|  0%| F|  |TAMS 0x0000000620800000, 0x0000000620800000| Untracked 
| 247|0x0000000620a00000, 0x0000000620a00000, 0x0000000620c00000|  0%| F|  |TAMS 0x0000000620a00000, 0x0000000620a00000| Untracked 
| 248|0x0000000620c00000, 0x0000000620c00000, 0x0000000620e00000|  0%| F|  |TAMS 0x0000000620c00000, 0x0000000620c00000| Untracked 
| 249|0x0000000620e00000, 0x0000000620e00000, 0x0000000621000000|  0%| F|  |TAMS 0x0000000620e00000, 0x0000000620e00000| Untracked 
| 250|0x0000000621000000, 0x0000000621000000, 0x0000000621200000|  0%| F|  |TAMS 0x0000000621000000, 0x0000000621000000| Untracked 
| 251|0x0000000621200000, 0x0000000621200000, 0x0000000621400000|  0%| F|  |TAMS 0x0000000621200000, 0x0000000621200000| Untracked 
| 252|0x0000000621400000, 0x0000000621400000, 0x0000000621600000|  0%| F|  |TAMS 0x0000000621400000, 0x0000000621400000| Untracked 
| 253|0x0000000621600000, 0x0000000621600000, 0x0000000621800000|  0%| F|  |TAMS 0x0000000621600000, 0x0000000621600000| Untracked 
| 254|0x0000000621800000, 0x0000000621971e70, 0x0000000621a00000| 72%| E|  |TAMS 0x0000000621800000, 0x0000000621800000| Complete 
| 255|0x0000000621a00000, 0x0000000621c00000, 0x0000000621c00000|100%| E|CS|TAMS 0x0000000621a00000, 0x0000000621a00000| Complete 

Card table byte_map: [0x00000263bbb50000,0x00000263bcb50000] _byte_map_base: 0x00000263b8b42000

Marking Bits (Prev, Next): (CMBitMap*) 0x00000263a30eec58, (CMBitMap*) 0x00000263a30eec98
 Prev Bits: [0x00000263bdb50000, 0x00000263c5ae0000)
 Next Bits: [0x00000263c5ae0000, 0x00000263cda70000)

Polling page: 0x00000263a0fc0000

Metaspace:

Usage:
  Non-class:      4.35 MB capacity,     1.33 MB ( 31%) used,     3.02 MB ( 69%) free+waste,     2.19 KB ( <1%) overhead. 
      Class:    440.00 KB capacity,   130.82 KB ( 30%) used,   307.80 KB ( 70%) free+waste,     1.38 KB ( <1%) overhead. 
       Both:      4.78 MB capacity,     1.46 MB ( 30%) used,     3.32 MB ( 69%) free+waste,     3.56 KB ( <1%) overhead. 

Virtual space:
  Non-class space:        8.00 MB reserved,       4.50 MB ( 56%) committed 
      Class space:        1.00 GB reserved,     512.00 KB ( <1%) committed 
             Both:        1.01 GB reserved,       5.00 MB ( <1%) committed 

Chunk freelists:
   Non-Class:  23.00 KB
       Class:  8.00 KB
        Both:  31.00 KB

MaxMetaspaceSize: 17179869184.00 GB
CompressedClassSpaceSize: 1.00 GB

CodeHeap 'non-profiled nmethods': size=120000Kb used=82Kb max_used=82Kb free=119917Kb
 bounds [0x00000263b32f0000, 0x00000263b3560000, 0x00000263ba820000]
CodeHeap 'profiled nmethods': size=120000Kb used=335Kb max_used=335Kb free=119665Kb
 bounds [0x00000263abdc0000, 0x00000263ac030000, 0x00000263b32f0000]
CodeHeap 'non-nmethods': size=5760Kb used=1223Kb max_used=1226Kb free=4537Kb
 bounds [0x00000263ab820000, 0x00000263aba90000, 0x00000263abdc0000]
 total_blobs=774 nmethods=278 adapters=409
 compilation: enabled
              stopped_count=0, restarted_count=0
 full_count=0

Compilation events (20 events):
Event: 0.327 Thread 0x00000263d0f32800  270       3       java.lang.StringBuilder::<init> (7 bytes)
Event: 0.327 Thread 0x00000263d0f32800 nmethod 270 0x00000263abe10810 code [0x00000263abe109c0, 0x00000263abe10b08]
Event: 0.327 Thread 0x00000263d0f32800  271       3       java.lang.Class::getName (18 bytes)
Event: 0.327 Thread 0x00000263d0f32800 nmethod 271 0x00000263abe10b90 code [0x00000263abe10d40, 0x00000263abe10ee8]
Event: 0.327 Thread 0x00000263d0f32800  272       3       java.lang.StringLatin1::indexOf (121 bytes)
Event: 0.328 Thread 0x00000263d0f32800 nmethod 272 0x00000263abe10f90 code [0x00000263abe11160, 0x00000263abe11638]
Event: 0.328 Thread 0x00000263d0f32800  274       3       java.lang.AbstractStringBuilder::newCapacity (55 bytes)
Event: 0.328 Thread 0x00000263d0f32800 nmethod 274 0x00000263abe11890 code [0x00000263abe11a40, 0x00000263abe11c88]
Event: 0.328 Thread 0x00000263d0f32800  273       3       java.lang.String::lastIndexOf (29 bytes)
Event: 0.329 Thread 0x00000263d0f32800 nmethod 273 0x00000263abe11d90 code [0x00000263abe11f60, 0x00000263abe12218]
Event: 0.331 Thread 0x00000263d0f32800  275       3       java.lang.String::lastIndexOf (12 bytes)
Event: 0.331 Thread 0x00000263d0f32800 nmethod 275 0x00000263abe12310 code [0x00000263abe12500, 0x00000263abe12918]
Event: 0.331 Thread 0x00000263d0f32800  276       3       java.lang.String::startsWith (7 bytes)
Event: 0.331 Thread 0x00000263d0f32800 nmethod 276 0x00000263abe12a90 code [0x00000263abe12c40, 0x00000263abe12da8]
Event: 0.332 Thread 0x00000263d0f32800  277       3       java.util.concurrent.ConcurrentHashMap$BaseIterator::hasNext (13 bytes)
Event: 0.332 Thread 0x00000263d0f32800 nmethod 277 0x00000263abe12e90 code [0x00000263abe13020, 0x00000263abe13198]
Event: 0.333 Thread 0x00000263d0f32800  278       3       java.util.concurrent.ConcurrentHashMap$ValueIterator::next (34 bytes)
Event: 0.333 Thread 0x00000263d0f32800 nmethod 278 0x00000263abe13210 code [0x00000263abe133c0, 0x00000263abe13638]
Event: 0.350 Thread 0x00000263d0f32800  279       3       java.util.Objects::requireNonNull (15 bytes)
Event: 0.350 Thread 0x00000263d0f32800 nmethod 279 0x00000263abe13790 code [0x00000263abe13940, 0x00000263abe13b28]

GC Heap History (0 events):
No events

Deoptimization events (12 events):
Event: 0.123 Thread 0x00000263a306a000 Uncommon trap: trap_request=0xffffffde fr.pc=0x00000263b32fda04 relative=0x00000000000008a4
Event: 0.123 Thread 0x00000263a306a000 Uncommon trap: reason=class_check action=maybe_recompile pc=0x00000263b32fda04 method=java.util.HashMap.putVal(ILjava/lang/Object;Ljava/lang/Object;ZZ)Ljava/lang/Object; @ 152 c2
Event: 0.123 Thread 0x00000263a306a000 DEOPT PACKING pc=0x00000263b32fda04 sp=0x0000006993dfe650
Event: 0.123 Thread 0x00000263a306a000 DEOPT UNPACKING pc=0x00000263ab86912f sp=0x0000006993dfe5d0 mode 2
Event: 0.130 Thread 0x00000263a306a000 Uncommon trap: trap_request=0xffffff45 fr.pc=0x00000263b32fcd44 relative=0x0000000000000084
Event: 0.130 Thread 0x00000263a306a000 Uncommon trap: reason=unstable_if action=reinterpret pc=0x00000263b32fcd44 method=java.lang.String.isLatin1()Z @ 10 c2
Event: 0.130 Thread 0x00000263a306a000 DEOPT PACKING pc=0x00000263b32fcd44 sp=0x0000006993dff020
Event: 0.130 Thread 0x00000263a306a000 DEOPT UNPACKING pc=0x00000263ab86912f sp=0x0000006993dfef60 mode 2
Event: 0.226 Thread 0x00000263a306a000 Uncommon trap: trap_request=0xffffffde fr.pc=0x00000263b32fda04 relative=0x00000000000008a4
Event: 0.226 Thread 0x00000263a306a000 Uncommon trap: reason=class_check action=maybe_recompile pc=0x00000263b32fda04 method=java.util.HashMap.putVal(ILjava/lang/Object;Ljava/lang/Object;ZZ)Ljava/lang/Object; @ 152 c2
Event: 0.226 Thread 0x00000263a306a000 DEOPT PACKING pc=0x00000263b32fda04 sp=0x0000006993dff170
Event: 0.226 Thread 0x00000263a306a000 DEOPT UNPACKING pc=0x00000263ab86912f sp=0x0000006993dff0f0 mode 2

Classes unloaded (0 events):
No events

Classes redefined (0 events):
No events

Internal exceptions (2 events):
Event: 0.151 Thread 0x00000263a306a000 Exception <a 'sun/nio/fs/WindowsException'{0x0000000621888d10}> (0x0000000621888d10) 
thrown [./open/src/hotspot/share/prims/jni.cpp, line 599]
Event: 0.203 Thread 0x00000263a306a000 Exception <a 'sun/nio/fs/WindowsException'{0x000000062189c2b8}> (0x000000062189c2b8) 
thrown [./open/src/hotspot/share/prims/jni.cpp, line 599]

Events (20 events):
Event: 0.154 loading class java/nio/channels/Channels done
Event: 0.154 loading class java/nio/channels/Channels$1
Event: 0.154 loading class java/nio/channels/Channels$1 done
Event: 0.154 loading class java/nio/channels/SelectableChannel
Event: 0.154 loading class java/nio/channels/SelectableChannel done
Event: 0.154 Executing VM operation: HandshakeOneThread
Event: 0.154 Executing VM operation: HandshakeOneThread done
Event: 0.154 loading class sun/nio/ch/IOStatus
Event: 0.154 loading class sun/nio/ch/IOStatus done
Event: 0.199 Loaded shared library C:\Users\Dell Precision\AppData\Local\Temp\jimgui1619476882136\jimgui.dll
Event: 0.201 loading class java/io/FilePermission$1
Event: 0.201 loading class jdk/internal/access/JavaIOFilePermissionAccess
Event: 0.201 loading class jdk/internal/access/JavaIOFilePermissionAccess done
Event: 0.201 loading class java/io/FilePermission$1 done
Event: 0.226 Loaded shared library C:\Users\Dell Precision\AppData\Local\Temp\jimgui1619476882191\jimgui-dx11.dll
Event: 0.227 Thread 0x00000263d1070800 Thread exited: 0x00000263d1070800
Event: 0.227 Executing VM operation: HandshakeOneThread
Event: 0.227 Executing VM operation: HandshakeOneThread done
Event: 0.235 loading class java/lang/InterruptedException
Event: 0.235 loading class java/lang/InterruptedException done


Dynamic libraries:
0x00007ff612980000 - 0x00007ff61298d000 	C:\Users\Dell Precision\.jdks\openjdk-14.0.2\bin\java.exe
0x00007ff829230000 - 0x00007ff829425000 	C:\WINDOWS\SYSTEM32\ntdll.dll
0x00007ff828610000 - 0x00007ff8286cd000 	C:\WINDOWS\System32\KERNEL32.DLL
0x00007ff826d80000 - 0x00007ff827048000 	C:\WINDOWS\System32\KERNELBASE.dll
0x00007ff827190000 - 0x00007ff827290000 	C:\WINDOWS\System32\ucrtbase.dll
0x00007ff8213b0000 - 0x00007ff8213c8000 	C:\Users\Dell Precision\.jdks\openjdk-14.0.2\bin\jli.dll
0x00007ff821530000 - 0x00007ff821545000 	C:\Users\Dell Precision\.jdks\openjdk-14.0.2\bin\VCRUNTIME140.dll
0x00007ff827400000 - 0x00007ff8275a0000 	C:\WINDOWS\System32\USER32.dll
0x00007ff818bc0000 - 0x00007ff818e5a000 	C:\WINDOWS\WinSxS\amd64_microsoft.windows.common-controls_6595b64144ccf1df_6.0.19041.844_none_ca00b6081b84eb1d\COMCTL32.dll
0x00007ff827160000 - 0x00007ff827182000 	C:\WINDOWS\System32\win32u.dll
0x00007ff8286d0000 - 0x00007ff82876e000 	C:\WINDOWS\System32\msvcrt.dll
0x00007ff827fe0000 - 0x00007ff82800a000 	C:\WINDOWS\System32\GDI32.dll
0x00007ff827050000 - 0x00007ff82715b000 	C:\WINDOWS\System32\gdi32full.dll
0x00007ff826ce0000 - 0x00007ff826d7d000 	C:\WINDOWS\System32\msvcp_win.dll
0x00007ff8290a0000 - 0x00007ff8290d0000 	C:\WINDOWS\System32\IMM32.DLL
0x00007ff81eea0000 - 0x00007ff81ef3b000 	C:\Users\Dell Precision\.jdks\openjdk-14.0.2\bin\msvcp140.dll
0x00007fffc5f70000 - 0x00007fffc6a8e000 	C:\Users\Dell Precision\.jdks\openjdk-14.0.2\bin\server\jvm.dll
0x00007ff827290000 - 0x00007ff82733c000 	C:\WINDOWS\System32\ADVAPI32.dll
0x00007ff828300000 - 0x00007ff82839b000 	C:\WINDOWS\System32\sechost.dll
0x00007ff827eb0000 - 0x00007ff827fdb000 	C:\WINDOWS\System32\RPCRT4.dll
0x00007ff828cd0000 - 0x00007ff828cd8000 	C:\WINDOWS\System32\PSAPI.DLL
0x00007ff81aeb0000 - 0x00007ff81aed7000 	C:\WINDOWS\SYSTEM32\WINMM.dll
0x00007ff80b510000 - 0x00007ff80b519000 	C:\WINDOWS\SYSTEM32\WSOCK32.dll
0x00007ff81cf90000 - 0x00007ff81cf9a000 	C:\WINDOWS\SYSTEM32\VERSION.dll
0x00007ff8283a0000 - 0x00007ff82840b000 	C:\WINDOWS\System32\WS2_32.dll
0x00007ff824920000 - 0x00007ff824932000 	C:\WINDOWS\SYSTEM32\kernel.appcore.dll
0x00007ff821690000 - 0x00007ff82169a000 	C:\Users\Dell Precision\.jdks\openjdk-14.0.2\bin\jimage.dll
0x00007ff8242e0000 - 0x00007ff8244c4000 	C:\WINDOWS\SYSTEM32\DBGHELP.DLL
0x00007ff81c980000 - 0x00007ff81c9ac000 	C:\WINDOWS\SYSTEM32\dbgcore.DLL
0x00007ff826a00000 - 0x00007ff826a80000 	C:\WINDOWS\System32\bcryptPrimitives.dll
0x00007ff821370000 - 0x00007ff82137e000 	C:\Users\Dell Precision\.jdks\openjdk-14.0.2\bin\instrument.dll
0x00007ff8208c0000 - 0x00007ff8208e5000 	C:\Users\Dell Precision\.jdks\openjdk-14.0.2\bin\java.dll
0x00007ff821240000 - 0x00007ff821256000 	C:\Users\Dell Precision\.jdks\openjdk-14.0.2\bin\zip.dll
0x00007ff8275a0000 - 0x00007ff827ce2000 	C:\WINDOWS\System32\SHELL32.dll
0x00007ff824a90000 - 0x00007ff825221000 	C:\WINDOWS\SYSTEM32\windows.storage.dll
0x00007ff828d40000 - 0x00007ff829095000 	C:\WINDOWS\System32\combase.dll
0x00007ff8262f0000 - 0x00007ff82631c000 	C:\WINDOWS\SYSTEM32\Wldp.dll
0x00007ff828430000 - 0x00007ff8284de000 	C:\WINDOWS\System32\SHCORE.dll
0x00007ff828ce0000 - 0x00007ff828d35000 	C:\WINDOWS\System32\shlwapi.dll
0x00007ff8268b0000 - 0x00007ff8268cf000 	C:\WINDOWS\SYSTEM32\profapi.dll
0x00007ff821190000 - 0x00007ff8211a9000 	C:\Users\Dell Precision\.jdks\openjdk-14.0.2\bin\net.dll
0x00007ff81d6a0000 - 0x00007ff81d7ab000 	C:\WINDOWS\SYSTEM32\WINHTTP.dll
0x00007ff826070000 - 0x00007ff8260da000 	C:\WINDOWS\system32\mswsock.dll
0x00007ff8208a0000 - 0x00007ff8208b2000 	C:\Users\Dell Precision\.jdks\openjdk-14.0.2\bin\nio.dll
0x00007ff81f590000 - 0x00007ff81f5aa000 	C:\Program Files\JetBrains\IntelliJ IDEA Community Edition 2020.2.1\bin\breakgen64.dll
0x00007fffebd70000 - 0x00007fffebe8a000 	C:\Users\Dell Precision\AppData\Local\Temp\jimgui1619476882136\jimgui.dll
0x00007ff8242b0000 - 0x00007ff8242df000 	C:\WINDOWS\SYSTEM32\dwmapi.dll
0x00007ff81e2d0000 - 0x00007ff81e2dc000 	C:\WINDOWS\SYSTEM32\VCRUNTIME140_1.dll
0x00007ff81f030000 - 0x00007ff81f04c000 	C:\Users\Dell Precision\AppData\Local\Temp\jimgui1619476882191\jimgui-dx11.dll
0x00007ff822b30000 - 0x00007ff822d94000 	C:\WINDOWS\SYSTEM32\d3d11.dll
0x00007ff8226d0000 - 0x00007ff822b2d000 	C:\WINDOWS\SYSTEM32\D3DCOMPILER_47.dll
0x00007ff825290000 - 0x00007ff825383000 	C:\WINDOWS\SYSTEM32\dxgi.dll
0x00007ff826240000 - 0x00007ff826258000 	C:\WINDOWS\SYSTEM32\CRYPTSP.dll
0x00007ff824020000 - 0x00007ff8240be000 	C:\WINDOWS\system32\uxtheme.dll
0x00007ff8290d0000 - 0x00007ff8291e5000 	C:\WINDOWS\System32\MSCTF.dll
0x00007ff828150000 - 0x00007ff82821d000 	C:\WINDOWS\System32\OLEAUT32.dll
0x00007ff826970000 - 0x00007ff826997000 	C:\WINDOWS\System32\bcrypt.dll
0x00007ff817a40000 - 0x00007ff817a7b000 	C:\WINDOWS\SYSTEM32\dxcore.dll
0x00007ff826c90000 - 0x00007ff826cde000 	C:\WINDOWS\System32\cfgmgr32.dll
0x00007ff8120b0000 - 0x00007ff8121a9000 	C:\WINDOWS\SYSTEM32\textinputframework.dll
0x00007ff823c60000 - 0x00007ff823d52000 	C:\WINDOWS\System32\CoreMessaging.dll
0x00007ff823580000 - 0x00007ff8238de000 	C:\WINDOWS\System32\CoreUIComponents.dll
0x00007ff825690000 - 0x00007ff8256c3000 	C:\WINDOWS\SYSTEM32\ntmarta.dll
0x00007ff822560000 - 0x00007ff8226b4000 	C:\WINDOWS\SYSTEM32\wintypes.dll
0x00007ff81ef90000 - 0x00007ff81efa1000 	C:\WINDOWS\SYSTEM32\xinput1_4.dll
0x00007ff826690000 - 0x00007ff8266bc000 	C:\WINDOWS\SYSTEM32\DEVOBJ.dll
0x00007ff811f50000 - 0x00007ff8120a2000 	C:\WINDOWS\SYSTEM32\inputhost.dll
0x00007ff822230000 - 0x00007ff822327000 	C:\WINDOWS\SYSTEM32\PROPSYS.dll
0x00007ff828020000 - 0x00007ff82814a000 	C:\WINDOWS\System32\ole32.dll

dbghelp: loaded successfully - version: 4.0.5 - missing functions: none
symbol engine: initialized successfully - sym options: 0x614 - pdb path: .;C:\Users\Dell Precision\.jdks\openjdk-14.0.2\bin;C:\WINDOWS\SYSTEM32;C:\WINDOWS\WinSxS\amd64_microsoft.windows.common-controls_6595b64144ccf1df_6.0.19041.844_none_ca00b6081b84eb1d;C:\Users\Dell Precision\.jdks\openjdk-14.0.2\bin\server;C:\Program Files\JetBrains\IntelliJ IDEA Community Edition 2020.2.1\bin;C:\Users\Dell Precision\AppData\Local\Temp\jimgui1619476882136;C:\Users\Dell Precision\AppData\Local\Temp\jimgui1619476882191

VM Arguments:
jvm_args: -javaagent:C:\Program Files\JetBrains\IntelliJ IDEA Community Edition 2020.2.1\lib\idea_rt.jar=51097:C:\Program Files\JetBrains\IntelliJ IDEA Community Edition 2020.2.1\bin -Dfile.encoding=UTF-8 
java_command: main
java_class_path (initial): C:\Users\Dell Precision\IdeaProjects\panel\out\production\panel;C:\Users\Dell Precision\IdeaProjects\panel\res\jimgui-core-v0.20.3.jar
Launcher Type: SUN_STANDARD

[Global flags]
     intx CICompilerCount                          = 4                                         {product} {ergonomic}
     uint ConcGCThreads                            = 2                                         {product} {ergonomic}
     uint G1ConcRefinementThreads                  = 8                                         {product} {ergonomic}
   size_t G1HeapRegionSize                         = 2097152                                   {product} {ergonomic}
    uintx GCDrainStackTargetSize                   = 64                                        {product} {ergonomic}
   size_t InitialHeapSize                          = 536870912                                 {product} {ergonomic}
   size_t MarkStackSize                            = 4194304                                   {product} {ergonomic}
   size_t MaxHeapSize                              = 8560574464                                {product} {ergonomic}
   size_t MaxNewSize                               = 5135925248                                {product} {ergonomic}
   size_t MinHeapDeltaBytes                        = 2097152                                   {product} {ergonomic}
   size_t MinHeapSize                              = 8388608                                   {product} {ergonomic}
    uintx NonNMethodCodeHeapSize                   = 5839372                                {pd product} {ergonomic}
    uintx NonProfiledCodeHeapSize                  = 122909434                              {pd product} {ergonomic}
    uintx ProfiledCodeHeapSize                     = 122909434                              {pd product} {ergonomic}
    uintx ReservedCodeCacheSize                    = 251658240                              {pd product} {ergonomic}
     bool SegmentedCodeCache                       = true                                      {product} {ergonomic}
   size_t SoftMaxHeapSize                          = 8560574464                             {manageable} {ergonomic}
     bool UseCompressedClassPointers               = true                                 {lp64_product} {ergonomic}
     bool UseCompressedOops                        = true                                 {lp64_product} {ergonomic}
     bool UseG1GC                                  = true                                      {product} {ergonomic}
     bool UseLargePagesIndividualAllocation        = false                                  {pd product} {ergonomic}

Logging:
Log output configuration:
 #0: stdout all=warning uptime,level,tags
 #1: stderr all=off uptime,level,tags

Environment Variables:
PATH=C:\Program Files\Git\usr\local\bin;C:\Program Files\Java\jdk-11.0.2\bin;C:\Program Files\Git\bin;C:\Python39\Scripts\;C:\Python39\;C:\Program Files\Common Files\Oracle\Java\javapath;C:\WINDOWS\system32;C:\WINDOWS;C:\WINDOWS\System32\Wbem;C:\WINDOWS\System32\WindowsPowerShell\v1.0\;C:\WINDOWS\System32\OpenSSH\;C:\jdk-11\bin;C:\Program Files\Git\cmd;C:\javafx-sdk-11.0.2;C:\Program Files\dotnet\;C:\Program Files\Microsoft SQL Server\130\Tools\Binn\;C:\Program Files\Microsoft SQL Server\Client SDK\ODBC\170\Tools\Binn\;C:\Program Files\nodejs\;C:\ProgramData\chocolatey\bin;C:\Users\Dell Precision\AppData\Local\Microsoft\WindowsApps;C:\jdk-11\bin;C:\javafx-sdk-11.0.2;C:\Users\Dell Precision\.dotnet\tools;C:\Users\Dell Precision\AppData\Local\Programs\Microsoft VS Code\bin;C:\Users\Dell Precision\AppData\Roaming\npm;
USERNAME=Dell Precision
OS=Windows_NT
PROCESSOR_IDENTIFIER=Intel64 Family 6 Model 158 Stepping 9, GenuineIntel



---------------  S Y S T E M  ---------------

OS: Windows 10 , 64 bit Build 19041 (10.0.19041.928)
OS uptime: 8 days 15:49 hours

CPU:total 8 (initial active 8) (4 cores per cpu, 2 threads per core) family 6 model 158 stepping 9, cmov, cx8, fxsr, mmx, sse, sse2, sse3, ssse3, sse4.1, sse4.2, popcnt, avx, avx2, aes, clmul, erms, rtm, 3dnowpref, lzcnt, ht, tsc, tscinvbit, bmi1, bmi2, adx, fma

Memory: 4k page, system-wide physical 32649M (21333M free)
TotalPageFile size 37513M (AvailPageFile size 21433M)
current process WorkingSet (physical memory assigned to process): 52M, peak: 59M
current process commit charge ("private bytes"): 627M, peak: 631M

vm_info: OpenJDK 64-Bit Server VM (14.0.2+12-46) for windows-amd64 JRE (14.0.2+12-46), built on Jul  9 2020 00:31:16 by "mach5one" with MS VC++ 15.9 (VS2017)

END.
