#
# A fatal error has been detected by the Java Runtime Environment:
#
#  EXCEPTION_ACCESS_VIOLATION (0xc0000005) at pc=0x00007fffebdfb070, pid=13952, tid=9648
#
# JRE version: OpenJDK Runtime Environment (14.0.2+12) (build 14.0.2+12-46)
# Java VM: OpenJDK 64-Bit Server VM (14.0.2+12-46, mixed mode, sharing, tiered, compressed oops, g1 gc, windows-amd64)
# Problematic frame:
# C  [jimgui.dll+0x8b070]
#
# No core dump will be written. Minidumps are not enabled by default on client versions of Windows
#
# If you would like to submit a bug report, please visit:
#   https://bugreport.java.com/bugreport/crash.jsp
# The crash happened outside the Java Virtual Machine in native code.
# See problematic frame for where to report the bug.
#

---------------  S U M M A R Y ------------

Command Line: -javaagent:C:\Program Files\JetBrains\IntelliJ IDEA Community Edition 2020.2.1\lib\idea_rt.jar=58963:C:\Program Files\JetBrains\IntelliJ IDEA Community Edition 2020.2.1\bin -Dfile.encoding=UTF-8 main

Host: Intel(R) Xeon(R) CPU E3-1505M v6 @ 3.00GHz, 8 cores, 31G,  Windows 10 , 64 bit Build 19041 (10.0.19041.928)
Time: Mon Apr 26 00:55:01 2021 Eastern Daylight Time elapsed time: 0 seconds (0d 0h 0m 0s)

---------------  T H R E A D  ---------------

Current thread (0x0000020c1dbb9000):  JavaThread "main" [_thread_in_native, id=9648, stack(0x000000f92ff00000,0x000000f930000000)]

Stack: [0x000000f92ff00000,0x000000f930000000],  sp=0x000000f92fffef88,  free space=1019k
Native frames: (J=compiled Java code, j=interpreted, Vv=VM code, C=native code)
C  [jimgui.dll+0x8b070]

Java frames: (J=compiled Java code, j=interpreted, Vv=VM code)
j  org.ice1000.jimgui.NativeFloat.accessValue(J)F+0
j  org.ice1000.jimgui.NativeFloat.accessValue()F+4
j  components.config.GuiConfig.render(Lorg/ice1000/jimgui/JImGui;Lcomponents/config/LoadOutput;)V+14
j  main.render()V+29
j  main.main([Ljava/lang/String;)V+0
v  ~StubRoutines::call_stub

siginfo: EXCEPTION_ACCESS_VIOLATION (0xc0000005), reading address 0x0000000000000000


Register to memory mapping:

RIP=0x00007fffebdfb070 jimgui.dll
RAX=0x00007fffebdfb070 jimgui.dll
RBX={method} {0x0000020c4d4df328} 'accessValue' '(J)F' in 'org/ice1000/jimgui/NativeFloat'
RCX=0x0000020c1dbb9310 points into unknown readable memory: a0 1a 5c c6 ff 7f 00 00
RDX=0x000000f92ffff018 is pointing into the stack for thread: 0x0000020c1dbb9000
RSP=0x000000f92fffef88 is pointing into the stack for thread: 0x0000020c1dbb9000
RBP=0x000000f92ffff008 is pointing into the stack for thread: 0x0000020c1dbb9000
RSI=0x0000000000000012 is an unknown value
RDI=0x0000020c27b89c90 is at code_begin+1040 in an Interpreter codelet
invoke return entry points  [0x0000020c27b89880, 0x0000020c27b8a2a0]  2592 bytes
R8 =0x0 is NULL
R9 =0x0000000000000002 is an unknown value
R10=0x0000020c27b8f3e8 is at code_begin+1000 in an Interpreter codelet
method entry point (kind = native)  [0x0000020c27b8f000, 0x0000020c27b8faa0]  2720 bytes
R11=0x0000000621901078 is an oop: java.lang.Class 
{0x0000000621901078} - klass: 'java/lang/Class'
R12=0x0 is NULL
R13={method} {0x0000020c4d4df328} 'accessValue' '(J)F' in 'org/ice1000/jimgui/NativeFloat'
R14=0x000000f92ffff030 is pointing into the stack for thread: 0x0000020c1dbb9000
R15=0x0000020c1dbb9000 is a thread


Registers:
RAX=0x00007fffebdfb070, RBX=0x0000020c4d4df320, RCX=0x0000020c1dbb9310, RDX=0x000000f92ffff018
RSP=0x000000f92fffef88, RBP=0x000000f92ffff008, RSI=0x0000000000000012, RDI=0x0000020c27b89c90
R8 =0x0000000000000000, R9 =0x0000000000000002, R10=0x0000020c27b8f3e8, R11=0x0000000621901078
R12=0x0000000000000000, R13=0x0000020c4d4df320, R14=0x000000f92ffff030, R15=0x0000020c1dbb9000
RIP=0x00007fffebdfb070, EFLAGS=0x0000000000010202

Top of Stack: (sp=0x000000f92fffef88)
0x000000f92fffef88:   0000020c27b8f417 0000020c4d4df320
0x000000f92fffef98:   0000000000000012 3ff0000000000000
0x000000f92fffefa8:   0000020c1dbb9000 0000000000000012
0x000000f92fffefb8:   0000020c27b8f0b6 000000f92fffefc0
0x000000f92fffefc8:   0000020c4d4df320 000000f92ffff030
0x000000f92fffefd8:   0000020c4d4dfa08 0000000000000000
0x000000f92fffefe8:   0000000621901078 0000020c4d4df320
0x000000f92fffeff8:   0000000000000000 000000f92ffff028
0x000000f92ffff008:   000000f92ffff080 0000020c27b89d60
0x000000f92ffff018:   0000000621901078 0000020c27b8c399
0x000000f92ffff028:   0000000000000000 0000000000000000
0x000000f92ffff038:   000000f92ffff038 0000020c4d4dee64
0x000000f92ffff048:   000000f92ffff090 0000020c4d4dfa08
0x000000f92ffff058:   0000000000000000 0000000621901078
0x000000f92ffff068:   0000020c4d4dee80 000000f92ffff028
0x000000f92ffff078:   000000f92ffff090 000000f92ffff0e8 

Instructions: (pc=0x00007fffebdfb070)
0x00007fffebdfaf70:   f3 0f 11 89 a4 00 00 00 c3 cc cc cc cc cc cc cc
0x00007fffebdfaf80:   f3 0f 11 89 a8 00 00 00 c3 cc cc cc cc cc cc cc
0x00007fffebdfaf90:   f3 0f 11 49 50 c3 cc cc cc cc cc cc cc cc cc cc
0x00007fffebdfafa0:   f3 0f 11 49 54 c3 cc cc cc cc cc cc cc cc cc cc
0x00007fffebdfafb0:   f3 0f 11 49 48 c3 cc cc cc cc cc cc cc cc cc cc
0x00007fffebdfafc0:   f3 0f 11 49 4c c3 cc cc cc cc cc cc cc cc cc cc
0x00007fffebdfafd0:   f3 0f 11 89 9c 00 00 00 c3 cc cc cc cc cc cc cc
0x00007fffebdfafe0:   f3 0f 11 89 a0 00 00 00 c3 cc cc cc cc cc cc cc
0x00007fffebdfaff0:   f3 0f 11 49 60 c3 cc cc cc cc cc cc cc cc cc cc
0x00007fffebdfb000:   f3 0f 11 49 64 c3 cc cc cc cc cc cc cc cc cc cc
0x00007fffebdfb010:   f3 0f 11 49 14 c3 cc cc cc cc cc cc cc cc cc cc
0x00007fffebdfb020:   f3 0f 11 49 18 c3 cc cc cc cc cc cc cc cc cc cc
0x00007fffebdfb030:   f3 0f 11 49 04 c3 cc cc cc cc cc cc cc cc cc cc
0x00007fffebdfb040:   f3 0f 11 49 08 c3 cc cc cc cc cc cc cc cc cc cc
0x00007fffebdfb050:   f3 0f 11 49 1c c3 cc cc cc cc cc cc cc cc cc cc
0x00007fffebdfb060:   f3 0f 11 49 20 c3 cc cc cc cc cc cc cc cc cc cc
0x00007fffebdfb070:   f3 41 0f 10 00 c3 cc cc cc cc cc cc cc cc cc cc
0x00007fffebdfb080:   f3 41 0f 10 80 94 00 00 00 c3 cc cc cc cc cc cc
0x00007fffebdfb090:   f3 41 0f 10 80 98 00 00 00 c3 cc cc cc cc cc cc
0x00007fffebdfb0a0:   f3 41 0f 10 40 58 c3 cc cc cc cc cc cc cc cc cc
0x00007fffebdfb0b0:   f3 41 0f 10 40 5c c3 cc cc cc cc cc cc cc cc cc
0x00007fffebdfb0c0:   f3 41 0f 10 80 c0 00 00 00 c3 cc cc cc cc cc cc
0x00007fffebdfb0d0:   41 8b 80 90 00 00 00 c3 cc cc cc cc cc cc cc cc
0x00007fffebdfb0e0:   f3 41 0f 10 40 6c c3 cc cc cc cc cc cc cc cc cc
0x00007fffebdfb0f0:   f3 41 0f 10 80 bc 00 00 00 c3 cc cc cc cc cc cc
0x00007fffebdfb100:   f3 41 0f 10 80 ac 00 00 00 c3 cc cc cc cc cc cc
0x00007fffebdfb110:   f3 41 0f 10 80 b0 00 00 00 c3 cc cc cc cc cc cc
0x00007fffebdfb120:   f3 41 0f 10 80 a4 00 00 00 c3 cc cc cc cc cc cc
0x00007fffebdfb130:   f3 41 0f 10 80 a8 00 00 00 c3 cc cc cc cc cc cc
0x00007fffebdfb140:   f3 41 0f 10 40 78 c3 cc cc cc cc cc cc cc cc cc
0x00007fffebdfb150:   f3 41 0f 10 40 7c c3 cc cc cc cc cc cc cc cc cc
0x00007fffebdfb160:   f3 41 0f 10 40 54 c3 cc cc cc cc cc cc cc cc cc 


Stack slot to memory mapping:
stack at sp + 0 slots: 0x0000020c27b8f417 is at code_begin+1047 in an Interpreter codelet
method entry point (kind = native)  [0x0000020c27b8f000, 0x0000020c27b8faa0]  2720 bytes
stack at sp + 1 slots: {method} {0x0000020c4d4df328} 'accessValue' '(J)F' in 'org/ice1000/jimgui/NativeFloat'
stack at sp + 2 slots: 0x0000000000000012 is an unknown value
stack at sp + 3 slots: 0x3ff0000000000000 is an unknown value
stack at sp + 4 slots: 0x0000020c1dbb9000 is a thread
stack at sp + 5 slots: 0x0000000000000012 is an unknown value
stack at sp + 6 slots: 0x0000020c27b8f0b6 is at code_begin+182 in an Interpreter codelet
method entry point (kind = native)  [0x0000020c27b8f000, 0x0000020c27b8faa0]  2720 bytes
stack at sp + 7 slots: 0x000000f92fffefc0 is pointing into the stack for thread: 0x0000020c1dbb9000


---------------  P R O C E S S  ---------------

Threads class SMR info:
_java_thread_list=0x0000020c4db9b6f0, length=12, elements={
0x0000020c1dbb9000, 0x0000020c4d080800, 0x0000020c4d082000, 0x0000020c4d08d800,
0x0000020c4d08e800, 0x0000020c4d9ba800, 0x0000020c4d9bb800, 0x0000020c4d9bf000,
0x0000020c4d9c4000, 0x0000020c4d9ac800, 0x0000020c4db97800, 0x0000020c4db98800
}

Java Threads: ( => current thread )
=>0x0000020c1dbb9000 JavaThread "main" [_thread_in_native, id=9648, stack(0x000000f92ff00000,0x000000f930000000)]
  0x0000020c4d080800 JavaThread "Reference Handler" daemon [_thread_blocked, id=14408, stack(0x000000f930600000,0x000000f930700000)]
  0x0000020c4d082000 JavaThread "Finalizer" daemon [_thread_blocked, id=19104, stack(0x000000f930700000,0x000000f930800000)]
  0x0000020c4d08d800 JavaThread "Signal Dispatcher" daemon [_thread_blocked, id=13948, stack(0x000000f930800000,0x000000f930900000)]
  0x0000020c4d08e800 JavaThread "Attach Listener" daemon [_thread_blocked, id=16864, stack(0x000000f930900000,0x000000f930a00000)]
  0x0000020c4d9ba800 JavaThread "Service Thread" daemon [_thread_blocked, id=20156, stack(0x000000f930a00000,0x000000f930b00000)]
  0x0000020c4d9bb800 JavaThread "C2 CompilerThread0" daemon [_thread_blocked, id=6076, stack(0x000000f930b00000,0x000000f930c00000)]
  0x0000020c4d9bf000 JavaThread "C1 CompilerThread0" daemon [_thread_blocked, id=1512, stack(0x000000f930c00000,0x000000f930d00000)]
  0x0000020c4d9c4000 JavaThread "Sweeper thread" daemon [_thread_blocked, id=8628, stack(0x000000f930d00000,0x000000f930e00000)]
  0x0000020c4d9ac800 JavaThread "Common-Cleaner" daemon [_thread_blocked, id=15908, stack(0x000000f930e00000,0x000000f930f00000)]
  0x0000020c4db97800 JavaThread "Monitor Ctrl-Break" daemon [_thread_in_native, id=3184, stack(0x000000f931000000,0x000000f931100000)]
  0x0000020c4db98800 JavaThread "Notification Thread" daemon [_thread_blocked, id=1836, stack(0x000000f931100000,0x000000f931200000)]

Other Threads:
  0x0000020c4d078000 VMThread "VM Thread" [stack: 0x000000f930500000,0x000000f930600000] [id=22420]
  0x0000020c4db9d000 WatcherThread [stack: 0x000000f931200000,0x000000f931300000] [id=21812]
  0x0000020c1dc3c800 GCTaskThread "GC Thread#0" [stack: 0x000000f930000000,0x000000f930100000] [id=8188]
  0x0000020c1dc5e000 ConcurrentGCThread "G1 Main Marker" [stack: 0x000000f930100000,0x000000f930200000] [id=17748]
  0x0000020c1dc61000 ConcurrentGCThread "G1 Conc#0" [stack: 0x000000f930200000,0x000000f930300000] [id=16440]
  0x0000020c4d000000 ConcurrentGCThread "G1 Refine#0" [stack: 0x000000f930300000,0x000000f930400000] [id=22064]
  0x0000020c4d001800 ConcurrentGCThread "G1 Young RemSet Sampling" [stack: 0x000000f930400000,0x000000f930500000] [id=10704]

Threads with active compile tasks:

VM state:not at safepoint (normal execution)

VM Mutex/Monitor currently owned by a thread: None

Heap address: 0x0000000601c00000, size: 8164 MB, Compressed Oops mode: Zero based, Oop shift amount: 3
Narrow klass base: 0x0000000800000000, Narrow klass shift: 3
Compressed class space size: 1073741824 Address: 0x0000000800b30000

Heap:
 garbage-first heap   total 524288K, used 2048K [0x0000000601c00000, 0x0000000800000000)
  region size 2048K, 2 young (4096K), 0 survivors (0K)
 Metaspace       used 1499K, capacity 4897K, committed 5120K, reserved 1056768K
  class space    used 132K, capacity 440K, committed 512K, reserved 1048576K
Heap Regions: E=young(eden), S=young(survivor), O=old, HS=humongous(starts), HC=humongous(continues), CS=collection set, F=free, OA=open archive, CA=closed archive, TAMS=top-at-mark-start (previous, next)
|   0|0x0000000601c00000, 0x0000000601c00000, 0x0000000601e00000|  0%| F|  |TAMS 0x0000000601c00000, 0x0000000601c00000| Untracked 
|   1|0x0000000601e00000, 0x0000000601e00000, 0x0000000602000000|  0%| F|  |TAMS 0x0000000601e00000, 0x0000000601e00000| Untracked 
|   2|0x0000000602000000, 0x0000000602000000, 0x0000000602200000|  0%| F|  |TAMS 0x0000000602000000, 0x0000000602000000| Untracked 
|   3|0x0000000602200000, 0x0000000602200000, 0x0000000602400000|  0%| F|  |TAMS 0x0000000602200000, 0x0000000602200000| Untracked 
|   4|0x0000000602400000, 0x0000000602400000, 0x0000000602600000|  0%| F|  |TAMS 0x0000000602400000, 0x0000000602400000| Untracked 
|   5|0x0000000602600000, 0x0000000602600000, 0x0000000602800000|  0%| F|  |TAMS 0x0000000602600000, 0x0000000602600000| Untracked 
|   6|0x0000000602800000, 0x0000000602800000, 0x0000000602a00000|  0%| F|  |TAMS 0x0000000602800000, 0x0000000602800000| Untracked 
|   7|0x0000000602a00000, 0x0000000602a00000, 0x0000000602c00000|  0%| F|  |TAMS 0x0000000602a00000, 0x0000000602a00000| Untracked 
|   8|0x0000000602c00000, 0x0000000602c00000, 0x0000000602e00000|  0%| F|  |TAMS 0x0000000602c00000, 0x0000000602c00000| Untracked 
|   9|0x0000000602e00000, 0x0000000602e00000, 0x0000000603000000|  0%| F|  |TAMS 0x0000000602e00000, 0x0000000602e00000| Untracked 
|  10|0x0000000603000000, 0x0000000603000000, 0x0000000603200000|  0%| F|  |TAMS 0x0000000603000000, 0x0000000603000000| Untracked 
|  11|0x0000000603200000, 0x0000000603200000, 0x0000000603400000|  0%| F|  |TAMS 0x0000000603200000, 0x0000000603200000| Untracked 
|  12|0x0000000603400000, 0x0000000603400000, 0x0000000603600000|  0%| F|  |TAMS 0x0000000603400000, 0x0000000603400000| Untracked 
|  13|0x0000000603600000, 0x0000000603600000, 0x0000000603800000|  0%| F|  |TAMS 0x0000000603600000, 0x0000000603600000| Untracked 
|  14|0x0000000603800000, 0x0000000603800000, 0x0000000603a00000|  0%| F|  |TAMS 0x0000000603800000, 0x0000000603800000| Untracked 
|  15|0x0000000603a00000, 0x0000000603a00000, 0x0000000603c00000|  0%| F|  |TAMS 0x0000000603a00000, 0x0000000603a00000| Untracked 
|  16|0x0000000603c00000, 0x0000000603c00000, 0x0000000603e00000|  0%| F|  |TAMS 0x0000000603c00000, 0x0000000603c00000| Untracked 
|  17|0x0000000603e00000, 0x0000000603e00000, 0x0000000604000000|  0%| F|  |TAMS 0x0000000603e00000, 0x0000000603e00000| Untracked 
|  18|0x0000000604000000, 0x0000000604000000, 0x0000000604200000|  0%| F|  |TAMS 0x0000000604000000, 0x0000000604000000| Untracked 
|  19|0x0000000604200000, 0x0000000604200000, 0x0000000604400000|  0%| F|  |TAMS 0x0000000604200000, 0x0000000604200000| Untracked 
|  20|0x0000000604400000, 0x0000000604400000, 0x0000000604600000|  0%| F|  |TAMS 0x0000000604400000, 0x0000000604400000| Untracked 
|  21|0x0000000604600000, 0x0000000604600000, 0x0000000604800000|  0%| F|  |TAMS 0x0000000604600000, 0x0000000604600000| Untracked 
|  22|0x0000000604800000, 0x0000000604800000, 0x0000000604a00000|  0%| F|  |TAMS 0x0000000604800000, 0x0000000604800000| Untracked 
|  23|0x0000000604a00000, 0x0000000604a00000, 0x0000000604c00000|  0%| F|  |TAMS 0x0000000604a00000, 0x0000000604a00000| Untracked 
|  24|0x0000000604c00000, 0x0000000604c00000, 0x0000000604e00000|  0%| F|  |TAMS 0x0000000604c00000, 0x0000000604c00000| Untracked 
|  25|0x0000000604e00000, 0x0000000604e00000, 0x0000000605000000|  0%| F|  |TAMS 0x0000000604e00000, 0x0000000604e00000| Untracked 
|  26|0x0000000605000000, 0x0000000605000000, 0x0000000605200000|  0%| F|  |TAMS 0x0000000605000000, 0x0000000605000000| Untracked 
|  27|0x0000000605200000, 0x0000000605200000, 0x0000000605400000|  0%| F|  |TAMS 0x0000000605200000, 0x0000000605200000| Untracked 
|  28|0x0000000605400000, 0x0000000605400000, 0x0000000605600000|  0%| F|  |TAMS 0x0000000605400000, 0x0000000605400000| Untracked 
|  29|0x0000000605600000, 0x0000000605600000, 0x0000000605800000|  0%| F|  |TAMS 0x0000000605600000, 0x0000000605600000| Untracked 
|  30|0x0000000605800000, 0x0000000605800000, 0x0000000605a00000|  0%| F|  |TAMS 0x0000000605800000, 0x0000000605800000| Untracked 
|  31|0x0000000605a00000, 0x0000000605a00000, 0x0000000605c00000|  0%| F|  |TAMS 0x0000000605a00000, 0x0000000605a00000| Untracked 
|  32|0x0000000605c00000, 0x0000000605c00000, 0x0000000605e00000|  0%| F|  |TAMS 0x0000000605c00000, 0x0000000605c00000| Untracked 
|  33|0x0000000605e00000, 0x0000000605e00000, 0x0000000606000000|  0%| F|  |TAMS 0x0000000605e00000, 0x0000000605e00000| Untracked 
|  34|0x0000000606000000, 0x0000000606000000, 0x0000000606200000|  0%| F|  |TAMS 0x0000000606000000, 0x0000000606000000| Untracked 
|  35|0x0000000606200000, 0x0000000606200000, 0x0000000606400000|  0%| F|  |TAMS 0x0000000606200000, 0x0000000606200000| Untracked 
|  36|0x0000000606400000, 0x0000000606400000, 0x0000000606600000|  0%| F|  |TAMS 0x0000000606400000, 0x0000000606400000| Untracked 
|  37|0x0000000606600000, 0x0000000606600000, 0x0000000606800000|  0%| F|  |TAMS 0x0000000606600000, 0x0000000606600000| Untracked 
|  38|0x0000000606800000, 0x0000000606800000, 0x0000000606a00000|  0%| F|  |TAMS 0x0000000606800000, 0x0000000606800000| Untracked 
|  39|0x0000000606a00000, 0x0000000606a00000, 0x0000000606c00000|  0%| F|  |TAMS 0x0000000606a00000, 0x0000000606a00000| Untracked 
|  40|0x0000000606c00000, 0x0000000606c00000, 0x0000000606e00000|  0%| F|  |TAMS 0x0000000606c00000, 0x0000000606c00000| Untracked 
|  41|0x0000000606e00000, 0x0000000606e00000, 0x0000000607000000|  0%| F|  |TAMS 0x0000000606e00000, 0x0000000606e00000| Untracked 
|  42|0x0000000607000000, 0x0000000607000000, 0x0000000607200000|  0%| F|  |TAMS 0x0000000607000000, 0x0000000607000000| Untracked 
|  43|0x0000000607200000, 0x0000000607200000, 0x0000000607400000|  0%| F|  |TAMS 0x0000000607200000, 0x0000000607200000| Untracked 
|  44|0x0000000607400000, 0x0000000607400000, 0x0000000607600000|  0%| F|  |TAMS 0x0000000607400000, 0x0000000607400000| Untracked 
|  45|0x0000000607600000, 0x0000000607600000, 0x0000000607800000|  0%| F|  |TAMS 0x0000000607600000, 0x0000000607600000| Untracked 
|  46|0x0000000607800000, 0x0000000607800000, 0x0000000607a00000|  0%| F|  |TAMS 0x0000000607800000, 0x0000000607800000| Untracked 
|  47|0x0000000607a00000, 0x0000000607a00000, 0x0000000607c00000|  0%| F|  |TAMS 0x0000000607a00000, 0x0000000607a00000| Untracked 
|  48|0x0000000607c00000, 0x0000000607c00000, 0x0000000607e00000|  0%| F|  |TAMS 0x0000000607c00000, 0x0000000607c00000| Untracked 
|  49|0x0000000607e00000, 0x0000000607e00000, 0x0000000608000000|  0%| F|  |TAMS 0x0000000607e00000, 0x0000000607e00000| Untracked 
|  50|0x0000000608000000, 0x0000000608000000, 0x0000000608200000|  0%| F|  |TAMS 0x0000000608000000, 0x0000000608000000| Untracked 
|  51|0x0000000608200000, 0x0000000608200000, 0x0000000608400000|  0%| F|  |TAMS 0x0000000608200000, 0x0000000608200000| Untracked 
|  52|0x0000000608400000, 0x0000000608400000, 0x0000000608600000|  0%| F|  |TAMS 0x0000000608400000, 0x0000000608400000| Untracked 
|  53|0x0000000608600000, 0x0000000608600000, 0x0000000608800000|  0%| F|  |TAMS 0x0000000608600000, 0x0000000608600000| Untracked 
|  54|0x0000000608800000, 0x0000000608800000, 0x0000000608a00000|  0%| F|  |TAMS 0x0000000608800000, 0x0000000608800000| Untracked 
|  55|0x0000000608a00000, 0x0000000608a00000, 0x0000000608c00000|  0%| F|  |TAMS 0x0000000608a00000, 0x0000000608a00000| Untracked 
|  56|0x0000000608c00000, 0x0000000608c00000, 0x0000000608e00000|  0%| F|  |TAMS 0x0000000608c00000, 0x0000000608c00000| Untracked 
|  57|0x0000000608e00000, 0x0000000608e00000, 0x0000000609000000|  0%| F|  |TAMS 0x0000000608e00000, 0x0000000608e00000| Untracked 
|  58|0x0000000609000000, 0x0000000609000000, 0x0000000609200000|  0%| F|  |TAMS 0x0000000609000000, 0x0000000609000000| Untracked 
|  59|0x0000000609200000, 0x0000000609200000, 0x0000000609400000|  0%| F|  |TAMS 0x0000000609200000, 0x0000000609200000| Untracked 
|  60|0x0000000609400000, 0x0000000609400000, 0x0000000609600000|  0%| F|  |TAMS 0x0000000609400000, 0x0000000609400000| Untracked 
|  61|0x0000000609600000, 0x0000000609600000, 0x0000000609800000|  0%| F|  |TAMS 0x0000000609600000, 0x0000000609600000| Untracked 
|  62|0x0000000609800000, 0x0000000609800000, 0x0000000609a00000|  0%| F|  |TAMS 0x0000000609800000, 0x0000000609800000| Untracked 
|  63|0x0000000609a00000, 0x0000000609a00000, 0x0000000609c00000|  0%| F|  |TAMS 0x0000000609a00000, 0x0000000609a00000| Untracked 
|  64|0x0000000609c00000, 0x0000000609c00000, 0x0000000609e00000|  0%| F|  |TAMS 0x0000000609c00000, 0x0000000609c00000| Untracked 
|  65|0x0000000609e00000, 0x0000000609e00000, 0x000000060a000000|  0%| F|  |TAMS 0x0000000609e00000, 0x0000000609e00000| Untracked 
|  66|0x000000060a000000, 0x000000060a000000, 0x000000060a200000|  0%| F|  |TAMS 0x000000060a000000, 0x000000060a000000| Untracked 
|  67|0x000000060a200000, 0x000000060a200000, 0x000000060a400000|  0%| F|  |TAMS 0x000000060a200000, 0x000000060a200000| Untracked 
|  68|0x000000060a400000, 0x000000060a400000, 0x000000060a600000|  0%| F|  |TAMS 0x000000060a400000, 0x000000060a400000| Untracked 
|  69|0x000000060a600000, 0x000000060a600000, 0x000000060a800000|  0%| F|  |TAMS 0x000000060a600000, 0x000000060a600000| Untracked 
|  70|0x000000060a800000, 0x000000060a800000, 0x000000060aa00000|  0%| F|  |TAMS 0x000000060a800000, 0x000000060a800000| Untracked 
|  71|0x000000060aa00000, 0x000000060aa00000, 0x000000060ac00000|  0%| F|  |TAMS 0x000000060aa00000, 0x000000060aa00000| Untracked 
|  72|0x000000060ac00000, 0x000000060ac00000, 0x000000060ae00000|  0%| F|  |TAMS 0x000000060ac00000, 0x000000060ac00000| Untracked 
|  73|0x000000060ae00000, 0x000000060ae00000, 0x000000060b000000|  0%| F|  |TAMS 0x000000060ae00000, 0x000000060ae00000| Untracked 
|  74|0x000000060b000000, 0x000000060b000000, 0x000000060b200000|  0%| F|  |TAMS 0x000000060b000000, 0x000000060b000000| Untracked 
|  75|0x000000060b200000, 0x000000060b200000, 0x000000060b400000|  0%| F|  |TAMS 0x000000060b200000, 0x000000060b200000| Untracked 
|  76|0x000000060b400000, 0x000000060b400000, 0x000000060b600000|  0%| F|  |TAMS 0x000000060b400000, 0x000000060b400000| Untracked 
|  77|0x000000060b600000, 0x000000060b600000, 0x000000060b800000|  0%| F|  |TAMS 0x000000060b600000, 0x000000060b600000| Untracked 
|  78|0x000000060b800000, 0x000000060b800000, 0x000000060ba00000|  0%| F|  |TAMS 0x000000060b800000, 0x000000060b800000| Untracked 
|  79|0x000000060ba00000, 0x000000060ba00000, 0x000000060bc00000|  0%| F|  |TAMS 0x000000060ba00000, 0x000000060ba00000| Untracked 
|  80|0x000000060bc00000, 0x000000060bc00000, 0x000000060be00000|  0%| F|  |TAMS 0x000000060bc00000, 0x000000060bc00000| Untracked 
|  81|0x000000060be00000, 0x000000060be00000, 0x000000060c000000|  0%| F|  |TAMS 0x000000060be00000, 0x000000060be00000| Untracked 
|  82|0x000000060c000000, 0x000000060c000000, 0x000000060c200000|  0%| F|  |TAMS 0x000000060c000000, 0x000000060c000000| Untracked 
|  83|0x000000060c200000, 0x000000060c200000, 0x000000060c400000|  0%| F|  |TAMS 0x000000060c200000, 0x000000060c200000| Untracked 
|  84|0x000000060c400000, 0x000000060c400000, 0x000000060c600000|  0%| F|  |TAMS 0x000000060c400000, 0x000000060c400000| Untracked 
|  85|0x000000060c600000, 0x000000060c600000, 0x000000060c800000|  0%| F|  |TAMS 0x000000060c600000, 0x000000060c600000| Untracked 
|  86|0x000000060c800000, 0x000000060c800000, 0x000000060ca00000|  0%| F|  |TAMS 0x000000060c800000, 0x000000060c800000| Untracked 
|  87|0x000000060ca00000, 0x000000060ca00000, 0x000000060cc00000|  0%| F|  |TAMS 0x000000060ca00000, 0x000000060ca00000| Untracked 
|  88|0x000000060cc00000, 0x000000060cc00000, 0x000000060ce00000|  0%| F|  |TAMS 0x000000060cc00000, 0x000000060cc00000| Untracked 
|  89|0x000000060ce00000, 0x000000060ce00000, 0x000000060d000000|  0%| F|  |TAMS 0x000000060ce00000, 0x000000060ce00000| Untracked 
|  90|0x000000060d000000, 0x000000060d000000, 0x000000060d200000|  0%| F|  |TAMS 0x000000060d000000, 0x000000060d000000| Untracked 
|  91|0x000000060d200000, 0x000000060d200000, 0x000000060d400000|  0%| F|  |TAMS 0x000000060d200000, 0x000000060d200000| Untracked 
|  92|0x000000060d400000, 0x000000060d400000, 0x000000060d600000|  0%| F|  |TAMS 0x000000060d400000, 0x000000060d400000| Untracked 
|  93|0x000000060d600000, 0x000000060d600000, 0x000000060d800000|  0%| F|  |TAMS 0x000000060d600000, 0x000000060d600000| Untracked 
|  94|0x000000060d800000, 0x000000060d800000, 0x000000060da00000|  0%| F|  |TAMS 0x000000060d800000, 0x000000060d800000| Untracked 
|  95|0x000000060da00000, 0x000000060da00000, 0x000000060dc00000|  0%| F|  |TAMS 0x000000060da00000, 0x000000060da00000| Untracked 
|  96|0x000000060dc00000, 0x000000060dc00000, 0x000000060de00000|  0%| F|  |TAMS 0x000000060dc00000, 0x000000060dc00000| Untracked 
|  97|0x000000060de00000, 0x000000060de00000, 0x000000060e000000|  0%| F|  |TAMS 0x000000060de00000, 0x000000060de00000| Untracked 
|  98|0x000000060e000000, 0x000000060e000000, 0x000000060e200000|  0%| F|  |TAMS 0x000000060e000000, 0x000000060e000000| Untracked 
|  99|0x000000060e200000, 0x000000060e200000, 0x000000060e400000|  0%| F|  |TAMS 0x000000060e200000, 0x000000060e200000| Untracked 
| 100|0x000000060e400000, 0x000000060e400000, 0x000000060e600000|  0%| F|  |TAMS 0x000000060e400000, 0x000000060e400000| Untracked 
| 101|0x000000060e600000, 0x000000060e600000, 0x000000060e800000|  0%| F|  |TAMS 0x000000060e600000, 0x000000060e600000| Untracked 
| 102|0x000000060e800000, 0x000000060e800000, 0x000000060ea00000|  0%| F|  |TAMS 0x000000060e800000, 0x000000060e800000| Untracked 
| 103|0x000000060ea00000, 0x000000060ea00000, 0x000000060ec00000|  0%| F|  |TAMS 0x000000060ea00000, 0x000000060ea00000| Untracked 
| 104|0x000000060ec00000, 0x000000060ec00000, 0x000000060ee00000|  0%| F|  |TAMS 0x000000060ec00000, 0x000000060ec00000| Untracked 
| 105|0x000000060ee00000, 0x000000060ee00000, 0x000000060f000000|  0%| F|  |TAMS 0x000000060ee00000, 0x000000060ee00000| Untracked 
| 106|0x000000060f000000, 0x000000060f000000, 0x000000060f200000|  0%| F|  |TAMS 0x000000060f000000, 0x000000060f000000| Untracked 
| 107|0x000000060f200000, 0x000000060f200000, 0x000000060f400000|  0%| F|  |TAMS 0x000000060f200000, 0x000000060f200000| Untracked 
| 108|0x000000060f400000, 0x000000060f400000, 0x000000060f600000|  0%| F|  |TAMS 0x000000060f400000, 0x000000060f400000| Untracked 
| 109|0x000000060f600000, 0x000000060f600000, 0x000000060f800000|  0%| F|  |TAMS 0x000000060f600000, 0x000000060f600000| Untracked 
| 110|0x000000060f800000, 0x000000060f800000, 0x000000060fa00000|  0%| F|  |TAMS 0x000000060f800000, 0x000000060f800000| Untracked 
| 111|0x000000060fa00000, 0x000000060fa00000, 0x000000060fc00000|  0%| F|  |TAMS 0x000000060fa00000, 0x000000060fa00000| Untracked 
| 112|0x000000060fc00000, 0x000000060fc00000, 0x000000060fe00000|  0%| F|  |TAMS 0x000000060fc00000, 0x000000060fc00000| Untracked 
| 113|0x000000060fe00000, 0x000000060fe00000, 0x0000000610000000|  0%| F|  |TAMS 0x000000060fe00000, 0x000000060fe00000| Untracked 
| 114|0x0000000610000000, 0x0000000610000000, 0x0000000610200000|  0%| F|  |TAMS 0x0000000610000000, 0x0000000610000000| Untracked 
| 115|0x0000000610200000, 0x0000000610200000, 0x0000000610400000|  0%| F|  |TAMS 0x0000000610200000, 0x0000000610200000| Untracked 
| 116|0x0000000610400000, 0x0000000610400000, 0x0000000610600000|  0%| F|  |TAMS 0x0000000610400000, 0x0000000610400000| Untracked 
| 117|0x0000000610600000, 0x0000000610600000, 0x0000000610800000|  0%| F|  |TAMS 0x0000000610600000, 0x0000000610600000| Untracked 
| 118|0x0000000610800000, 0x0000000610800000, 0x0000000610a00000|  0%| F|  |TAMS 0x0000000610800000, 0x0000000610800000| Untracked 
| 119|0x0000000610a00000, 0x0000000610a00000, 0x0000000610c00000|  0%| F|  |TAMS 0x0000000610a00000, 0x0000000610a00000| Untracked 
| 120|0x0000000610c00000, 0x0000000610c00000, 0x0000000610e00000|  0%| F|  |TAMS 0x0000000610c00000, 0x0000000610c00000| Untracked 
| 121|0x0000000610e00000, 0x0000000610e00000, 0x0000000611000000|  0%| F|  |TAMS 0x0000000610e00000, 0x0000000610e00000| Untracked 
| 122|0x0000000611000000, 0x0000000611000000, 0x0000000611200000|  0%| F|  |TAMS 0x0000000611000000, 0x0000000611000000| Untracked 
| 123|0x0000000611200000, 0x0000000611200000, 0x0000000611400000|  0%| F|  |TAMS 0x0000000611200000, 0x0000000611200000| Untracked 
| 124|0x0000000611400000, 0x0000000611400000, 0x0000000611600000|  0%| F|  |TAMS 0x0000000611400000, 0x0000000611400000| Untracked 
| 125|0x0000000611600000, 0x0000000611600000, 0x0000000611800000|  0%| F|  |TAMS 0x0000000611600000, 0x0000000611600000| Untracked 
| 126|0x0000000611800000, 0x0000000611800000, 0x0000000611a00000|  0%| F|  |TAMS 0x0000000611800000, 0x0000000611800000| Untracked 
| 127|0x0000000611a00000, 0x0000000611a00000, 0x0000000611c00000|  0%| F|  |TAMS 0x0000000611a00000, 0x0000000611a00000| Untracked 
| 128|0x0000000611c00000, 0x0000000611c00000, 0x0000000611e00000|  0%| F|  |TAMS 0x0000000611c00000, 0x0000000611c00000| Untracked 
| 129|0x0000000611e00000, 0x0000000611e00000, 0x0000000612000000|  0%| F|  |TAMS 0x0000000611e00000, 0x0000000611e00000| Untracked 
| 130|0x0000000612000000, 0x0000000612000000, 0x0000000612200000|  0%| F|  |TAMS 0x0000000612000000, 0x0000000612000000| Untracked 
| 131|0x0000000612200000, 0x0000000612200000, 0x0000000612400000|  0%| F|  |TAMS 0x0000000612200000, 0x0000000612200000| Untracked 
| 132|0x0000000612400000, 0x0000000612400000, 0x0000000612600000|  0%| F|  |TAMS 0x0000000612400000, 0x0000000612400000| Untracked 
| 133|0x0000000612600000, 0x0000000612600000, 0x0000000612800000|  0%| F|  |TAMS 0x0000000612600000, 0x0000000612600000| Untracked 
| 134|0x0000000612800000, 0x0000000612800000, 0x0000000612a00000|  0%| F|  |TAMS 0x0000000612800000, 0x0000000612800000| Untracked 
| 135|0x0000000612a00000, 0x0000000612a00000, 0x0000000612c00000|  0%| F|  |TAMS 0x0000000612a00000, 0x0000000612a00000| Untracked 
| 136|0x0000000612c00000, 0x0000000612c00000, 0x0000000612e00000|  0%| F|  |TAMS 0x0000000612c00000, 0x0000000612c00000| Untracked 
| 137|0x0000000612e00000, 0x0000000612e00000, 0x0000000613000000|  0%| F|  |TAMS 0x0000000612e00000, 0x0000000612e00000| Untracked 
| 138|0x0000000613000000, 0x0000000613000000, 0x0000000613200000|  0%| F|  |TAMS 0x0000000613000000, 0x0000000613000000| Untracked 
| 139|0x0000000613200000, 0x0000000613200000, 0x0000000613400000|  0%| F|  |TAMS 0x0000000613200000, 0x0000000613200000| Untracked 
| 140|0x0000000613400000, 0x0000000613400000, 0x0000000613600000|  0%| F|  |TAMS 0x0000000613400000, 0x0000000613400000| Untracked 
| 141|0x0000000613600000, 0x0000000613600000, 0x0000000613800000|  0%| F|  |TAMS 0x0000000613600000, 0x0000000613600000| Untracked 
| 142|0x0000000613800000, 0x0000000613800000, 0x0000000613a00000|  0%| F|  |TAMS 0x0000000613800000, 0x0000000613800000| Untracked 
| 143|0x0000000613a00000, 0x0000000613a00000, 0x0000000613c00000|  0%| F|  |TAMS 0x0000000613a00000, 0x0000000613a00000| Untracked 
| 144|0x0000000613c00000, 0x0000000613c00000, 0x0000000613e00000|  0%| F|  |TAMS 0x0000000613c00000, 0x0000000613c00000| Untracked 
| 145|0x0000000613e00000, 0x0000000613e00000, 0x0000000614000000|  0%| F|  |TAMS 0x0000000613e00000, 0x0000000613e00000| Untracked 
| 146|0x0000000614000000, 0x0000000614000000, 0x0000000614200000|  0%| F|  |TAMS 0x0000000614000000, 0x0000000614000000| Untracked 
| 147|0x0000000614200000, 0x0000000614200000, 0x0000000614400000|  0%| F|  |TAMS 0x0000000614200000, 0x0000000614200000| Untracked 
| 148|0x0000000614400000, 0x0000000614400000, 0x0000000614600000|  0%| F|  |TAMS 0x0000000614400000, 0x0000000614400000| Untracked 
| 149|0x0000000614600000, 0x0000000614600000, 0x0000000614800000|  0%| F|  |TAMS 0x0000000614600000, 0x0000000614600000| Untracked 
| 150|0x0000000614800000, 0x0000000614800000, 0x0000000614a00000|  0%| F|  |TAMS 0x0000000614800000, 0x0000000614800000| Untracked 
| 151|0x0000000614a00000, 0x0000000614a00000, 0x0000000614c00000|  0%| F|  |TAMS 0x0000000614a00000, 0x0000000614a00000| Untracked 
| 152|0x0000000614c00000, 0x0000000614c00000, 0x0000000614e00000|  0%| F|  |TAMS 0x0000000614c00000, 0x0000000614c00000| Untracked 
| 153|0x0000000614e00000, 0x0000000614e00000, 0x0000000615000000|  0%| F|  |TAMS 0x0000000614e00000, 0x0000000614e00000| Untracked 
| 154|0x0000000615000000, 0x0000000615000000, 0x0000000615200000|  0%| F|  |TAMS 0x0000000615000000, 0x0000000615000000| Untracked 
| 155|0x0000000615200000, 0x0000000615200000, 0x0000000615400000|  0%| F|  |TAMS 0x0000000615200000, 0x0000000615200000| Untracked 
| 156|0x0000000615400000, 0x0000000615400000, 0x0000000615600000|  0%| F|  |TAMS 0x0000000615400000, 0x0000000615400000| Untracked 
| 157|0x0000000615600000, 0x0000000615600000, 0x0000000615800000|  0%| F|  |TAMS 0x0000000615600000, 0x0000000615600000| Untracked 
| 158|0x0000000615800000, 0x0000000615800000, 0x0000000615a00000|  0%| F|  |TAMS 0x0000000615800000, 0x0000000615800000| Untracked 
| 159|0x0000000615a00000, 0x0000000615a00000, 0x0000000615c00000|  0%| F|  |TAMS 0x0000000615a00000, 0x0000000615a00000| Untracked 
| 160|0x0000000615c00000, 0x0000000615c00000, 0x0000000615e00000|  0%| F|  |TAMS 0x0000000615c00000, 0x0000000615c00000| Untracked 
| 161|0x0000000615e00000, 0x0000000615e00000, 0x0000000616000000|  0%| F|  |TAMS 0x0000000615e00000, 0x0000000615e00000| Untracked 
| 162|0x0000000616000000, 0x0000000616000000, 0x0000000616200000|  0%| F|  |TAMS 0x0000000616000000, 0x0000000616000000| Untracked 
| 163|0x0000000616200000, 0x0000000616200000, 0x0000000616400000|  0%| F|  |TAMS 0x0000000616200000, 0x0000000616200000| Untracked 
| 164|0x0000000616400000, 0x0000000616400000, 0x0000000616600000|  0%| F|  |TAMS 0x0000000616400000, 0x0000000616400000| Untracked 
| 165|0x0000000616600000, 0x0000000616600000, 0x0000000616800000|  0%| F|  |TAMS 0x0000000616600000, 0x0000000616600000| Untracked 
| 166|0x0000000616800000, 0x0000000616800000, 0x0000000616a00000|  0%| F|  |TAMS 0x0000000616800000, 0x0000000616800000| Untracked 
| 167|0x0000000616a00000, 0x0000000616a00000, 0x0000000616c00000|  0%| F|  |TAMS 0x0000000616a00000, 0x0000000616a00000| Untracked 
| 168|0x0000000616c00000, 0x0000000616c00000, 0x0000000616e00000|  0%| F|  |TAMS 0x0000000616c00000, 0x0000000616c00000| Untracked 
| 169|0x0000000616e00000, 0x0000000616e00000, 0x0000000617000000|  0%| F|  |TAMS 0x0000000616e00000, 0x0000000616e00000| Untracked 
| 170|0x0000000617000000, 0x0000000617000000, 0x0000000617200000|  0%| F|  |TAMS 0x0000000617000000, 0x0000000617000000| Untracked 
| 171|0x0000000617200000, 0x0000000617200000, 0x0000000617400000|  0%| F|  |TAMS 0x0000000617200000, 0x0000000617200000| Untracked 
| 172|0x0000000617400000, 0x0000000617400000, 0x0000000617600000|  0%| F|  |TAMS 0x0000000617400000, 0x0000000617400000| Untracked 
| 173|0x0000000617600000, 0x0000000617600000, 0x0000000617800000|  0%| F|  |TAMS 0x0000000617600000, 0x0000000617600000| Untracked 
| 174|0x0000000617800000, 0x0000000617800000, 0x0000000617a00000|  0%| F|  |TAMS 0x0000000617800000, 0x0000000617800000| Untracked 
| 175|0x0000000617a00000, 0x0000000617a00000, 0x0000000617c00000|  0%| F|  |TAMS 0x0000000617a00000, 0x0000000617a00000| Untracked 
| 176|0x0000000617c00000, 0x0000000617c00000, 0x0000000617e00000|  0%| F|  |TAMS 0x0000000617c00000, 0x0000000617c00000| Untracked 
| 177|0x0000000617e00000, 0x0000000617e00000, 0x0000000618000000|  0%| F|  |TAMS 0x0000000617e00000, 0x0000000617e00000| Untracked 
| 178|0x0000000618000000, 0x0000000618000000, 0x0000000618200000|  0%| F|  |TAMS 0x0000000618000000, 0x0000000618000000| Untracked 
| 179|0x0000000618200000, 0x0000000618200000, 0x0000000618400000|  0%| F|  |TAMS 0x0000000618200000, 0x0000000618200000| Untracked 
| 180|0x0000000618400000, 0x0000000618400000, 0x0000000618600000|  0%| F|  |TAMS 0x0000000618400000, 0x0000000618400000| Untracked 
| 181|0x0000000618600000, 0x0000000618600000, 0x0000000618800000|  0%| F|  |TAMS 0x0000000618600000, 0x0000000618600000| Untracked 
| 182|0x0000000618800000, 0x0000000618800000, 0x0000000618a00000|  0%| F|  |TAMS 0x0000000618800000, 0x0000000618800000| Untracked 
| 183|0x0000000618a00000, 0x0000000618a00000, 0x0000000618c00000|  0%| F|  |TAMS 0x0000000618a00000, 0x0000000618a00000| Untracked 
| 184|0x0000000618c00000, 0x0000000618c00000, 0x0000000618e00000|  0%| F|  |TAMS 0x0000000618c00000, 0x0000000618c00000| Untracked 
| 185|0x0000000618e00000, 0x0000000618e00000, 0x0000000619000000|  0%| F|  |TAMS 0x0000000618e00000, 0x0000000618e00000| Untracked 
| 186|0x0000000619000000, 0x0000000619000000, 0x0000000619200000|  0%| F|  |TAMS 0x0000000619000000, 0x0000000619000000| Untracked 
| 187|0x0000000619200000, 0x0000000619200000, 0x0000000619400000|  0%| F|  |TAMS 0x0000000619200000, 0x0000000619200000| Untracked 
| 188|0x0000000619400000, 0x0000000619400000, 0x0000000619600000|  0%| F|  |TAMS 0x0000000619400000, 0x0000000619400000| Untracked 
| 189|0x0000000619600000, 0x0000000619600000, 0x0000000619800000|  0%| F|  |TAMS 0x0000000619600000, 0x0000000619600000| Untracked 
| 190|0x0000000619800000, 0x0000000619800000, 0x0000000619a00000|  0%| F|  |TAMS 0x0000000619800000, 0x0000000619800000| Untracked 
| 191|0x0000000619a00000, 0x0000000619a00000, 0x0000000619c00000|  0%| F|  |TAMS 0x0000000619a00000, 0x0000000619a00000| Untracked 
| 192|0x0000000619c00000, 0x0000000619c00000, 0x0000000619e00000|  0%| F|  |TAMS 0x0000000619c00000, 0x0000000619c00000| Untracked 
| 193|0x0000000619e00000, 0x0000000619e00000, 0x000000061a000000|  0%| F|  |TAMS 0x0000000619e00000, 0x0000000619e00000| Untracked 
| 194|0x000000061a000000, 0x000000061a000000, 0x000000061a200000|  0%| F|  |TAMS 0x000000061a000000, 0x000000061a000000| Untracked 
| 195|0x000000061a200000, 0x000000061a200000, 0x000000061a400000|  0%| F|  |TAMS 0x000000061a200000, 0x000000061a200000| Untracked 
| 196|0x000000061a400000, 0x000000061a400000, 0x000000061a600000|  0%| F|  |TAMS 0x000000061a400000, 0x000000061a400000| Untracked 
| 197|0x000000061a600000, 0x000000061a600000, 0x000000061a800000|  0%| F|  |TAMS 0x000000061a600000, 0x000000061a600000| Untracked 
| 198|0x000000061a800000, 0x000000061a800000, 0x000000061aa00000|  0%| F|  |TAMS 0x000000061a800000, 0x000000061a800000| Untracked 
| 199|0x000000061aa00000, 0x000000061aa00000, 0x000000061ac00000|  0%| F|  |TAMS 0x000000061aa00000, 0x000000061aa00000| Untracked 
| 200|0x000000061ac00000, 0x000000061ac00000, 0x000000061ae00000|  0%| F|  |TAMS 0x000000061ac00000, 0x000000061ac00000| Untracked 
| 201|0x000000061ae00000, 0x000000061ae00000, 0x000000061b000000|  0%| F|  |TAMS 0x000000061ae00000, 0x000000061ae00000| Untracked 
| 202|0x000000061b000000, 0x000000061b000000, 0x000000061b200000|  0%| F|  |TAMS 0x000000061b000000, 0x000000061b000000| Untracked 
| 203|0x000000061b200000, 0x000000061b200000, 0x000000061b400000|  0%| F|  |TAMS 0x000000061b200000, 0x000000061b200000| Untracked 
| 204|0x000000061b400000, 0x000000061b400000, 0x000000061b600000|  0%| F|  |TAMS 0x000000061b400000, 0x000000061b400000| Untracked 
| 205|0x000000061b600000, 0x000000061b600000, 0x000000061b800000|  0%| F|  |TAMS 0x000000061b600000, 0x000000061b600000| Untracked 
| 206|0x000000061b800000, 0x000000061b800000, 0x000000061ba00000|  0%| F|  |TAMS 0x000000061b800000, 0x000000061b800000| Untracked 
| 207|0x000000061ba00000, 0x000000061ba00000, 0x000000061bc00000|  0%| F|  |TAMS 0x000000061ba00000, 0x000000061ba00000| Untracked 
| 208|0x000000061bc00000, 0x000000061bc00000, 0x000000061be00000|  0%| F|  |TAMS 0x000000061bc00000, 0x000000061bc00000| Untracked 
| 209|0x000000061be00000, 0x000000061be00000, 0x000000061c000000|  0%| F|  |TAMS 0x000000061be00000, 0x000000061be00000| Untracked 
| 210|0x000000061c000000, 0x000000061c000000, 0x000000061c200000|  0%| F|  |TAMS 0x000000061c000000, 0x000000061c000000| Untracked 
| 211|0x000000061c200000, 0x000000061c200000, 0x000000061c400000|  0%| F|  |TAMS 0x000000061c200000, 0x000000061c200000| Untracked 
| 212|0x000000061c400000, 0x000000061c400000, 0x000000061c600000|  0%| F|  |TAMS 0x000000061c400000, 0x000000061c400000| Untracked 
| 213|0x000000061c600000, 0x000000061c600000, 0x000000061c800000|  0%| F|  |TAMS 0x000000061c600000, 0x000000061c600000| Untracked 
| 214|0x000000061c800000, 0x000000061c800000, 0x000000061ca00000|  0%| F|  |TAMS 0x000000061c800000, 0x000000061c800000| Untracked 
| 215|0x000000061ca00000, 0x000000061ca00000, 0x000000061cc00000|  0%| F|  |TAMS 0x000000061ca00000, 0x000000061ca00000| Untracked 
| 216|0x000000061cc00000, 0x000000061cc00000, 0x000000061ce00000|  0%| F|  |TAMS 0x000000061cc00000, 0x000000061cc00000| Untracked 
| 217|0x000000061ce00000, 0x000000061ce00000, 0x000000061d000000|  0%| F|  |TAMS 0x000000061ce00000, 0x000000061ce00000| Untracked 
| 218|0x000000061d000000, 0x000000061d000000, 0x000000061d200000|  0%| F|  |TAMS 0x000000061d000000, 0x000000061d000000| Untracked 
| 219|0x000000061d200000, 0x000000061d200000, 0x000000061d400000|  0%| F|  |TAMS 0x000000061d200000, 0x000000061d200000| Untracked 
| 220|0x000000061d400000, 0x000000061d400000, 0x000000061d600000|  0%| F|  |TAMS 0x000000061d400000, 0x000000061d400000| Untracked 
| 221|0x000000061d600000, 0x000000061d600000, 0x000000061d800000|  0%| F|  |TAMS 0x000000061d600000, 0x000000061d600000| Untracked 
| 222|0x000000061d800000, 0x000000061d800000, 0x000000061da00000|  0%| F|  |TAMS 0x000000061d800000, 0x000000061d800000| Untracked 
| 223|0x000000061da00000, 0x000000061da00000, 0x000000061dc00000|  0%| F|  |TAMS 0x000000061da00000, 0x000000061da00000| Untracked 
| 224|0x000000061dc00000, 0x000000061dc00000, 0x000000061de00000|  0%| F|  |TAMS 0x000000061dc00000, 0x000000061dc00000| Untracked 
| 225|0x000000061de00000, 0x000000061de00000, 0x000000061e000000|  0%| F|  |TAMS 0x000000061de00000, 0x000000061de00000| Untracked 
| 226|0x000000061e000000, 0x000000061e000000, 0x000000061e200000|  0%| F|  |TAMS 0x000000061e000000, 0x000000061e000000| Untracked 
| 227|0x000000061e200000, 0x000000061e200000, 0x000000061e400000|  0%| F|  |TAMS 0x000000061e200000, 0x000000061e200000| Untracked 
| 228|0x000000061e400000, 0x000000061e400000, 0x000000061e600000|  0%| F|  |TAMS 0x000000061e400000, 0x000000061e400000| Untracked 
| 229|0x000000061e600000, 0x000000061e600000, 0x000000061e800000|  0%| F|  |TAMS 0x000000061e600000, 0x000000061e600000| Untracked 
| 230|0x000000061e800000, 0x000000061e800000, 0x000000061ea00000|  0%| F|  |TAMS 0x000000061e800000, 0x000000061e800000| Untracked 
| 231|0x000000061ea00000, 0x000000061ea00000, 0x000000061ec00000|  0%| F|  |TAMS 0x000000061ea00000, 0x000000061ea00000| Untracked 
| 232|0x000000061ec00000, 0x000000061ec00000, 0x000000061ee00000|  0%| F|  |TAMS 0x000000061ec00000, 0x000000061ec00000| Untracked 
| 233|0x000000061ee00000, 0x000000061ee00000, 0x000000061f000000|  0%| F|  |TAMS 0x000000061ee00000, 0x000000061ee00000| Untracked 
| 234|0x000000061f000000, 0x000000061f000000, 0x000000061f200000|  0%| F|  |TAMS 0x000000061f000000, 0x000000061f000000| Untracked 
| 235|0x000000061f200000, 0x000000061f200000, 0x000000061f400000|  0%| F|  |TAMS 0x000000061f200000, 0x000000061f200000| Untracked 
| 236|0x000000061f400000, 0x000000061f400000, 0x000000061f600000|  0%| F|  |TAMS 0x000000061f400000, 0x000000061f400000| Untracked 
| 237|0x000000061f600000, 0x000000061f600000, 0x000000061f800000|  0%| F|  |TAMS 0x000000061f600000, 0x000000061f600000| Untracked 
| 238|0x000000061f800000, 0x000000061f800000, 0x000000061fa00000|  0%| F|  |TAMS 0x000000061f800000, 0x000000061f800000| Untracked 
| 239|0x000000061fa00000, 0x000000061fa00000, 0x000000061fc00000|  0%| F|  |TAMS 0x000000061fa00000, 0x000000061fa00000| Untracked 
| 240|0x000000061fc00000, 0x000000061fc00000, 0x000000061fe00000|  0%| F|  |TAMS 0x000000061fc00000, 0x000000061fc00000| Untracked 
| 241|0x000000061fe00000, 0x000000061fe00000, 0x0000000620000000|  0%| F|  |TAMS 0x000000061fe00000, 0x000000061fe00000| Untracked 
| 242|0x0000000620000000, 0x0000000620000000, 0x0000000620200000|  0%| F|  |TAMS 0x0000000620000000, 0x0000000620000000| Untracked 
| 243|0x0000000620200000, 0x0000000620200000, 0x0000000620400000|  0%| F|  |TAMS 0x0000000620200000, 0x0000000620200000| Untracked 
| 244|0x0000000620400000, 0x0000000620400000, 0x0000000620600000|  0%| F|  |TAMS 0x0000000620400000, 0x0000000620400000| Untracked 
| 245|0x0000000620600000, 0x0000000620600000, 0x0000000620800000|  0%| F|  |TAMS 0x0000000620600000, 0x0000000620600000| Untracked 
| 246|0x0000000620800000, 0x0000000620800000, 0x0000000620a00000|  0%| F|  |TAMS 0x0000000620800000, 0x0000000620800000| Untracked 
| 247|0x0000000620a00000, 0x0000000620a00000, 0x0000000620c00000|  0%| F|  |TAMS 0x0000000620a00000, 0x0000000620a00000| Untracked 
| 248|0x0000000620c00000, 0x0000000620c00000, 0x0000000620e00000|  0%| F|  |TAMS 0x0000000620c00000, 0x0000000620c00000| Untracked 
| 249|0x0000000620e00000, 0x0000000620e00000, 0x0000000621000000|  0%| F|  |TAMS 0x0000000620e00000, 0x0000000620e00000| Untracked 
| 250|0x0000000621000000, 0x0000000621000000, 0x0000000621200000|  0%| F|  |TAMS 0x0000000621000000, 0x0000000621000000| Untracked 
| 251|0x0000000621200000, 0x0000000621200000, 0x0000000621400000|  0%| F|  |TAMS 0x0000000621200000, 0x0000000621200000| Untracked 
| 252|0x0000000621400000, 0x0000000621400000, 0x0000000621600000|  0%| F|  |TAMS 0x0000000621400000, 0x0000000621400000| Untracked 
| 253|0x0000000621600000, 0x0000000621600000, 0x0000000621800000|  0%| F|  |TAMS 0x0000000621600000, 0x0000000621600000| Untracked 
| 254|0x0000000621800000, 0x0000000621972918, 0x0000000621a00000| 72%| E|  |TAMS 0x0000000621800000, 0x0000000621800000| Complete 
| 255|0x0000000621a00000, 0x0000000621c00000, 0x0000000621c00000|100%| E|CS|TAMS 0x0000000621a00000, 0x0000000621a00000| Complete 

Card table byte_map: [0x0000020c385e0000,0x0000020c395e0000] _byte_map_base: 0x0000020c355d2000

Marking Bits (Prev, Next): (CMBitMap*) 0x0000020c1dc3d748, (CMBitMap*) 0x0000020c1dc3d788
 Prev Bits: [0x0000020c3a5e0000, 0x0000020c42570000)
 Next Bits: [0x0000020c42570000, 0x0000020c4a500000)

Polling page: 0x0000020c1dca0000

Metaspace:

Usage:
  Non-class:      4.35 MB capacity,     1.34 MB ( 31%) used,     3.02 MB ( 69%) free+waste,     2.19 KB ( <1%) overhead. 
      Class:    440.00 KB capacity,   132.01 KB ( 30%) used,   306.62 KB ( 70%) free+waste,     1.38 KB ( <1%) overhead. 
       Both:      4.78 MB capacity,     1.46 MB ( 31%) used,     3.31 MB ( 69%) free+waste,     3.56 KB ( <1%) overhead. 

Virtual space:
  Non-class space:        8.00 MB reserved,       4.50 MB ( 56%) committed 
      Class space:        1.00 GB reserved,     512.00 KB ( <1%) committed 
             Both:        1.01 GB reserved,       5.00 MB ( <1%) committed 

Chunk freelists:
   Non-Class:  23.00 KB
       Class:  8.00 KB
        Both:  31.00 KB

MaxMetaspaceSize: 17179869184.00 GB
CompressedClassSpaceSize: 1.00 GB

CodeHeap 'non-profiled nmethods': size=120000Kb used=81Kb max_used=81Kb free=119919Kb
 bounds [0x0000020c2f650000, 0x0000020c2f8c0000, 0x0000020c36b80000]
CodeHeap 'profiled nmethods': size=120000Kb used=336Kb max_used=336Kb free=119664Kb
 bounds [0x0000020c28120000, 0x0000020c28390000, 0x0000020c2f650000]
CodeHeap 'non-nmethods': size=5760Kb used=1222Kb max_used=1226Kb free=4537Kb
 bounds [0x0000020c27b80000, 0x0000020c27df0000, 0x0000020c28120000]
 total_blobs=773 nmethods=277 adapters=409
 compilation: enabled
              stopped_count=0, restarted_count=0
 full_count=0

Compilation events (20 events):
Event: 0.503 Thread 0x0000020c4d9bf000  268       3       java.lang.Class::getName (18 bytes)
Event: 0.503 Thread 0x0000020c4d9bf000 nmethod 268 0x0000020c28170690 code [0x0000020c28170840, 0x0000020c281709e8]
Event: 0.503 Thread 0x0000020c4d9bf000  269       3       java.lang.StringLatin1::indexOf (121 bytes)
Event: 0.504 Thread 0x0000020c4d9bf000 nmethod 269 0x0000020c28170a90 code [0x0000020c28170c60, 0x0000020c28171138]
Event: 0.504 Thread 0x0000020c4d9bf000  270       3       java.lang.String::lastIndexOf (29 bytes)
Event: 0.504 Thread 0x0000020c4d9bf000 nmethod 270 0x0000020c28171390 code [0x0000020c28171560, 0x0000020c28171818]
Event: 0.504 Thread 0x0000020c4d9bf000  271       3       java.lang.String::toString (2 bytes)
Event: 0.504 Thread 0x0000020c4d9bf000 nmethod 271 0x0000020c28171910 code [0x0000020c28171aa0, 0x0000020c28171bb8]
Event: 0.504 Thread 0x0000020c4d9bf000  272       3       java.util.zip.ZipUtils::LG (22 bytes)
Event: 0.505 Thread 0x0000020c4d9bf000 nmethod 272 0x0000020c28171c90 code [0x0000020c28171e40, 0x0000020c28172098]
Event: 0.506 Thread 0x0000020c4d9bf000  273       3       java.lang.String::lastIndexOf (12 bytes)
Event: 0.507 Thread 0x0000020c4d9bf000 nmethod 273 0x0000020c28172210 code [0x0000020c28172400, 0x0000020c28172818]
Event: 0.507 Thread 0x0000020c4d9bf000  274       3       java.lang.String::startsWith (7 bytes)
Event: 0.507 Thread 0x0000020c4d9bf000 nmethod 274 0x0000020c28172990 code [0x0000020c28172b40, 0x0000020c28172ca8]
Event: 0.507 Thread 0x0000020c4d9bf000  275       3       java.lang.AbstractStringBuilder::<init> (39 bytes)
Event: 0.507 Thread 0x0000020c4d9bf000 nmethod 275 0x0000020c28172d90 code [0x0000020c28172f40, 0x0000020c281731f8]
Event: 0.508 Thread 0x0000020c4d9bf000  276       3       java.lang.StringBuilder::toString (35 bytes)
Event: 0.509 Thread 0x0000020c4d9bf000 nmethod 276 0x0000020c28173310 code [0x0000020c28173500, 0x0000020c281739d8]
Event: 0.509 Thread 0x0000020c4d9bf000  277       3       java.util.Objects::requireNonNull (15 bytes)
Event: 0.509 Thread 0x0000020c4d9bf000 nmethod 277 0x0000020c28173b90 code [0x0000020c28173d40, 0x0000020c28173f28]

GC Heap History (0 events):
No events

Deoptimization events (8 events):
Event: 0.167 Thread 0x0000020c1dbb9000 Uncommon trap: trap_request=0xffffffde fr.pc=0x0000020c2f65d624 relative=0x00000000000008c4
Event: 0.167 Thread 0x0000020c1dbb9000 Uncommon trap: reason=class_check action=maybe_recompile pc=0x0000020c2f65d624 method=java.util.HashMap.putVal(ILjava/lang/Object;Ljava/lang/Object;ZZ)Ljava/lang/Object; @ 152 c2
Event: 0.167 Thread 0x0000020c1dbb9000 DEOPT PACKING pc=0x0000020c2f65d624 sp=0x000000f92fffe200
Event: 0.167 Thread 0x0000020c1dbb9000 DEOPT UNPACKING pc=0x0000020c27bc912f sp=0x000000f92fffe180 mode 2
Event: 0.181 Thread 0x0000020c1dbb9000 Uncommon trap: trap_request=0xffffff45 fr.pc=0x0000020c2f65df44 relative=0x0000000000000084
Event: 0.181 Thread 0x0000020c1dbb9000 Uncommon trap: reason=unstable_if action=reinterpret pc=0x0000020c2f65df44 method=java.lang.String.isLatin1()Z @ 10 c2
Event: 0.181 Thread 0x0000020c1dbb9000 DEOPT PACKING pc=0x0000020c2f65df44 sp=0x000000f92fffebd0
Event: 0.181 Thread 0x0000020c1dbb9000 DEOPT UNPACKING pc=0x0000020c27bc912f sp=0x000000f92fffeb10 mode 2

Classes unloaded (0 events):
No events

Classes redefined (0 events):
No events

Internal exceptions (2 events):
Event: 0.199 Thread 0x0000020c1dbb9000 Exception <a 'sun/nio/fs/WindowsException'{0x000000062180d648}> (0x000000062180d648) 
thrown [./open/src/hotspot/share/prims/jni.cpp, line 599]
Event: 0.277 Thread 0x0000020c1dbb9000 Exception <a 'sun/nio/fs/WindowsException'{0x0000000621820bf0}> (0x0000000621820bf0) 
thrown [./open/src/hotspot/share/prims/jni.cpp, line 599]

Events (20 events):
Event: 0.203 loading class java/nio/channels/Channels$1
Event: 0.203 loading class java/nio/DirectByteBuffer$Deallocator done
Event: 0.203 loading class java/nio/channels/Channels$1 done
Event: 0.203 loading class java/nio/channels/SelectableChannel
Event: 0.203 loading class java/nio/channels/SelectableChannel done
Event: 0.203 Executing VM operation: HandshakeOneThread
Event: 0.204 Executing VM operation: HandshakeOneThread done
Event: 0.204 loading class sun/nio/ch/IOStatus
Event: 0.204 loading class sun/nio/ch/IOStatus done
Event: 0.265 Loaded shared library C:\Users\Dell Precision\AppData\Local\Temp\jimgui1619412900783\jimgui.dll
Event: 0.266 Thread 0x0000020c4dafe000 Thread exited: 0x0000020c4dafe000
Event: 0.268 loading class java/io/FilePermission$1
Event: 0.268 loading class jdk/internal/access/JavaIOFilePermissionAccess
Event: 0.268 loading class jdk/internal/access/JavaIOFilePermissionAccess done
Event: 0.268 loading class java/io/FilePermission$1 done
Event: 0.318 Loaded shared library C:\Users\Dell Precision\AppData\Local\Temp\jimgui1619412900861\jimgui-dx11.dll
Event: 0.321 Executing VM operation: HandshakeOneThread
Event: 0.321 Executing VM operation: HandshakeOneThread done
Event: 0.331 loading class java/lang/InterruptedException
Event: 0.331 loading class java/lang/InterruptedException done


Dynamic libraries:
0x00007ff612980000 - 0x00007ff61298d000 	C:\Users\Dell Precision\.jdks\openjdk-14.0.2\bin\java.exe
0x00007ff829230000 - 0x00007ff829425000 	C:\WINDOWS\SYSTEM32\ntdll.dll
0x00007ff828610000 - 0x00007ff8286cd000 	C:\WINDOWS\System32\KERNEL32.DLL
0x00007ff826d80000 - 0x00007ff827048000 	C:\WINDOWS\System32\KERNELBASE.dll
0x00007ff827190000 - 0x00007ff827290000 	C:\WINDOWS\System32\ucrtbase.dll
0x00007ff821530000 - 0x00007ff821548000 	C:\Users\Dell Precision\.jdks\openjdk-14.0.2\bin\jli.dll
0x00007ff8213b0000 - 0x00007ff8213c5000 	C:\Users\Dell Precision\.jdks\openjdk-14.0.2\bin\VCRUNTIME140.dll
0x00007ff827400000 - 0x00007ff8275a0000 	C:\WINDOWS\System32\USER32.dll
0x00007ff818bc0000 - 0x00007ff818e5a000 	C:\WINDOWS\WinSxS\amd64_microsoft.windows.common-controls_6595b64144ccf1df_6.0.19041.844_none_ca00b6081b84eb1d\COMCTL32.dll
0x00007ff827160000 - 0x00007ff827182000 	C:\WINDOWS\System32\win32u.dll
0x00007ff8286d0000 - 0x00007ff82876e000 	C:\WINDOWS\System32\msvcrt.dll
0x00007ff827fe0000 - 0x00007ff82800a000 	C:\WINDOWS\System32\GDI32.dll
0x00007ff827050000 - 0x00007ff82715b000 	C:\WINDOWS\System32\gdi32full.dll
0x00007ff826ce0000 - 0x00007ff826d7d000 	C:\WINDOWS\System32\msvcp_win.dll
0x00007ff8290a0000 - 0x00007ff8290d0000 	C:\WINDOWS\System32\IMM32.DLL
0x00007ff81eea0000 - 0x00007ff81ef3b000 	C:\Users\Dell Precision\.jdks\openjdk-14.0.2\bin\msvcp140.dll
0x00007fffc5c00000 - 0x00007fffc671e000 	C:\Users\Dell Precision\.jdks\openjdk-14.0.2\bin\server\jvm.dll
0x00007ff827290000 - 0x00007ff82733c000 	C:\WINDOWS\System32\ADVAPI32.dll
0x00007ff828300000 - 0x00007ff82839b000 	C:\WINDOWS\System32\sechost.dll
0x00007ff827eb0000 - 0x00007ff827fdb000 	C:\WINDOWS\System32\RPCRT4.dll
0x00007ff828cd0000 - 0x00007ff828cd8000 	C:\WINDOWS\System32\PSAPI.DLL
0x00007ff80b510000 - 0x00007ff80b519000 	C:\WINDOWS\SYSTEM32\WSOCK32.dll
0x00007ff81aeb0000 - 0x00007ff81aed7000 	C:\WINDOWS\SYSTEM32\WINMM.dll
0x00007ff8283a0000 - 0x00007ff82840b000 	C:\WINDOWS\System32\WS2_32.dll
0x00007ff81cf90000 - 0x00007ff81cf9a000 	C:\WINDOWS\SYSTEM32\VERSION.dll
0x00007ff824920000 - 0x00007ff824932000 	C:\WINDOWS\SYSTEM32\kernel.appcore.dll
0x00007ff821370000 - 0x00007ff82137a000 	C:\Users\Dell Precision\.jdks\openjdk-14.0.2\bin\jimage.dll
0x00007ff8242e0000 - 0x00007ff8244c4000 	C:\WINDOWS\SYSTEM32\DBGHELP.DLL
0x00007ff81c980000 - 0x00007ff81c9ac000 	C:\WINDOWS\SYSTEM32\dbgcore.DLL
0x00007ff826a00000 - 0x00007ff826a80000 	C:\WINDOWS\System32\bcryptPrimitives.dll
0x00007ff821360000 - 0x00007ff82136e000 	C:\Users\Dell Precision\.jdks\openjdk-14.0.2\bin\instrument.dll
0x00007ff8208c0000 - 0x00007ff8208e5000 	C:\Users\Dell Precision\.jdks\openjdk-14.0.2\bin\java.dll
0x00007ff821240000 - 0x00007ff821256000 	C:\Users\Dell Precision\.jdks\openjdk-14.0.2\bin\zip.dll
0x00007ff8275a0000 - 0x00007ff827ce2000 	C:\WINDOWS\System32\SHELL32.dll
0x00007ff824a90000 - 0x00007ff825221000 	C:\WINDOWS\SYSTEM32\windows.storage.dll
0x00007ff828d40000 - 0x00007ff829095000 	C:\WINDOWS\System32\combase.dll
0x00007ff8262f0000 - 0x00007ff82631c000 	C:\WINDOWS\SYSTEM32\Wldp.dll
0x00007ff828430000 - 0x00007ff8284de000 	C:\WINDOWS\System32\SHCORE.dll
0x00007ff828ce0000 - 0x00007ff828d35000 	C:\WINDOWS\System32\shlwapi.dll
0x00007ff8268b0000 - 0x00007ff8268cf000 	C:\WINDOWS\SYSTEM32\profapi.dll
0x00007ff821190000 - 0x00007ff8211a9000 	C:\Users\Dell Precision\.jdks\openjdk-14.0.2\bin\net.dll
0x00007ff81d6a0000 - 0x00007ff81d7ab000 	C:\WINDOWS\SYSTEM32\WINHTTP.dll
0x00007ff826070000 - 0x00007ff8260da000 	C:\WINDOWS\system32\mswsock.dll
0x00007ff8208a0000 - 0x00007ff8208b2000 	C:\Users\Dell Precision\.jdks\openjdk-14.0.2\bin\nio.dll
0x00007ff81b5d0000 - 0x00007ff81b5ea000 	C:\Program Files\JetBrains\IntelliJ IDEA Community Edition 2020.2.1\bin\breakgen64.dll
0x00007fffebd70000 - 0x00007fffebe8a000 	C:\Users\Dell Precision\AppData\Local\Temp\jimgui1619412900783\jimgui.dll
0x00007ff8242b0000 - 0x00007ff8242df000 	C:\WINDOWS\SYSTEM32\dwmapi.dll
0x00007ff81e2d0000 - 0x00007ff81e2dc000 	C:\WINDOWS\SYSTEM32\VCRUNTIME140_1.dll
0x00007ff81a600000 - 0x00007ff81a61c000 	C:\Users\Dell Precision\AppData\Local\Temp\jimgui1619412900861\jimgui-dx11.dll
0x00007ff822b30000 - 0x00007ff822d94000 	C:\WINDOWS\SYSTEM32\d3d11.dll
0x00007ff8226d0000 - 0x00007ff822b2d000 	C:\WINDOWS\SYSTEM32\D3DCOMPILER_47.dll
0x00007ff825290000 - 0x00007ff825383000 	C:\WINDOWS\SYSTEM32\dxgi.dll
0x00007ff826240000 - 0x00007ff826258000 	C:\WINDOWS\SYSTEM32\CRYPTSP.dll
0x00007ff824020000 - 0x00007ff8240be000 	C:\WINDOWS\system32\uxtheme.dll
0x00007ff8290d0000 - 0x00007ff8291e5000 	C:\WINDOWS\System32\MSCTF.dll
0x00007ff828150000 - 0x00007ff82821d000 	C:\WINDOWS\System32\OLEAUT32.dll
0x00007ff8163c0000 - 0x00007ff817a3d000 	C:\WINDOWS\System32\DriverStore\FileRepository\iigd_dch.inf_amd64_a086f01cc7be643a\igd10iumd64.dll
0x00007ff828020000 - 0x00007ff82814a000 	C:\WINDOWS\System32\ole32.dll
0x00007ff826970000 - 0x00007ff826997000 	C:\WINDOWS\System32\bcrypt.dll
0x00007ff826360000 - 0x00007ff826387000 	C:\WINDOWS\SYSTEM32\ncrypt.dll
0x00007ff826320000 - 0x00007ff82635b000 	C:\WINDOWS\SYSTEM32\NTASN1.dll
0x00007ff816180000 - 0x00007ff8163bf000 	C:\WINDOWS\System32\DriverStore\FileRepository\iigd_dch.inf_amd64_a086f01cc7be643a\igdgmm64.dll
0x00007ff813510000 - 0x00007ff816172000 	C:\WINDOWS\System32\DriverStore\FileRepository\iigd_dch.inf_amd64_a086f01cc7be643a\igc64.dll
0x00007ff817a40000 - 0x00007ff817a7b000 	C:\WINDOWS\SYSTEM32\dxcore.dll
0x00007ff826c90000 - 0x00007ff826cde000 	C:\WINDOWS\System32\cfgmgr32.dll
0x00007ff8120b0000 - 0x00007ff8121a9000 	C:\WINDOWS\SYSTEM32\textinputframework.dll
0x00007ff823580000 - 0x00007ff8238de000 	C:\WINDOWS\System32\CoreUIComponents.dll
0x00007ff825690000 - 0x00007ff8256c3000 	C:\WINDOWS\SYSTEM32\ntmarta.dll
0x00007ff823c60000 - 0x00007ff823d52000 	C:\WINDOWS\System32\CoreMessaging.dll
0x00007ff822560000 - 0x00007ff8226b4000 	C:\WINDOWS\SYSTEM32\wintypes.dll
0x00007ff81a5e0000 - 0x00007ff81a5f1000 	C:\WINDOWS\SYSTEM32\xinput1_4.dll
0x00007ff826690000 - 0x00007ff8266bc000 	C:\WINDOWS\SYSTEM32\DEVOBJ.dll
0x00007ff811f50000 - 0x00007ff8120a2000 	C:\WINDOWS\SYSTEM32\inputhost.dll
0x00007ff822230000 - 0x00007ff822327000 	C:\WINDOWS\SYSTEM32\PROPSYS.dll

dbghelp: loaded successfully - version: 4.0.5 - missing functions: none
symbol engine: initialized successfully - sym options: 0x614 - pdb path: .;C:\Users\Dell Precision\.jdks\openjdk-14.0.2\bin;C:\WINDOWS\SYSTEM32;C:\WINDOWS\WinSxS\amd64_microsoft.windows.common-controls_6595b64144ccf1df_6.0.19041.844_none_ca00b6081b84eb1d;C:\Users\Dell Precision\.jdks\openjdk-14.0.2\bin\server;C:\Program Files\JetBrains\IntelliJ IDEA Community Edition 2020.2.1\bin;C:\Users\Dell Precision\AppData\Local\Temp\jimgui1619412900783;C:\Users\Dell Precision\AppData\Local\Temp\jimgui1619412900861;C:\WINDOWS\System32\DriverStore\FileRepository\iigd_dch.inf_amd64_a086f01cc7be643a

VM Arguments:
jvm_args: -javaagent:C:\Program Files\JetBrains\IntelliJ IDEA Community Edition 2020.2.1\lib\idea_rt.jar=58963:C:\Program Files\JetBrains\IntelliJ IDEA Community Edition 2020.2.1\bin -Dfile.encoding=UTF-8 
java_command: main
java_class_path (initial): C:\Users\Dell Precision\IdeaProjects\panel\out\production\panel;C:\Users\Dell Precision\IdeaProjects\panel\res\jimgui-core-v0.20.3.jar
Launcher Type: SUN_STANDARD

[Global flags]
     intx CICompilerCount                          = 4                                         {product} {ergonomic}
     uint ConcGCThreads                            = 2                                         {product} {ergonomic}
     uint G1ConcRefinementThreads                  = 8                                         {product} {ergonomic}
   size_t G1HeapRegionSize                         = 2097152                                   {product} {ergonomic}
    uintx GCDrainStackTargetSize                   = 64                                        {product} {ergonomic}
   size_t InitialHeapSize                          = 536870912                                 {product} {ergonomic}
   size_t MarkStackSize                            = 4194304                                   {product} {ergonomic}
   size_t MaxHeapSize                              = 8560574464                                {product} {ergonomic}
   size_t MaxNewSize                               = 5135925248                                {product} {ergonomic}
   size_t MinHeapDeltaBytes                        = 2097152                                   {product} {ergonomic}
   size_t MinHeapSize                              = 8388608                                   {product} {ergonomic}
    uintx NonNMethodCodeHeapSize                   = 5839372                                {pd product} {ergonomic}
    uintx NonProfiledCodeHeapSize                  = 122909434                              {pd product} {ergonomic}
    uintx ProfiledCodeHeapSize                     = 122909434                              {pd product} {ergonomic}
    uintx ReservedCodeCacheSize                    = 251658240                              {pd product} {ergonomic}
     bool SegmentedCodeCache                       = true                                      {product} {ergonomic}
   size_t SoftMaxHeapSize                          = 8560574464                             {manageable} {ergonomic}
     bool UseCompressedClassPointers               = true                                 {lp64_product} {ergonomic}
     bool UseCompressedOops                        = true                                 {lp64_product} {ergonomic}
     bool UseG1GC                                  = true                                      {product} {ergonomic}
     bool UseLargePagesIndividualAllocation        = false                                  {pd product} {ergonomic}

Logging:
Log output configuration:
 #0: stdout all=warning uptime,level,tags
 #1: stderr all=off uptime,level,tags

Environment Variables:
PATH=C:\Program Files\Git\usr\local\bin;C:\Program Files\Java\jdk-11.0.2\bin;C:\Program Files\Git\bin;C:\Python39\Scripts\;C:\Python39\;C:\Program Files\Common Files\Oracle\Java\javapath;C:\WINDOWS\system32;C:\WINDOWS;C:\WINDOWS\System32\Wbem;C:\WINDOWS\System32\WindowsPowerShell\v1.0\;C:\WINDOWS\System32\OpenSSH\;C:\jdk-11\bin;C:\Program Files\Git\cmd;C:\javafx-sdk-11.0.2;C:\Program Files\dotnet\;C:\Program Files\Microsoft SQL Server\130\Tools\Binn\;C:\Program Files\Microsoft SQL Server\Client SDK\ODBC\170\Tools\Binn\;C:\Program Files\nodejs\;C:\ProgramData\chocolatey\bin;C:\Users\Dell Precision\AppData\Local\Microsoft\WindowsApps;C:\jdk-11\bin;C:\javafx-sdk-11.0.2;C:\Users\Dell Precision\.dotnet\tools;C:\Users\Dell Precision\AppData\Local\Programs\Microsoft VS Code\bin;C:\Users\Dell Precision\AppData\Roaming\npm;
USERNAME=Dell Precision
OS=Windows_NT
PROCESSOR_IDENTIFIER=Intel64 Family 6 Model 158 Stepping 9, GenuineIntel



---------------  S Y S T E M  ---------------

OS: Windows 10 , 64 bit Build 19041 (10.0.19041.928)
OS uptime: 7 days 22:03 hours

CPU:total 8 (initial active 8) (4 cores per cpu, 2 threads per core) family 6 model 158 stepping 9, cmov, cx8, fxsr, mmx, sse, sse2, sse3, ssse3, sse4.1, sse4.2, popcnt, avx, avx2, aes, clmul, erms, rtm, 3dnowpref, lzcnt, ht, tsc, tscinvbit, bmi1, bmi2, adx, fma

Memory: 4k page, system-wide physical 32649M (21049M free)
TotalPageFile size 37513M (AvailPageFile size 21243M)
current process WorkingSet (physical memory assigned to process): 59M, peak: 59M
current process commit charge ("private bytes"): 630M, peak: 631M

vm_info: OpenJDK 64-Bit Server VM (14.0.2+12-46) for windows-amd64 JRE (14.0.2+12-46), built on Jul  9 2020 00:31:16 by "mach5one" with MS VC++ 15.9 (VS2017)

END.
